APPLICATION	CarMaker 15.0 - Car_Generic #5 (win64-15.0)
COMPILED	jetbrains@02480bbb4087 2025-11-17 12:42:15
 
		I/O Configuration: default
		A3:10.21.80.53.128 registered (port 11500)
SIM_START	11/04	2026-04-11 03:43:44
TIME	0.001
		Environment Generic: model disabled for entire Test Run (works only on route)
		Road Sensor: evaluation of route/path disabled (works only on route)
ERROR		Traffic object 0: Invalid Route ObjId
		Current random seed value = 1775859224
ERROR		CM_Main.cpp: Initialization failed (CM_Main_Begin()=-3)
SIM_ABORT	11/04	0s	0m
APPLICATION	CarMaker 15.0 - Car_Generic #5 (win64-15.0)
COMPILED	jetbrains@02480bbb4087 2025-11-17 12:42:15
 
		I/O Configuration: default
		A3:10.21.80.53.128 registered (port 11500)
SIM_START	11/04	2026-04-11 03:45:06
TIME	0.001
		Environment Generic: model disabled for entire Test Run (works only on route)
		Road Sensor: evaluation of route/path disabled (works only on route)
		Current random seed value = 1775859306
TIME	0.000
SIMULATE	11/04

WARNING		RSDA client not running on simulation start!
TIME	28.983
SIM_END		11/04	28.983s	222.244m
APPLICATION	CarMaker 15.0 - Car_Generic #5 (win64-15.0)
COMPILED	jetbrains@02480bbb4087 2025-11-17 12:42:15
 
		I/O Configuration: default
		A3:10.21.80.53.128 registered (port 11500)
SIM_START	11/04	2026-04-11 03:46:01
TIME	0.001
		Environment Generic: model disabled for entire Test Run (works only on route)
		Road Sensor: evaluation of route/path disabled (works only on route)
		Current random seed value = 1775859361
TIME	0.000
SIMULATE	11/04

WARNING		RSDA client not running on simulation start!
TIME	28.983
SIM_END		11/04	28.983s	222.244m
APPLICATION	CarMaker 15.0 - Car_Generic #5 (win64-15.0)
COMPILED	jetbrains@02480bbb4087 2025-11-17 12:42:15
 
		I/O Configuration: default
SIM_START	11/04	2026-04-11 03:54:36
TIME	0.001
		Environment Generic: model disabled for entire Test Run (works only on route)
		Road Sensor: evaluation of route/path disabled (works only on route)
		Current random seed value = 1775859876
TIME	0.000
SIMULATE	11/04

TIME	28.531
SIM_END		11/04	28.531s	222.096m
