APPLICATION	CarMaker 15.0 - Car_Generic #5 (win64-15.0)
COMPILED	jetbrains@02480bbb4087 2025-11-17 12:42:15
 
		I/O Configuration: default
		A2:10.21.83.120.128 registered (port 11500)
SIM_START	Man_Autonomous_10/04	2026-04-11 16:49:34
TIME	0.001
		Environment Generic: model disabled for entire Test Run (works only on route)
		Road Sensor: evaluation of route/path disabled (works only on route)
TIME	0.000
SIMULATE	Man_Autonomous_10/04

TIME	2.533
SIM_END		Man_Autonomous_10/04	0s	0m
APPLICATION	CarMaker 15.0 - Car_Generic #5 (win64-15.0)
COMPILED	jetbrains@02480bbb4087 2025-11-17 12:42:15
 
		I/O Configuration: default
		A3:10.21.83.120.1 registered (port 11021)
SIM_START	Man_Autonomous_10/04	2026-04-11 16:49:51
TIME	0.001
		Environment Generic: model disabled for entire Test Run (works only on route)
		Road Sensor: evaluation of route/path disabled (works only on route)
TIME	0.000
SIMULATE	Man_Autonomous_10/04

ERROR		GPUSensor A3:10.21.83.120.1: Connection lost
SIM_ABORT	Man_Autonomous_10/04	0.06s	1.28286e-05m
APPLICATION	CarMaker 15.0 - Car_Generic #5 (win64-15.0)
COMPILED	jetbrains@02480bbb4087 2025-11-17 12:42:15
 
		I/O Configuration: default
		A6:10.21.83.120.128 registered (port 11500)
SIM_START	Man_Autonomous_10/04	2026-04-11 16:53:27
TIME	0.001
		Environment Generic: model disabled for entire Test Run (works only on route)
		Road Sensor: evaluation of route/path disabled (works only on route)
TIME	0.000
SIMULATE	Man_Autonomous_10/04

ERROR		GPUSensor A6:10.21.83.120.128: Connection lost
SIM_ABORT	Man_Autonomous_10/04	0.183s	0.000187144m
APPLICATION	CarMaker 15.0 - Car_Generic #5 (win64-15.0)
COMPILED	jetbrains@02480bbb4087 2025-11-17 12:42:15
 
		I/O Configuration: default
		A7:10.21.83.120.1 registered (port 11021)
SIM_START	Man_Autonomous_10/04	2026-04-11 16:53:52
TIME	0.001
		Environment Generic: model disabled for entire Test Run (works only on route)
		Road Sensor: evaluation of route/path disabled (works only on route)
TIME	0.000
SIMULATE	Man_Autonomous_10/04

ERROR		GPUSensor A7:10.21.83.120.1: Connection lost
SIM_ABORT	Man_Autonomous_10/04	0.06s	1.28286e-05m
APPLICATION	CarMaker 15.0 - Car_Generic #5 (win64-15.0)
COMPILED	jetbrains@02480bbb4087 2025-11-17 12:42:15
 
		I/O Configuration: default
		A10:10.21.83.120.1 registered (port 11021)
SIM_START	Man_Autonomous_10/04	2026-04-11 16:59:15
TIME	0.001
		Environment Generic: model disabled for entire Test Run (works only on route)
		Road Sensor: evaluation of route/path disabled (works only on route)
TIME	0.000
SIMULATE	Man_Autonomous_10/04

ERROR		GPUSensor A10:10.21.83.120.1: Connection lost
SIM_ABORT	Man_Autonomous_10/04	0.06s	3.91288e-06m
APPLICATION	CarMaker 15.0 - Car_Generic #5 (win64-15.0)
COMPILED	jetbrains@02480bbb4087 2025-11-17 12:42:15
 
		I/O Configuration: default
		A12:10.21.83.120.128 registered (port 11500)
SIM_START	Man_Autonomous_10/04	2026-04-11 17:02:59
TIME	0.001
		Environment Generic: model disabled for entire Test Run (works only on route)
		Road Sensor: evaluation of route/path disabled (works only on route)
TIME	0.000
SIMULATE	Man_Autonomous_10/04

WARNING		RSDA client not running on simulation start!
TIME	9.242
ERROR		GPUSensor A12:10.21.83.120.128: Connection lost
SIM_ABORT	Man_Autonomous_10/04	9.245s	51.9393m
APPLICATION	CarMaker 15.0 - Car_Generic #5 (win64-15.0)
COMPILED	jetbrains@02480bbb4087 2025-11-17 12:42:15
 
		I/O Configuration: default
		A13:10.21.83.120.128 registered (port 11500)
SIM_START	Man_Autonomous_10/04	2026-04-11 17:03:32
TIME	0.001
		Environment Generic: model disabled for entire Test Run (works only on route)
		Road Sensor: evaluation of route/path disabled (works only on route)
TIME	0.000
SIMULATE	Man_Autonomous_10/04

WARNING		RSDA client not running on simulation start!
TIME	75.953
SIM_END		Man_Autonomous_10/04	75.95s	618.1m
APPLICATION	CarMaker 15.0 - Car_Generic #5 (win64-15.0)
COMPILED	jetbrains@02480bbb4087 2025-11-17 12:42:15
 
		I/O Configuration: default
		A13:10.21.83.120.128 registered (port 11500)
SIM_START	Man_Autonomous_10/04	2026-04-11 17:06:12
TIME	0.001
		Environment Generic: model disabled for entire Test Run (works only on route)
		Road Sensor: evaluation of route/path disabled (works only on route)
TIME	0.000
SIMULATE	Man_Autonomous_10/04

WARNING		RSDA client not running on simulation start!
TIME	286.297
SIM_END		Man_Autonomous_10/04	286.294s	2372.89m
