APPLICATION	CarMaker 15.0 - Car_Generic #5 (win64-15.0)
COMPILED	jetbrains@02480bbb4087 2025-11-17 12:42:15
 
		I/O Configuration: default
		A3:10.21.80.53.128 registered (port 11500)
SIM_START	Man_Autonomous_10/04	2026-04-10 22:13:05
TIME	0.001
		Environment Generic: model disabled for entire Test Run (works only on route)
		Road Sensor: evaluation of route/path disabled (works only on route)
TIME	0.000
SIMULATE	Man_Autonomous_10/04

WARNING		RSDA client not running on simulation start!
TIME	4.986
SIM_END		Man_Autonomous_10/04	4.983s	15.0992m
APPLICATION	CarMaker 15.0 - Car_Generic #5 (win64-15.0)
COMPILED	jetbrains@02480bbb4087 2025-11-17 12:42:15
 
		I/O Configuration: default
		A3:10.21.80.53.128 registered (port 11500)
SIM_START	Man_Autonomous_10/04	2026-04-10 22:13:33
TIME	0.001
		Environment Generic: model disabled for entire Test Run (works only on route)
		Road Sensor: evaluation of route/path disabled (works only on route)
TIME	0.000
SIMULATE	Man_Autonomous_10/04

WARNING		RSDA client not running on simulation start!
TIME	131.730
SIM_END		Man_Autonomous_10/04	131.727s	1084.38m
APPLICATION	CarMaker 15.0 - Car_Generic #5 (win64-15.0)
COMPILED	jetbrains@02480bbb4087 2025-11-17 12:42:15
 
		I/O Configuration: default
		A3:10.21.80.53.128 registered (port 11500)
SIM_START	Man_Autonomous_10/04	2026-04-10 22:17:30
TIME	0.001
		Environment Generic: model disabled for entire Test Run (works only on route)
		Road Sensor: evaluation of route/path disabled (works only on route)
TIME	0.000
SIMULATE	Man_Autonomous_10/04

WARNING		RSDA client not running on simulation start!
TIME	22.790
SIM_END		Man_Autonomous_10/04	22.787s	168.666m
APPLICATION	CarMaker 15.0 - Car_Generic #5 (win64-15.0)
COMPILED	jetbrains@02480bbb4087 2025-11-17 12:42:15
 
		I/O Configuration: default
		A3:10.21.80.53.128 registered (port 11500)
SIM_START	Man_Autonomous_10/04	2026-04-10 22:27:27
TIME	0.001
		Environment Generic: model disabled for entire Test Run (works only on route)
		Road Sensor: evaluation of route/path disabled (works only on route)
TIME	0.000
SIMULATE	Man_Autonomous_10/04

WARNING		RSDA client not running on simulation start!
SIM_END		Man_Autonomous_10/04	0.914s	0.000646517m
APPLICATION	CarMaker 15.0 - Car_Generic #5 (win64-15.0)
COMPILED	jetbrains@02480bbb4087 2025-11-17 12:42:15
 
		I/O Configuration: default
		A4:10.21.80.53.128 registered (port 11500)
SIM_START	Man_Autonomous_10/04	2026-04-10 22:51:27
TIME	0.001
		Environment Generic: model disabled for entire Test Run (works only on route)
		Road Sensor: evaluation of route/path disabled (works only on route)
TIME	0.000
SIMULATE	Man_Autonomous_10/04

TIME	10.404
SIM_END		Man_Autonomous_10/04	10.401s	61.9909m
APPLICATION	CarMaker 15.0 - Car_Generic #5 (win64-15.0)
COMPILED	jetbrains@02480bbb4087 2025-11-17 12:42:15
 
		I/O Configuration: default
		A4:10.21.80.53.128 registered (port 11500)
SIM_START	Man_Autonomous_10/04	2026-04-10 22:51:46
TIME	0.001
		Environment Generic: model disabled for entire Test Run (works only on route)
		Road Sensor: evaluation of route/path disabled (works only on route)
TIME	0.000
SIMULATE	Man_Autonomous_10/04

TIME	144.997
SIM_END		Man_Autonomous_10/04	144.994s	1195.04m
APPLICATION	CarMaker 15.0 - Car_Generic #5 (win64-15.0)
COMPILED	jetbrains@02480bbb4087 2025-11-17 12:42:15
 
		I/O Configuration: default
		A4:10.21.80.53.128 registered (port 11500)
SIM_START	Man_Autonomous_10/04	2026-04-10 23:00:52
TIME	0.001
		Environment Generic: model disabled for entire Test Run (works only on route)
		Road Sensor: evaluation of route/path disabled (works only on route)
TIME	0.000
SIMULATE	Man_Autonomous_10/04

TIME	10.335
SIM_END		Man_Autonomous_10/04	10.332s	61.393m
APPLICATION	CarMaker 15.0 - Car_Generic #5 (win64-15.0)
COMPILED	jetbrains@02480bbb4087 2025-11-17 12:42:15
 
		I/O Configuration: default
		A4:10.21.80.53.128 registered (port 11500)
SIM_START	Man_Autonomous_10/04	2026-04-10 23:02:43
TIME	0.001
		Environment Generic: model disabled for entire Test Run (works only on route)
		Road Sensor: evaluation of route/path disabled (works only on route)
TIME	0.000
SIMULATE	Man_Autonomous_10/04

TIME	3.954
SIM_END		Man_Autonomous_10/04	3.951s	6.90649m
