APPLICATION	CarMaker 15.0 - Car_Generic #5 (win64-15.0)
COMPILED	jetbrains@02480bbb4087 2025-11-17 12:42:15
 
		I/O Configuration: default
		A3:10.21.80.54.128 registered (port 11500)
SIM_START	AEB_IPG	2026-04-12 02:21:57
TIME	0.001
		Environment Generic: model disabled for entire Test Run (works only on route)
		Road Sensor: evaluation of route/path disabled (works only on route)
		Current random seed value = 1775940717
TIME	0.000
SIMULATE	AEB_IPG

TIME	26.288
SIM_END		AEB_IPG	26.285s	76.1505m
APPLICATION	CarMaker 15.0 - Car_Generic #5 (win64-15.0)
COMPILED	jetbrains@02480bbb4087 2025-11-17 12:42:15
 
		I/O Configuration: default
		A3:10.21.80.54.128 registered (port 11500)
SIM_START	AEB_IPG	2026-04-12 02:23:49
TIME	0.001
		Environment Generic: model disabled for entire Test Run (works only on route)
		Road Sensor: evaluation of route/path disabled (works only on route)
		Current random seed value = 1775940829
TIME	0.000
SIMULATE	AEB_IPG

TIME	24.123
SIM_END		AEB_IPG	24.12s	77.8496m
