APPLICATION	CarMaker 15.0 - Car_Generic #5 (win64-15.0)
COMPILED	jetbrains@02480bbb4087 2025-11-17 12:42:15
 
		I/O Configuration: default
		A3:10.21.80.53.128 registered (port 11501)
SIM_START	Man_Autonomous_10/04	2026-04-10 21:37:18
TIME	0.001
		Environment Generic: model disabled for entire Test Run (works only on route)
		Road Sensor: evaluation of route/path disabled (works only on route)
TIME	0.000
SIMULATE	Man_Autonomous_10/04

TIME	226.622
SIM_END		Man_Autonomous_10/04	226.619s	1875.58m
APPLICATION	CarMaker 15.0 - Car_Generic #5 (win64-15.0)
COMPILED	jetbrains@02480bbb4087 2025-11-17 12:42:15
 
		I/O Configuration: default
		A3:10.21.80.53.128 registered (port 11501)
		A4:10.21.80.53.128 registered (port 11500)
SIM_START	Man_Autonomous_10/04	2026-04-10 22:03:05
TIME	0.001
		Environment Generic: model disabled for entire Test Run (works only on route)
		Road Sensor: evaluation of route/path disabled (works only on route)
WARNING		RSDA server: Error while starting RSDA Server for GPU Sensor (host=harsh port=2212): 'The bound address is already in use'
WARNING		Unknown APO msg 03 fc ff ff 63 6f 6e 66 (''), len=31, ch=1
TIME	0.000
SIMULATE	Man_Autonomous_10/04

WARNING		RSDA client not running on simulation start!
WARNING		RSDA client not running on simulation start!
SIM_END		Man_Autonomous_10/04	0s	0m
APPLICATION	CarMaker 15.0 - Car_Generic #5 (win64-15.0)
COMPILED	jetbrains@02480bbb4087 2025-11-17 12:42:15
 
		I/O Configuration: default
		A3:10.21.80.53.128 registered (port 11501)
		A4:10.21.80.53.128 registered (port 11500)
SIM_START	Man_Autonomous_10/04	2026-04-10 22:03:37
TIME	0.001
		Environment Generic: model disabled for entire Test Run (works only on route)
		Road Sensor: evaluation of route/path disabled (works only on route)
ERROR		GPUSensor: Instance 128 has not registered with the SimProg
ERROR		SensorCluster: Could not get GPUSensor ID Mapping.
ERROR		CM_Main.cpp: Initialization failed (CM_Main_Begin()=-3)
SIM_ABORT	Man_Autonomous_10/04	0s	0m
APPLICATION	CarMaker 15.0 - Car_Generic #5 (win64-15.0)
COMPILED	jetbrains@02480bbb4087 2025-11-17 12:42:15
 
		I/O Configuration: default
		A3:10.21.80.53.128 registered (port 11501)
		A4:10.21.80.53.128 registered (port 11500)
SIM_START	Man_Autonomous_10/04	2026-04-10 22:03:58
TIME	0.001
		Environment Generic: model disabled for entire Test Run (works only on route)
		Road Sensor: evaluation of route/path disabled (works only on route)
ERROR		GPUSensor: Instance 128 has not registered with the SimProg
ERROR		SensorCluster: Could not get GPUSensor ID Mapping.
ERROR		CM_Main.cpp: Initialization failed (CM_Main_Begin()=-3)
SIM_ABORT	Man_Autonomous_10/04	0s	0m
APPLICATION	CarMaker 15.0 - Car_Generic #5 (win64-15.0)
COMPILED	jetbrains@02480bbb4087 2025-11-17 12:42:15
 
		I/O Configuration: default
		A3:10.21.80.53.128 registered (port 11501)
		A4:10.21.80.53.128 registered (port 11500)
SIM_START	Man_Autonomous_10/04	2026-04-10 22:04:26
TIME	0.001
		Environment Generic: model disabled for entire Test Run (works only on route)
		Road Sensor: evaluation of route/path disabled (works only on route)
ERROR		GPUSensor: Instance 128 has not registered with the SimProg
ERROR		SensorCluster: Could not get GPUSensor ID Mapping.
ERROR		CM_Main.cpp: Initialization failed (CM_Main_Begin()=-3)
SIM_ABORT	Man_Autonomous_10/04	0s	0m
APPLICATION	CarMaker 15.0 - Car_Generic #5 (win64-15.0)
COMPILED	jetbrains@02480bbb4087 2025-11-17 12:42:15
 
		I/O Configuration: default
		A3:10.21.80.53.128 registered (port 11501)
		A4:10.21.80.53.128 registered (port 11500)
SIM_START	Man_Autonomous_10/04	2026-04-10 22:07:40
TIME	0.001
		Environment Generic: model disabled for entire Test Run (works only on route)
		Road Sensor: evaluation of route/path disabled (works only on route)
ERROR		GPUSensor: Instance 128 has not registered with the SimProg
ERROR		SensorCluster: Could not get GPUSensor ID Mapping.
ERROR		CM_Main.cpp: Initialization failed (CM_Main_Begin()=-3)
SIM_ABORT	Man_Autonomous_10/04	0s	0m
