APPLICATION	CarMaker 15.0 - Car_Generic #5 (win64-15.0)
COMPILED	jetbrains@02480bbb4087 2025-11-17 12:42:15
 
		I/O Configuration: default
SIM_START	AEB_IPG	2026-04-12 11:16:10
TIME	0.001
		Environment Generic: model disabled for entire Test Run (works only on route)
		Road Sensor: evaluation of route/path disabled (works only on route)
		RoadSensor 0: evaluation of route/path disabled (works only on route)
WARNING		Road: line sensor range (201.5) exceeds max range (200.0)
		Current random seed value = 1775972770
TIME	0.000
SIMULATE	AEB_IPG

TIME	8.973
SIM_END		AEB_IPG	8.973s	67.4137m
APPLICATION	CarMaker 15.0 - Car_Generic #5 (win64-15.0)
COMPILED	jetbrains@02480bbb4087 2025-11-17 12:42:15
 
		I/O Configuration: default
SIM_START	Endurance_IPG	2026-04-12 11:19:52
TIME	0.001
		Environment Generic: model disabled for entire Test Run (works only on route)
		Road Sensor: evaluation of route/path disabled (works only on route)
		RoadSensor 0: evaluation of route/path disabled (works only on route)
WARNING		Road: line sensor range (201.5) exceeds max range (200.0)
		Current random seed value = 1775972992
TIME	0.000
SIMULATE	Endurance_IPG

TIME	7.824
SIM_END		Endurance_IPG	7.824s	65.1229m
APPLICATION	CarMaker 15.0 - Car_Generic #5 (win64-15.0)
COMPILED	jetbrains@02480bbb4087 2025-11-17 12:42:15
 
		I/O Configuration: default
SIM_START	Endurance_IPG	2026-04-12 11:21:48
TIME	0.001
		Environment Generic: model disabled for entire Test Run (works only on route)
		Road Sensor: evaluation of route/path disabled (works only on route)
		RoadSensor 0: evaluation of route/path disabled (works only on route)
WARNING		Road: line sensor range (201.5) exceeds max range (200.0)
		Current random seed value = 1775973108
TIME	0.000
SIMULATE	Endurance_IPG

TIME	7.824
SIM_END		Endurance_IPG	7.824s	65.1229m
APPLICATION	CarMaker 15.0 - Car_Generic #5 (win64-15.0)
COMPILED	jetbrains@02480bbb4087 2025-11-17 12:42:15
 
		I/O Configuration: default
SIM_START	Endurance_IPG	2026-04-12 11:26:54
TIME	0.001
		Environment Generic: model disabled for entire Test Run (works only on route)
		Road Sensor: evaluation of route/path disabled (works only on route)
		Current random seed value = 1775973414
TIME	0.000
SIMULATE	Endurance_IPG

TIME	7.824
SIM_END		Endurance_IPG	7.824s	65.1229m
APPLICATION	CarMaker 15.0 - Car_Generic #5 (win64-15.0)
COMPILED	jetbrains@02480bbb4087 2025-11-17 12:42:15
 
		I/O Configuration: default
SIM_START	Endurance_IPG	2026-04-12 11:28:45
TIME	0.001
		Environment Generic: model disabled for entire Test Run (works only on route)
		Road Sensor: evaluation of route/path disabled (works only on route)
		Current random seed value = 1775973525
TIME	0.000
SIMULATE	Endurance_IPG

TIME	7.824
SIM_END		Endurance_IPG	7.824s	65.1229m
APPLICATION	CarMaker 15.0 - Car_Generic #5 (win64-15.0)
COMPILED	jetbrains@02480bbb4087 2025-11-17 12:42:15
 
		I/O Configuration: default
SIM_START	Endurance_IPG	2026-04-12 11:29:40
TIME	0.001
		Environment Generic: model disabled for entire Test Run (works only on route)
		Road Sensor: evaluation of route/path disabled (works only on route)
		Current random seed value = 1775973580
TIME	0.000
SIMULATE	Endurance_IPG

TIME	8.699
SIM_END		Endurance_IPG	8.699s	65.1124m
APPLICATION	CarMaker 15.0 - Car_Generic #5 (win64-15.0)
COMPILED	jetbrains@02480bbb4087 2025-11-17 12:42:15
 
		I/O Configuration: default
SIM_START	Endurance_IPG	2026-04-12 11:30:09
TIME	0.001
		Environment Generic: model disabled for entire Test Run (works only on route)
		Road Sensor: evaluation of route/path disabled (works only on route)
		Current random seed value = 1775973609
TIME	0.000
SIMULATE	Endurance_IPG

TIME	8.699
SIM_END		Endurance_IPG	8.699s	65.1124m
APPLICATION	CarMaker 15.0 - Car_Generic #5 (win64-15.0)
COMPILED	jetbrains@02480bbb4087 2025-11-17 12:42:15
 
		I/O Configuration: default
SIM_START	Endurance_IPG	2026-04-12 11:30:33
TIME	0.001
		Environment Generic: model disabled for entire Test Run (works only on route)
		Road Sensor: evaluation of route/path disabled (works only on route)
		Current random seed value = 1775973633
TIME	0.000
SIMULATE	Endurance_IPG

TIME	21.963
SIM_END		Endurance_IPG	21.963s	65.1053m
APPLICATION	CarMaker 15.0 - Car_Generic #5 (win64-15.0)
COMPILED	jetbrains@02480bbb4087 2025-11-17 12:42:15
 
		I/O Configuration: default
		A3:10.21.80.97.128 registered (port 11500)
SIM_START	Endurance_IPG	2026-04-12 11:38:48
TIME	0.001
		Environment Generic: model disabled for entire Test Run (works only on route)
		Road Sensor: evaluation of route/path disabled (works only on route)
		Current random seed value = 1775974128
TIME	0.000
SIMULATE	Endurance_IPG

TIME	23.681
SIM_END		Endurance_IPG	23.678s	59.3193m
APPLICATION	CarMaker 15.0 - Car_Generic #5 (win64-15.0)
COMPILED	jetbrains@02480bbb4087 2025-11-17 12:42:15
 
		I/O Configuration: default
		A3:10.21.80.97.128 registered (port 11500)
SIM_START	Endurance_IPG	2026-04-12 11:40:34
TIME	0.001
		Environment Generic: model disabled for entire Test Run (works only on route)
		Road Sensor: evaluation of route/path disabled (works only on route)
		Current random seed value = 1775974234
TIME	0.000
SIMULATE	Endurance_IPG

TIME	45.583
SIM_END		Endurance_IPG	45.58s	56.6779m
APPLICATION	CarMaker 15.0 - Car_Generic #5 (win64-15.0)
COMPILED	jetbrains@02480bbb4087 2025-11-17 12:42:15
 
		I/O Configuration: default
		A3:10.21.80.97.128 registered (port 11500)
SIM_START	Endurance_IPG	2026-04-12 11:42:08
TIME	0.001
		Environment Generic: model disabled for entire Test Run (works only on route)
		Road Sensor: evaluation of route/path disabled (works only on route)
		Current random seed value = 1775974328
TIME	0.000
SIMULATE	Endurance_IPG

TIME	43.502
SIM_END		Endurance_IPG	43.499s	62.1353m
APPLICATION	CarMaker 15.0 - Car_Generic #5 (win64-15.0)
COMPILED	jetbrains@02480bbb4087 2025-11-17 12:42:15
 
		I/O Configuration: default
		A3:10.21.80.97.128 registered (port 11500)
SIM_START	Endurance_IPG	2026-04-12 11:43:15
TIME	0.001
		Environment Generic: model disabled for entire Test Run (works only on route)
		Road Sensor: evaluation of route/path disabled (works only on route)
		Current random seed value = 1775974395
TIME	0.000
SIMULATE	Endurance_IPG

TIME	16.883
SIM_END		Endurance_IPG	16.88s	64.6677m
APPLICATION	CarMaker 15.0 - Car_Generic #5 (win64-15.0)
COMPILED	jetbrains@02480bbb4087 2025-11-17 12:42:15
 
		I/O Configuration: default
		A3:10.21.80.97.128 registered (port 11500)
SIM_START	Endurance_IPG	2026-04-12 11:44:38
TIME	0.001
		Environment Generic: model disabled for entire Test Run (works only on route)
		Road Sensor: evaluation of route/path disabled (works only on route)
		Current random seed value = 1775974478
TIME	0.000
SIMULATE	Endurance_IPG

TIME	60.003
SIM_END		Endurance_IPG	60.003s	59.593m
APPLICATION	CarMaker 15.0 - Car_Generic #5 (win64-15.0)
COMPILED	jetbrains@02480bbb4087 2025-11-17 12:42:15
 
		I/O Configuration: default
		A3:10.21.80.97.128 registered (port 11500)
SIM_START	Endurance_IPG	2026-04-12 11:48:21
TIME	0.001
		Environment Generic: model disabled for entire Test Run (works only on route)
		Road Sensor: evaluation of route/path disabled (works only on route)
		Current random seed value = 1775974701
TIME	0.000
SIMULATE	Endurance_IPG

TIME	24.803
SIM_END		Endurance_IPG	24.8s	56.8795m
