APPLICATION	CarMaker 15.0 - Car_Generic #5 (win64-15.0)
COMPILED	jetbrains@02480bbb4087 2025-11-17 12:42:15
 
		I/O Configuration: default
		A2:10.21.80.53.128 registered (port 11500)
SIM_START	Man_Autonomous_10/04	2026-04-10 23:13:42
TIME	0.001
		Environment Generic: model disabled for entire Test Run (works only on route)
		Road Sensor: evaluation of route/path disabled (works only on route)
TIME	0.000
SIMULATE	Man_Autonomous_10/04

WARNING		RSDA client not running on simulation start!
TIME	11.648
SIM_END		Man_Autonomous_10/04	11.645s	72.7624m
APPLICATION	CarMaker 15.0 - Car_Generic #5 (win64-15.0)
COMPILED	jetbrains@02480bbb4087 2025-11-17 12:42:15
 
		I/O Configuration: default
		A2:10.21.80.53.128 registered (port 11500)
SIM_START	Man_Autonomous_10/04	2026-04-10 23:17:00
TIME	0.001
		Environment Generic: model disabled for entire Test Run (works only on route)
		Road Sensor: evaluation of route/path disabled (works only on route)
TIME	0.000
SIMULATE	Man_Autonomous_10/04

TIME	115.713
SIM_END		Man_Autonomous_10/04	115.71s	950.684m
APPLICATION	CarMaker 15.0 - Car_Generic #5 (win64-15.0)
COMPILED	jetbrains@02480bbb4087 2025-11-17 12:42:15
 
		I/O Configuration: default
		A2:10.21.80.53.128 registered (port 11500)
SIM_START	Man_Autonomous_10/04	2026-04-10 23:27:01
TIME	0.001
		Environment Generic: model disabled for entire Test Run (works only on route)
		Road Sensor: evaluation of route/path disabled (works only on route)
TIME	0.000
SIMULATE	Man_Autonomous_10/04

TIME	119.841
SIM_END		Man_Autonomous_10/04	119.838s	985.158m
APPLICATION	CarMaker 15.0 - Car_Generic #5 (win64-15.0)
COMPILED	jetbrains@02480bbb4087 2025-11-17 12:42:15
 
		I/O Configuration: default
		A2:10.21.80.53.128 registered (port 11500)
SIM_START	Man_Autonomous_10/04	2026-04-10 23:42:30
TIME	0.001
		Environment Generic: model disabled for entire Test Run (works only on route)
		Road Sensor: evaluation of route/path disabled (works only on route)
TIME	0.000
SIMULATE	Man_Autonomous_10/04

WARNING		RSDA client not running on simulation start!
SIM_END		Man_Autonomous_10/04	0s	0m
APPLICATION	CarMaker 15.0 - Car_Generic #5 (win64-15.0)
COMPILED	jetbrains@02480bbb4087 2025-11-17 12:42:15
 
		I/O Configuration: default
		A2:10.21.80.53.128 registered (port 11500)
SIM_START	Man_Autonomous_10/04	2026-04-10 23:44:00
TIME	0.001
		Environment Generic: model disabled for entire Test Run (works only on route)
		Road Sensor: evaluation of route/path disabled (works only on route)
TIME	0.000
SIMULATE	Man_Autonomous_10/04

WARNING		RSDA client not running on simulation start!
SIM_END		Man_Autonomous_10/04	1.271s	0.000836129m
APPLICATION	CarMaker 15.0 - Car_Generic #5 (win64-15.0)
COMPILED	jetbrains@02480bbb4087 2025-11-17 12:42:15
 
		I/O Configuration: default
		A2:10.21.80.53.128 registered (port 11500)
SIM_START	Man_Autonomous_10/04	2026-04-10 23:45:37
TIME	0.001
		Environment Generic: model disabled for entire Test Run (works only on route)
		Road Sensor: evaluation of route/path disabled (works only on route)
TIME	0.000
SIMULATE	Man_Autonomous_10/04

WARNING		RSDA client not running on simulation start!
TIME	6.817
SIM_END		Man_Autonomous_10/04	6.814s	30.8209m
APPLICATION	CarMaker 15.0 - Car_Generic #5 (win64-15.0)
COMPILED	jetbrains@02480bbb4087 2025-11-17 12:42:15
 
		I/O Configuration: default
		A2:10.21.80.53.128 registered (port 11500)
SIM_START	Man_Autonomous_10/04	2026-04-10 23:47:03
TIME	0.001
		Environment Generic: model disabled for entire Test Run (works only on route)
		Road Sensor: evaluation of route/path disabled (works only on route)
TIME	0.000
SIMULATE	Man_Autonomous_10/04

WARNING		RSDA client not running on simulation start!
TIME	10.121
SIM_END		Man_Autonomous_10/04	10.118s	59.5383m
APPLICATION	CarMaker 15.0 - Car_Generic #5 (win64-15.0)
COMPILED	jetbrains@02480bbb4087 2025-11-17 12:42:15
 
		I/O Configuration: default
		A2:10.21.80.53.128 registered (port 11500)
SIM_START	Man_Autonomous_10/04	2026-04-10 23:47:31
TIME	0.001
		Environment Generic: model disabled for entire Test Run (works only on route)
		Road Sensor: evaluation of route/path disabled (works only on route)
TIME	0.000
SIMULATE	Man_Autonomous_10/04

WARNING		RSDA client not running on simulation start!
TIME	21.159
SIM_END		Man_Autonomous_10/04	21.156s	154.686m
APPLICATION	CarMaker 15.0 - Car_Generic #5 (win64-15.0)
COMPILED	jetbrains@02480bbb4087 2025-11-17 12:42:15
 
		I/O Configuration: default
		A2:10.21.80.53.128 registered (port 11500)
SIM_START	Man_Autonomous_10/04	2026-04-10 23:58:42
TIME	0.001
		Environment Generic: model disabled for entire Test Run (works only on route)
		Road Sensor: evaluation of route/path disabled (works only on route)
TIME	0.000
SIMULATE	Man_Autonomous_10/04

WARNING		RSDA client not running on simulation start!
TIME	14.707
SIM_END		Man_Autonomous_10/04	14.704s	99.1906m
APPLICATION	CarMaker 15.0 - Car_Generic #5 (win64-15.0)
COMPILED	jetbrains@02480bbb4087 2025-11-17 12:42:15
 
		I/O Configuration: default
		A2:10.21.80.53.128 registered (port 11500)
SIM_START	Man_Autonomous_10/04	2026-04-10 23:59:44
TIME	0.001
		Environment Generic: model disabled for entire Test Run (works only on route)
		Road Sensor: evaluation of route/path disabled (works only on route)
TIME	0.000
SIMULATE	Man_Autonomous_10/04

WARNING		RSDA client not running on simulation start!
TIME	4.735
SIM_END		Man_Autonomous_10/04	4.732s	13.0008m
APPLICATION	CarMaker 15.0 - Car_Generic #5 (win64-15.0)
COMPILED	jetbrains@02480bbb4087 2025-11-17 12:42:15
 
		I/O Configuration: default
		A2:10.21.80.53.128 registered (port 11500)
SIM_START	Man_Autonomous_10/04	2026-04-11 00:00:19
TIME	0.001
		Environment Generic: model disabled for entire Test Run (works only on route)
		Road Sensor: evaluation of route/path disabled (works only on route)
TIME	0.000
SIMULATE	Man_Autonomous_10/04

WARNING		RSDA client not running on simulation start!
TIME	142.122
SIM_END		Man_Autonomous_10/04	142.119s	1171.07m
APPLICATION	CarMaker 15.0 - Car_Generic #5 (win64-15.0)
COMPILED	jetbrains@02480bbb4087 2025-11-17 12:42:15
 
		I/O Configuration: default
		A2:10.21.80.53.128 registered (port 11500)
SIM_START	Man_Autonomous_10/04	2026-04-11 00:02:53
TIME	0.001
		Environment Generic: model disabled for entire Test Run (works only on route)
		Road Sensor: evaluation of route/path disabled (works only on route)
TIME	0.000
SIMULATE	Man_Autonomous_10/04

TIME	418.405
SIM_END		Man_Autonomous_10/04	418.402s	3473.9m
APPLICATION	CarMaker 15.0 - Car_Generic #5 (win64-15.0)
COMPILED	jetbrains@02480bbb4087 2025-11-17 12:42:15
 
		I/O Configuration: default
		A2:10.21.80.53.128 registered (port 11500)
SIM_START	Man_Autonomous_10/04	2026-04-11 00:11:18
TIME	0.001
		Environment Generic: model disabled for entire Test Run (works only on route)
		Road Sensor: evaluation of route/path disabled (works only on route)
TIME	0.000
SIMULATE	Man_Autonomous_10/04

TIME	121.456
SIM_END		Man_Autonomous_10/04	121.453s	998.643m
APPLICATION	CarMaker 15.0 - Car_Generic #5 (win64-15.0)
COMPILED	jetbrains@02480bbb4087 2025-11-17 12:42:15
 
		I/O Configuration: default
		A2:10.21.80.53.128 registered (port 11500)
SIM_START	Man_Autonomous_10/04	2026-04-11 00:13:37
TIME	0.001
		Environment Generic: model disabled for entire Test Run (works only on route)
		Road Sensor: evaluation of route/path disabled (works only on route)
TIME	0.000
SIMULATE	Man_Autonomous_10/04

TIME	89.569
SIM_END		Man_Autonomous_10/04	89.566s	732.13m
APPLICATION	CarMaker 15.0 - Car_Generic #5 (win64-15.0)
COMPILED	jetbrains@02480bbb4087 2025-11-17 12:42:15
 
		I/O Configuration: default
		A2:10.21.80.53.128 registered (port 11500)
SIM_START	Man_Autonomous_10/04	2026-04-11 00:15:19
TIME	0.001
		Environment Generic: model disabled for entire Test Run (works only on route)
		Road Sensor: evaluation of route/path disabled (works only on route)
TIME	0.000
SIMULATE	Man_Autonomous_10/04

TIME	173.603
SIM_END		Man_Autonomous_10/04	173.6s	1433.63m
