APPLICATION	CarMaker 15.0 - Car_Generic #5 (win64-15.0)
COMPILED	jetbrains@02480bbb4087 2025-11-17 12:42:15
 
		I/O Configuration: default
		A2:10.21.80.97.1 registered (port 11021)
		A3:10.21.80.97.128 registered (port 11500)
SIM_START	AEB_IPG	2026-04-12 18:33:25
TIME	0.001
		Environment Generic: model disabled for entire Test Run (works only on route)
		Road Sensor: evaluation of route/path disabled (works only on route)
		Current random seed value = 1775999005
TIME	0.000
SIMULATE	AEB_IPG

WARNING		RSDA client not running on simulation start!
ERROR		GPUSensor A2:10.21.80.97.1: Connection lost
SIM_ABORT	AEB_IPG	0.06s	0.00205247m
APPLICATION	CarMaker 15.0 - Car_Generic #5 (win64-15.0)
COMPILED	jetbrains@02480bbb4087 2025-11-17 12:42:15
 
		I/O Configuration: default
		A3:10.21.80.97.128 registered (port 11500)
		A5:10.21.80.97.1 registered (port 11021)
SIM_START	AEB_IPG	2026-04-12 18:38:03
TIME	0.001
		Environment Generic: model disabled for entire Test Run (works only on route)
		Road Sensor: evaluation of route/path disabled (works only on route)
		Current random seed value = 1775999283
TIME	0.000
SIMULATE	AEB_IPG

WARNING		RSDA client not running on simulation start!
ERROR		GPUSensor A3:10.21.80.97.128: Connection lost
SIM_ABORT	AEB_IPG	0.063s	0.00205247m
APPLICATION	CarMaker 15.0 - Car_Generic #5 (win64-15.0)
COMPILED	jetbrains@02480bbb4087 2025-11-17 12:42:15
 
		I/O Configuration: default
		A5:10.21.80.97.1 registered (port 11021)
		A6:10.21.80.97.128 registered (port 11500)
SIM_START	AEB_IPG	2026-04-12 18:40:37
TIME	0.001
		Environment Generic: model disabled for entire Test Run (works only on route)
		Road Sensor: evaluation of route/path disabled (works only on route)
		Current random seed value = 1775999437
TIME	0.000
SIMULATE	AEB_IPG

WARNING		RSDA client not running on simulation start!
ERROR		GPUSensor A5:10.21.80.97.1: Connection lost
SIM_ABORT	AEB_IPG	0.06s	0.00205247m
