APPLICATION	CarMaker 15.0 - Car_Generic #5 (win64-15.0)
COMPILED	jetbrains@02480bbb4087 2025-11-17 12:42:15
 
		I/O Configuration: default
SIM_START	unknown	2026-04-10 14:15:40
TIME	0.001
		Environment Generic: model disabled for entire Test Run (works only on route)
		Road Sensor: evaluation of route/path disabled (works only on route)
		Current random seed value = 1775810740
TIME	0.000
SIMULATE	unknown

TIME	31.821
SIM_END		unknown	31.821s	249.993m
APPLICATION	CarMaker 15.0 - Car_Generic #5 (win64-15.0)
COMPILED	jetbrains@02480bbb4087 2025-11-17 12:42:15
 
		I/O Configuration: default
SIM_START	unknown	2026-04-10 14:16:09
TIME	0.001
		Environment Generic: model disabled for entire Test Run (works only on route)
		Road Sensor: evaluation of route/path disabled (works only on route)
		Current random seed value = 1775810769
TIME	0.000
SIMULATE	unknown

TIME	31.821
SIM_END		unknown	31.821s	249.993m
