APPLICATION	CarMaker 15.0 - Car_Generic #5 (win64-15.0)
COMPILED	jetbrains@02480bbb4087 2025-11-17 12:42:15
 
		I/O Configuration: default
		A3:10.21.80.97.1 registered (port 11021)
		A4:10.21.80.97.128 registered (port 11500)
SIM_START	AEB_IPG	2026-04-12 19:15:50
TIME	0.001
		Environment Generic: model disabled for entire Test Run (works only on route)
		Road Sensor: evaluation of route/path disabled (works only on route)
		Current random seed value = 1776001550
TIME	0.000
SIMULATE	AEB_IPG

WARNING		RSDA client not running on simulation start!
ERROR		GPUSensor A4:10.21.80.97.128: Connection lost
SIM_ABORT	AEB_IPG	0.063s	0.00205247m
APPLICATION	CarMaker 15.0 - Car_Generic #5 (win64-15.0)
COMPILED	jetbrains@02480bbb4087 2025-11-17 12:42:15
 
		I/O Configuration: default
		A5:10.21.80.97.128 registered (port 11500)
		A6:10.21.80.97.129 registered (port 11501)
SIM_START	AEB_IPG	2026-04-12 19:17:15
TIME	0.001
		Environment Generic: model disabled for entire Test Run (works only on route)
		Road Sensor: evaluation of route/path disabled (works only on route)
		Current random seed value = 1776001635
TIME	0.000
SIMULATE	AEB_IPG

WARNING		RSDA client not running on simulation start!
TIME	20.021
SIM_END		AEB_IPG	20.018s	35.6689m
APPLICATION	CarMaker 15.0 - Car_Generic #5 (win64-15.0)
COMPILED	jetbrains@02480bbb4087 2025-11-17 12:42:15
 
		I/O Configuration: default
		A5:10.21.80.97.128 registered (port 11500)
		A6:10.21.80.97.129 registered (port 11501)
SIM_START	AEB_IPG	2026-04-12 19:17:54
TIME	0.001
		Environment Generic: model disabled for entire Test Run (works only on route)
		Road Sensor: evaluation of route/path disabled (works only on route)
		Current random seed value = 1776001674
TIME	0.000
SIMULATE	AEB_IPG

WARNING		RSDA client not running on simulation start!
TIME	35.141
SIM_END		AEB_IPG	35.138s	23.7408m
APPLICATION	CarMaker 15.0 - Car_Generic #5 (win64-15.0)
COMPILED	jetbrains@02480bbb4087 2025-11-17 12:42:15
 
		I/O Configuration: default
		A5:10.21.80.97.128 registered (port 11500)
		A6:10.21.80.97.129 registered (port 11501)
SIM_START	AEB_IPG	2026-04-12 19:18:52
TIME	0.001
		Environment Generic: model disabled for entire Test Run (works only on route)
		Road Sensor: evaluation of route/path disabled (works only on route)
		Current random seed value = 1776001732
TIME	0.000
SIMULATE	AEB_IPG

WARNING		RSDA client not running on simulation start!
TIME	32.466
SIM_END		AEB_IPG	32.466s	33.8036m
APPLICATION	CarMaker 15.0 - Car_Generic #5 (win64-15.0)
COMPILED	jetbrains@02480bbb4087 2025-11-17 12:42:15
 
		I/O Configuration: default
		A5:10.21.80.97.128 registered (port 11500)
		A6:10.21.80.97.129 registered (port 11501)
SIM_START	AEB_IPG	2026-04-12 19:19:45
TIME	0.001
		Environment Generic: model disabled for entire Test Run (works only on route)
		Road Sensor: evaluation of route/path disabled (works only on route)
		Current random seed value = 1776001785
TIME	0.000
SIMULATE	AEB_IPG

WARNING		RSDA client not running on simulation start!
TIME	11.726
SIM_END		AEB_IPG	11.726s	33.8027m
APPLICATION	CarMaker 15.0 - Car_Generic #5 (win64-15.0)
COMPILED	jetbrains@02480bbb4087 2025-11-17 12:42:15
 
		I/O Configuration: default
		A5:10.21.80.97.128 registered (port 11500)
		A6:10.21.80.97.129 registered (port 11501)
SIM_START	AEB_IPG	2026-04-12 19:20:09
TIME	0.001
		Environment Generic: model disabled for entire Test Run (works only on route)
		Road Sensor: evaluation of route/path disabled (works only on route)
		Current random seed value = 1776001809
TIME	0.000
SIMULATE	AEB_IPG

WARNING		RSDA client not running on simulation start!
TIME	11.283
SIM_END		AEB_IPG	11.28s	26.6696m
