[2026-04-12 18:32:41.473] [Application] [info] GPUSensor Server running: host=harsh port=11500
[2026-04-12 18:32:57.443] [Application] [info] Using RenderSettingsProfile: RenderSettings_high.cfg -> template_high.render
[2026-04-12 18:32:57.573] [Application] [info] Loading Installed scripts...
[2026-04-12 18:32:57.574] [Application] [info] Loading User scripts...
[2026-04-12 18:32:57.575] [Application] [info] Loading project scripts...
[2026-04-12 18:33:25.096] [Application] [warning] Socket Error in GPUSensor Server: The remote host closed the connection.
[2026-04-12 18:33:25.252] [Application] [info] APO: Successfully connected to: CarMaker 15.0 - Car_Generic @ Harsh(10.21.80.97):11880
[2026-04-12 18:33:25.374] [Application] [info] Loaded Path Mapping with 0 mapped directories. Set CarMaker home dir to 'C:/IPG/carmaker/win64-15.0'
[2026-04-12 18:33:25.425] [Application] [info] RSDA Server running: host=harsh port=2211
[2026-04-12 18:33:25.990] [Application] [info] Loading Test Run from path C:/Users/harsh/Desktop/a_baja_simulation/Data/TestRun/AEB_IPG
[2026-04-12 18:33:26.140] [Application] [warning] Could not find file TeamID_TeamName_Movie/TeamID_TeamName.objinfo. Search paths: C:/Users/harsh/Desktop/a_baja_simulation/MovieNX/data/,C:/IPG/movienx/win64-15.0/data
[2026-04-12 18:33:26.141] [Application] [warning] Could not find file TeamID_TeamName_Movie/TeamID_TeamName.node. Search paths: C:/Users/harsh/Desktop/a_baja_simulation/MovieNX/data/,C:/IPG/movienx/win64-15.0/data
[2026-04-12 18:33:26.141] [Application] [warning] EgoVehicle: missing 'body_B' node!
[2026-04-12 18:33:26.141] [Application] [warning] EgoVehicle: missing 'body_A2B' node!
[2026-04-12 18:33:26.184] [Application] [info] node wheel_carrier.fl missing in EgoVehicle, using dummy instead
[2026-04-12 18:33:26.184] [Application] [warning] EgoVehicle: wheel carrier  has no child node
[2026-04-12 18:33:26.186] [Application] [info] node wheel_carrier.fr missing in EgoVehicle, using clone instead
[2026-04-12 18:33:26.186] [Application] [warning] EgoVehicle: wheel carrier wheel_carrier.fr has no child node
[2026-04-12 18:33:26.186] [Application] [info] node wheel_carrier.rl missing in EgoVehicle, using clone instead
[2026-04-12 18:33:26.186] [Application] [warning] EgoVehicle: wheel carrier wheel_carrier.rl has no child node
[2026-04-12 18:33:26.187] [Application] [info] node wheel_carrier.rr missing in EgoVehicle, using clone instead
[2026-04-12 18:33:26.187] [Application] [warning] EgoVehicle: wheel carrier wheel_carrier.rr has no child node
[2026-04-12 18:33:26.202] [Application] [info] RSDA plugin: the sensor configuration uses no plugin
[2026-04-12 18:38:03.528] [Application] [info] Loaded Path Mapping with 0 mapped directories. Set CarMaker home dir to 'C:/IPG/carmaker/win64-15.0'
[2026-04-12 18:38:04.165] [Application] [info] Loading Test Run from path C:/Users/harsh/Desktop/a_baja_simulation/Data/TestRun/AEB_IPG
[2026-04-12 18:38:04.280] [Application] [warning] Could not find file TeamID_TeamName_Movie/TeamID_TeamName.objinfo. Search paths: C:/Users/harsh/Desktop/a_baja_simulation/MovieNX/data/,C:/IPG/movienx/win64-15.0/data
[2026-04-12 18:38:04.281] [Application] [warning] Could not find file TeamID_TeamName_Movie/TeamID_TeamName.node. Search paths: C:/Users/harsh/Desktop/a_baja_simulation/MovieNX/data/,C:/IPG/movienx/win64-15.0/data
[2026-04-12 18:38:04.281] [Application] [warning] EgoVehicle: missing 'body_B' node!
[2026-04-12 18:38:04.281] [Application] [warning] EgoVehicle: missing 'body_A2B' node!
[2026-04-12 18:38:04.288] [Application] [info] node wheel_carrier.fl missing in EgoVehicle, using dummy instead
[2026-04-12 18:38:04.288] [Application] [warning] EgoVehicle: wheel carrier  has no child node
[2026-04-12 18:38:04.288] [Application] [info] node wheel_carrier.fr missing in EgoVehicle, using clone instead
[2026-04-12 18:38:04.289] [Application] [warning] EgoVehicle: wheel carrier wheel_carrier.fr has no child node
[2026-04-12 18:38:04.289] [Application] [info] node wheel_carrier.rl missing in EgoVehicle, using clone instead
[2026-04-12 18:38:04.289] [Application] [warning] EgoVehicle: wheel carrier wheel_carrier.rl has no child node
[2026-04-12 18:38:04.289] [Application] [info] node wheel_carrier.rr missing in EgoVehicle, using clone instead
[2026-04-12 18:38:04.289] [Application] [warning] EgoVehicle: wheel carrier wheel_carrier.rr has no child node
[2026-04-12 18:38:04.292] [Application] [info] RSDA plugin: the sensor configuration uses no plugin
[2026-04-12 18:39:36.622] [Application] [info] APO Client: Disconnecting...
