[2026-04-11 14:11:03.874] [Application] [info] GPUSensor Server running: host=harsh port=11500
[2026-04-11 14:11:20.574] [Application] [info] Using RenderSettingsProfile: RenderSettings_high.cfg -> template_high.render
[2026-04-11 14:11:20.699] [Application] [info] Loading Installed scripts...
[2026-04-11 14:11:20.700] [Application] [info] Loading User scripts...
[2026-04-11 14:11:20.702] [Application] [info] Loading project scripts...
[2026-04-11 14:11:35.696] [Application] [warning] Socket Error in GPUSensor Server: The remote host closed the connection.
[2026-04-11 14:11:35.834] [Application] [info] APO: Successfully connected to: CarMaker 15.0 - Car_Generic @ Harsh(10.21.83.120):16924
[2026-04-11 14:11:35.906] [Application] [info] Loaded Path Mapping with 0 mapped directories. Set CarMaker home dir to 'C:/IPG/carmaker/win64-15.0'
[2026-04-11 14:11:36.233] [Application] [info] Using Ray Tracing Sensors Library version: 15.0.28 Nov 12 2025 - 16:19:39
[2026-04-11 14:11:36.240] [Application] [info] RSDA Server running: host=harsh port=2212
[2026-04-11 14:11:36.758] [Application] [info] Loading Test Run from path C:/Users/harsh/Desktop/a_baja_simulation/Data/TestRun/Man_Autonomous_10/04
[2026-04-11 14:12:40.008] [Application] [info] Loaded Path Mapping with 0 mapped directories. Set CarMaker home dir to 'C:/IPG/carmaker/win64-15.0'
[2026-04-11 14:12:40.655] [Application] [info] Loading Test Run from path C:/Users/harsh/Desktop/a_baja_simulation/Data/TestRun/Man_Autonomous_10/04
[2026-04-11 14:14:11.194] [Application] [info] Loaded Path Mapping with 0 mapped directories. Set CarMaker home dir to 'C:/IPG/carmaker/win64-15.0'
[2026-04-11 14:14:11.853] [Application] [info] Loading Test Run from path C:/Users/harsh/Desktop/a_baja_simulation/Data/TestRun/Man_Autonomous_10/04
[2026-04-11 14:20:12.580] [Application] [info] Loaded Path Mapping with 0 mapped directories. Set CarMaker home dir to 'C:/IPG/carmaker/win64-15.0'
[2026-04-11 14:20:13.349] [Application] [info] Loading Test Run from path C:/Users/harsh/Desktop/a_baja_simulation/Data/TestRun/.tmp_Harsh_harsh.0
[2026-04-11 14:20:33.173] [Application] [warning] Socket Error in RSDA Server: The remote host closed the connection.
[2026-04-11 14:21:38.659] [Application] [info] Loaded Path Mapping with 0 mapped directories. Set CarMaker home dir to 'C:/IPG/carmaker/win64-15.0'
[2026-04-11 14:21:39.422] [Application] [info] Loading Test Run from path C:/Users/harsh/Desktop/a_baja_simulation/Data/TestRun/.tmp_Harsh_harsh.1
[2026-04-11 14:21:49.589] [Application] [warning] Socket Error in RSDA Server: The remote host closed the connection.
[2026-04-11 14:23:47.945] [Application] [warning] Socket Error in RSDA Server: The remote host closed the connection.
[2026-04-11 14:25:12.666] [Application] [warning] Socket Error in RSDA Server: The remote host closed the connection.
[2026-04-11 14:25:48.585] [Application] [info] Loaded Path Mapping with 0 mapped directories. Set CarMaker home dir to 'C:/IPG/carmaker/win64-15.0'
[2026-04-11 14:25:49.352] [Application] [info] Loading Test Run from path C:/Users/harsh/Desktop/a_baja_simulation/Data/TestRun/.tmp_Harsh_harsh.0
[2026-04-11 14:29:02.202] [Application] [info] Loaded Path Mapping with 0 mapped directories. Set CarMaker home dir to 'C:/IPG/carmaker/win64-15.0'
[2026-04-11 14:29:02.947] [Application] [info] Loading Test Run from path C:/Users/harsh/Desktop/a_baja_simulation/Data/TestRun/.tmp_Harsh_harsh.1
[2026-04-11 14:35:44.304] [Application] [info] Loaded Path Mapping with 0 mapped directories. Set CarMaker home dir to 'C:/IPG/carmaker/win64-15.0'
[2026-04-11 14:35:45.055] [Application] [info] Loading Test Run from path C:/Users/harsh/Desktop/a_baja_simulation/Data/TestRun/.tmp_Harsh_harsh.1
[2026-04-11 14:57:24.149] [Application] [warning] Socket Error in RSDA Server: The remote host closed the connection.
[2026-04-11 14:57:53.871] [Application] [info] Loaded Path Mapping with 0 mapped directories. Set CarMaker home dir to 'C:/IPG/carmaker/win64-15.0'
[2026-04-11 14:57:54.641] [Application] [info] Loading Test Run from path C:/Users/harsh/Desktop/a_baja_simulation/Data/TestRun/.tmp_Harsh_harsh.1
[2026-04-11 14:58:14.353] [Application] [warning] Socket Error in RSDA Server: The remote host closed the connection.
[2026-04-11 15:00:35.708] [Application] [warning] Socket Error in RSDA Server: The remote host closed the connection.
[2026-04-11 15:03:06.857] [Application] [info] Loaded Path Mapping with 0 mapped directories. Set CarMaker home dir to 'C:/IPG/carmaker/win64-15.0'
[2026-04-11 15:03:07.592] [Application] [info] Loading Test Run from path C:/Users/harsh/Desktop/a_baja_simulation/Data/TestRun/.tmp_Harsh_harsh.0
[2026-04-11 15:04:40.576] [Application] [info] APO Client: Disconnecting...
