[2026-04-10 19:28:22.412] [Application] [info] GPUSensor Server running: host=harsh port=11500
[2026-04-10 19:28:38.430] [Application] [info] Using RenderSettingsProfile: RenderSettings_high.cfg -> template_high.render
[2026-04-10 19:28:38.558] [Application] [info] Loading Installed scripts...
[2026-04-10 19:28:38.558] [Application] [info] Loading User scripts...
[2026-04-10 19:28:38.559] [Application] [info] Loading project scripts...
[2026-04-10 19:28:41.304] [Application] [warning] Socket Error in GPUSensor Server: The remote host closed the connection.
[2026-04-10 19:28:41.445] [Application] [info] APO: Successfully connected to: CarMaker 15.0 - Car_Generic @ Harsh(10.21.80.55):28492
[2026-04-10 19:28:41.548] [Application] [info] Loaded Path Mapping with 0 mapped directories. Set CarMaker home dir to 'C:/IPG/carmaker/win64-15.0'
[2026-04-10 19:28:41.810] [Application] [info] Using Ray Tracing Sensors Library version: 15.0.28 Nov 12 2025 - 16:19:39
[2026-04-10 19:28:41.816] [Application] [info] RSDA Server running: host=harsh port=2212
[2026-04-10 19:28:42.383] [Application] [info] Loading Test Run from path C:/Users/harsh/Desktop/a_baja_simulation/Data/TestRun/Man_Autonomous_10/04
[2026-04-10 19:29:06.866] [Application] [warning] Socket Error in RSDA Server: The remote host closed the connection.
[2026-04-10 19:30:44.666] [Application] [warning] Socket Error in RSDA Server: The remote host closed the connection.
[2026-04-10 19:30:50.985] [Application] [info] Loaded Path Mapping with 0 mapped directories. Set CarMaker home dir to 'C:/IPG/carmaker/win64-15.0'
[2026-04-10 19:30:51.746] [Application] [info] Loading Test Run from path C:/Users/harsh/Desktop/a_baja_simulation/Data/TestRun/Man_Autonomous_10/04
[2026-04-10 19:31:05.486] [Application] [warning] Socket Error in RSDA Server: The remote host closed the connection.
[2026-04-10 19:31:09.982] [Application] [warning] Socket Error in RSDA Server: The remote host closed the connection.
[2026-04-10 19:34:13.519] [Application] [warning] Socket Error in RSDA Server: The remote host closed the connection.
[2026-04-10 19:34:25.401] [Application] [warning] Socket Error in RSDA Server: The remote host closed the connection.
[2026-04-10 19:58:00.105] [Application] [info] Loaded Path Mapping with 0 mapped directories. Set CarMaker home dir to 'C:/IPG/carmaker/win64-15.0'
[2026-04-10 19:58:00.849] [Application] [info] Loading Test Run from path C:/Users/harsh/Desktop/a_baja_simulation/Data/TestRun/Man_Autonomous_10/04
[2026-04-10 19:59:14.153] [Application] [info] Loaded Path Mapping with 0 mapped directories. Set CarMaker home dir to 'C:/IPG/carmaker/win64-15.0'
[2026-04-10 19:59:14.892] [Application] [info] Loading Test Run from path C:/Users/harsh/Desktop/a_baja_simulation/Data/TestRun/Man_Autonomous_10/04
[2026-04-10 19:59:19.498] [Application] [warning] Socket Error in RSDA Server: The remote host closed the connection.
[2026-04-10 19:59:24.510] [Application] [warning] Socket Error in RSDA Server: The remote host closed the connection.
[2026-04-10 19:59:32.213] [Application] [warning] Socket Error in RSDA Server: The remote host closed the connection.
[2026-04-10 19:59:37.428] [Application] [warning] Socket Error in RSDA Server: The remote host closed the connection.
[2026-04-10 20:15:40.855] [Application] [info] Loaded Path Mapping with 0 mapped directories. Set CarMaker home dir to 'C:/IPG/carmaker/win64-15.0'
[2026-04-10 20:15:41.621] [Application] [info] Loading Test Run from path C:/Users/harsh/Desktop/a_baja_simulation/Data/TestRun/Man_Autonomous_10/04
[2026-04-10 20:15:46.084] [Application] [warning] Socket Error in RSDA Server: The remote host closed the connection.
[2026-04-10 20:15:59.413] [Application] [warning] Socket Error in RSDA Server: The remote host closed the connection.
[2026-04-10 20:17:36.306] [Application] [warning] Socket Error in RSDA Server: The remote host closed the connection.
[2026-04-10 20:23:16.927] [Application] [info] Loaded Path Mapping with 0 mapped directories. Set CarMaker home dir to 'C:/IPG/carmaker/win64-15.0'
[2026-04-10 20:23:17.679] [Application] [info] Loading Test Run from path C:/Users/harsh/Desktop/a_baja_simulation/Data/TestRun/Man_Autonomous_10/04
[2026-04-10 20:23:19.183] [Application] [warning] Socket Error in RSDA Server: The remote host closed the connection.
[2026-04-10 20:23:36.829] [Application] [info] Loaded Path Mapping with 0 mapped directories. Set CarMaker home dir to 'C:/IPG/carmaker/win64-15.0'
[2026-04-10 20:23:37.575] [Application] [info] Loading Test Run from path C:/Users/harsh/Desktop/a_baja_simulation/Data/TestRun/Man_Autonomous_10/04
[2026-04-10 20:23:44.184] [Application] [warning] Socket Error in RSDA Server: The remote host closed the connection.
[2026-04-10 20:23:52.240] [Application] [warning] Socket Error in RSDA Server: The remote host closed the connection.
[2026-04-10 20:30:29.141] [Application] [warning] Socket Error in RSDA Server: The remote host closed the connection.
[2026-04-10 20:32:13.341] [Application] [warning] Socket Error in RSDA Server: The remote host closed the connection.
[2026-04-10 20:32:53.666] [Application] [info] Loaded Path Mapping with 0 mapped directories. Set CarMaker home dir to 'C:/IPG/carmaker/win64-15.0'
[2026-04-10 20:32:54.430] [Application] [info] Loading Test Run from path C:/Users/harsh/Desktop/a_baja_simulation/Data/TestRun/Man_Autonomous_10/04
[2026-04-10 20:33:01.018] [Application] [warning] Socket Error in RSDA Server: The remote host closed the connection.
[2026-04-10 20:34:06.675] [Application] [warning] Socket Error in RSDA Server: The remote host closed the connection.
[2026-04-10 20:34:39.044] [Application] [warning] Socket Error in RSDA Server: The remote host closed the connection.
[2026-04-10 20:34:52.942] [Application] [info] APO Client: Disconnecting...
