[2026-04-12 19:16:55.987] [Application] [info] GPUSensor Server running: host=harsh port=11500
[2026-04-12 19:17:09.992] [Application] [info] Using RenderSettingsProfile: RenderSettings_high.cfg -> template_high.render
[2026-04-12 19:17:10.099] [Application] [info] Loading Installed scripts...
[2026-04-12 19:17:10.099] [Application] [info] Loading User scripts...
[2026-04-12 19:17:10.100] [Application] [info] Loading project scripts...
[2026-04-12 19:17:14.907] [Application] [warning] Socket Error in GPUSensor Server: The remote host closed the connection.
[2026-04-12 19:17:15.033] [Application] [info] APO: Successfully connected to: CarMaker 15.0 - Car_Generic @ Harsh(10.21.80.97):19488
[2026-04-12 19:17:15.185] [Application] [info] Loaded Path Mapping with 0 mapped directories. Set CarMaker home dir to 'C:/IPG/carmaker/win64-15.0'
[2026-04-12 19:17:15.236] [Application] [info] Using Ray Tracing Sensors Library version: 15.0.28 Nov 12 2025 - 16:19:39
[2026-04-12 19:17:15.241] [Application] [info] RSDA Server running: host=harsh port=2210
[2026-04-12 19:17:15.807] [Application] [info] Loading Test Run from path C:/Users/harsh/Desktop/a_baja_simulation/Data/TestRun/AEB_IPG
[2026-04-12 19:17:15.924] [Application] [warning] Could not find file TeamID_TeamName_Movie/TeamID_TeamName.objinfo. Search paths: C:/Users/harsh/Desktop/a_baja_simulation/MovieNX/data/,C:/IPG/movienx/win64-15.0/data
[2026-04-12 19:17:15.925] [Application] [warning] Could not find file TeamID_TeamName_Movie/TeamID_TeamName.node. Search paths: C:/Users/harsh/Desktop/a_baja_simulation/MovieNX/data/,C:/IPG/movienx/win64-15.0/data
[2026-04-12 19:17:15.925] [Application] [warning] EgoVehicle: missing 'body_B' node!
[2026-04-12 19:17:15.925] [Application] [warning] EgoVehicle: missing 'body_A2B' node!
[2026-04-12 19:17:15.957] [Application] [info] node wheel_carrier.fl missing in EgoVehicle, using dummy instead
[2026-04-12 19:17:15.957] [Application] [warning] EgoVehicle: wheel carrier  has no child node
[2026-04-12 19:17:15.958] [Application] [info] node wheel_carrier.fr missing in EgoVehicle, using clone instead
[2026-04-12 19:17:15.958] [Application] [warning] EgoVehicle: wheel carrier wheel_carrier.fr has no child node
[2026-04-12 19:17:15.958] [Application] [info] node wheel_carrier.rl missing in EgoVehicle, using clone instead
[2026-04-12 19:17:15.958] [Application] [warning] EgoVehicle: wheel carrier wheel_carrier.rl has no child node
[2026-04-12 19:17:15.958] [Application] [info] node wheel_carrier.rr missing in EgoVehicle, using clone instead
[2026-04-12 19:17:15.958] [Application] [warning] EgoVehicle: wheel carrier wheel_carrier.rr has no child node
[2026-04-12 19:17:17.321] [Application] [warning] Socket Error in RSDA Server: The remote host closed the connection.
[2026-04-12 19:17:54.373] [Application] [info] Loaded Path Mapping with 0 mapped directories. Set CarMaker home dir to 'C:/IPG/carmaker/win64-15.0'
[2026-04-12 19:17:54.931] [Application] [info] Loading Test Run from path C:/Users/harsh/Desktop/a_baja_simulation/Data/TestRun/AEB_IPG
[2026-04-12 19:17:55.043] [Application] [warning] Could not find file TeamID_TeamName_Movie/TeamID_TeamName.objinfo. Search paths: C:/Users/harsh/Desktop/a_baja_simulation/MovieNX/data/,C:/IPG/movienx/win64-15.0/data
[2026-04-12 19:17:55.044] [Application] [warning] Could not find file TeamID_TeamName_Movie/TeamID_TeamName.node. Search paths: C:/Users/harsh/Desktop/a_baja_simulation/MovieNX/data/,C:/IPG/movienx/win64-15.0/data
[2026-04-12 19:17:55.044] [Application] [warning] EgoVehicle: missing 'body_B' node!
[2026-04-12 19:17:55.044] [Application] [warning] EgoVehicle: missing 'body_A2B' node!
[2026-04-12 19:17:55.052] [Application] [info] node wheel_carrier.fl missing in EgoVehicle, using dummy instead
[2026-04-12 19:17:55.053] [Application] [warning] EgoVehicle: wheel carrier  has no child node
[2026-04-12 19:17:55.053] [Application] [info] node wheel_carrier.fr missing in EgoVehicle, using clone instead
[2026-04-12 19:17:55.053] [Application] [warning] EgoVehicle: wheel carrier wheel_carrier.fr has no child node
[2026-04-12 19:17:55.053] [Application] [info] node wheel_carrier.rl missing in EgoVehicle, using clone instead
[2026-04-12 19:17:55.053] [Application] [warning] EgoVehicle: wheel carrier wheel_carrier.rl has no child node
[2026-04-12 19:17:55.053] [Application] [info] node wheel_carrier.rr missing in EgoVehicle, using clone instead
[2026-04-12 19:17:55.053] [Application] [warning] EgoVehicle: wheel carrier wheel_carrier.rr has no child node
[2026-04-12 19:18:52.815] [Application] [info] Loaded Path Mapping with 0 mapped directories. Set CarMaker home dir to 'C:/IPG/carmaker/win64-15.0'
[2026-04-12 19:18:53.365] [Application] [info] Loading Test Run from path C:/Users/harsh/Desktop/a_baja_simulation/Data/TestRun/AEB_IPG
[2026-04-12 19:18:53.486] [Application] [warning] Could not find file TeamID_TeamName_Movie/TeamID_TeamName.objinfo. Search paths: C:/Users/harsh/Desktop/a_baja_simulation/MovieNX/data/,C:/IPG/movienx/win64-15.0/data
[2026-04-12 19:18:53.486] [Application] [warning] Could not find file TeamID_TeamName_Movie/TeamID_TeamName.node. Search paths: C:/Users/harsh/Desktop/a_baja_simulation/MovieNX/data/,C:/IPG/movienx/win64-15.0/data
[2026-04-12 19:18:53.486] [Application] [warning] EgoVehicle: missing 'body_B' node!
[2026-04-12 19:18:53.486] [Application] [warning] EgoVehicle: missing 'body_A2B' node!
[2026-04-12 19:18:53.495] [Application] [info] node wheel_carrier.fl missing in EgoVehicle, using dummy instead
[2026-04-12 19:18:53.495] [Application] [warning] EgoVehicle: wheel carrier  has no child node
[2026-04-12 19:18:53.495] [Application] [info] node wheel_carrier.fr missing in EgoVehicle, using clone instead
[2026-04-12 19:18:53.495] [Application] [warning] EgoVehicle: wheel carrier wheel_carrier.fr has no child node
[2026-04-12 19:18:53.495] [Application] [info] node wheel_carrier.rl missing in EgoVehicle, using clone instead
[2026-04-12 19:18:53.495] [Application] [warning] EgoVehicle: wheel carrier wheel_carrier.rl has no child node
[2026-04-12 19:18:53.495] [Application] [info] node wheel_carrier.rr missing in EgoVehicle, using clone instead
[2026-04-12 19:18:53.495] [Application] [warning] EgoVehicle: wheel carrier wheel_carrier.rr has no child node
[2026-04-12 19:19:45.306] [Application] [info] Loaded Path Mapping with 0 mapped directories. Set CarMaker home dir to 'C:/IPG/carmaker/win64-15.0'
[2026-04-12 19:19:45.852] [Application] [info] Loading Test Run from path C:/Users/harsh/Desktop/a_baja_simulation/Data/TestRun/AEB_IPG
[2026-04-12 19:19:45.973] [Application] [warning] Could not find file TeamID_TeamName_Movie/TeamID_TeamName.objinfo. Search paths: C:/Users/harsh/Desktop/a_baja_simulation/MovieNX/data/,C:/IPG/movienx/win64-15.0/data
[2026-04-12 19:19:45.974] [Application] [warning] Could not find file TeamID_TeamName_Movie/TeamID_TeamName.node. Search paths: C:/Users/harsh/Desktop/a_baja_simulation/MovieNX/data/,C:/IPG/movienx/win64-15.0/data
[2026-04-12 19:19:45.974] [Application] [warning] EgoVehicle: missing 'body_B' node!
[2026-04-12 19:19:45.974] [Application] [warning] EgoVehicle: missing 'body_A2B' node!
[2026-04-12 19:19:45.982] [Application] [info] node wheel_carrier.fl missing in EgoVehicle, using dummy instead
[2026-04-12 19:19:45.982] [Application] [warning] EgoVehicle: wheel carrier  has no child node
[2026-04-12 19:19:45.983] [Application] [info] node wheel_carrier.fr missing in EgoVehicle, using clone instead
[2026-04-12 19:19:45.983] [Application] [warning] EgoVehicle: wheel carrier wheel_carrier.fr has no child node
[2026-04-12 19:19:45.983] [Application] [info] node wheel_carrier.rl missing in EgoVehicle, using clone instead
[2026-04-12 19:19:45.983] [Application] [warning] EgoVehicle: wheel carrier wheel_carrier.rl has no child node
[2026-04-12 19:19:45.983] [Application] [info] node wheel_carrier.rr missing in EgoVehicle, using clone instead
[2026-04-12 19:19:45.983] [Application] [warning] EgoVehicle: wheel carrier wheel_carrier.rr has no child node
[2026-04-12 19:20:09.523] [Application] [info] Loaded Path Mapping with 0 mapped directories. Set CarMaker home dir to 'C:/IPG/carmaker/win64-15.0'
[2026-04-12 19:20:10.057] [Application] [info] Loading Test Run from path C:/Users/harsh/Desktop/a_baja_simulation/Data/TestRun/AEB_IPG
[2026-04-12 19:20:10.162] [Application] [warning] Could not find file TeamID_TeamName_Movie/TeamID_TeamName.objinfo. Search paths: C:/Users/harsh/Desktop/a_baja_simulation/MovieNX/data/,C:/IPG/movienx/win64-15.0/data
[2026-04-12 19:20:10.163] [Application] [warning] Could not find file TeamID_TeamName_Movie/TeamID_TeamName.node. Search paths: C:/Users/harsh/Desktop/a_baja_simulation/MovieNX/data/,C:/IPG/movienx/win64-15.0/data
[2026-04-12 19:20:10.163] [Application] [warning] EgoVehicle: missing 'body_B' node!
[2026-04-12 19:20:10.163] [Application] [warning] EgoVehicle: missing 'body_A2B' node!
[2026-04-12 19:20:10.170] [Application] [info] node wheel_carrier.fl missing in EgoVehicle, using dummy instead
[2026-04-12 19:20:10.170] [Application] [warning] EgoVehicle: wheel carrier  has no child node
[2026-04-12 19:20:10.170] [Application] [info] node wheel_carrier.fr missing in EgoVehicle, using clone instead
[2026-04-12 19:20:10.170] [Application] [warning] EgoVehicle: wheel carrier wheel_carrier.fr has no child node
[2026-04-12 19:20:10.170] [Application] [info] node wheel_carrier.rl missing in EgoVehicle, using clone instead
[2026-04-12 19:20:10.170] [Application] [warning] EgoVehicle: wheel carrier wheel_carrier.rl has no child node
[2026-04-12 19:20:10.171] [Application] [info] node wheel_carrier.rr missing in EgoVehicle, using clone instead
[2026-04-12 19:20:10.171] [Application] [warning] EgoVehicle: wheel carrier wheel_carrier.rr has no child node
[2026-04-12 19:29:13.289] [Application] [info] APO Client: Disconnecting...
