[2026-04-11 18:01:57.613] [Application] [info] GPUSensor Server running: host=harsh port=11500
[2026-04-11 18:02:09.508] [Application] [info] Using RenderSettingsProfile: RenderSettings_high.cfg -> template_high.render
[2026-04-11 18:02:09.629] [Application] [info] Loading Installed scripts...
[2026-04-11 18:02:09.629] [Application] [info] Loading User scripts...
[2026-04-11 18:02:09.630] [Application] [info] Loading project scripts...
[2026-04-11 18:02:13.022] [Application] [warning] Socket Error in GPUSensor Server: The remote host closed the connection.
[2026-04-11 18:02:13.159] [Application] [info] APO: Successfully connected to: CarMaker 15.0 - Car_Generic @ Harsh(10.21.83.120):7296
[2026-04-11 18:02:13.229] [Application] [info] Loaded Path Mapping with 0 mapped directories. Set CarMaker home dir to 'C:/IPG/carmaker/win64-15.0'
[2026-04-11 18:02:13.445] [Application] [info] Using Ray Tracing Sensors Library version: 15.0.28 Nov 12 2025 - 16:19:39
[2026-04-11 18:02:13.450] [Application] [info] RSDA Server running: host=harsh port=2212
[2026-04-11 18:02:14.016] [Application] [info] Loading Test Run from path C:/Users/harsh/Desktop/a_baja_simulation/Data/TestRun/.tmp_Harsh_harsh.0
[2026-04-11 18:02:14.124] [Application] [warning] Could not find file ..node. Search paths: C:/Users/harsh/Desktop/a_baja_simulation/MovieNX/data/,C:/IPG/movienx/win64-15.0/data
[2026-04-11 18:02:14.124] [Application] [warning] EgoVehicle: missing 'body_B' node!
[2026-04-11 18:02:14.124] [Application] [warning] EgoVehicle: missing 'body_A2B' node!
[2026-04-11 18:02:14.156] [Application] [info] node wheel_carrier.fl missing in EgoVehicle, using dummy instead
[2026-04-11 18:02:14.156] [Application] [warning] EgoVehicle: wheel carrier  has no child node
[2026-04-11 18:02:14.157] [Application] [info] node wheel_carrier.fr missing in EgoVehicle, using clone instead
[2026-04-11 18:02:14.157] [Application] [warning] EgoVehicle: wheel carrier wheel_carrier.fr has no child node
[2026-04-11 18:02:14.157] [Application] [info] node wheel_carrier.rl missing in EgoVehicle, using clone instead
[2026-04-11 18:02:14.157] [Application] [warning] EgoVehicle: wheel carrier wheel_carrier.rl has no child node
[2026-04-11 18:02:14.157] [Application] [info] node wheel_carrier.rr missing in EgoVehicle, using clone instead
[2026-04-11 18:02:14.157] [Application] [warning] EgoVehicle: wheel carrier wheel_carrier.rr has no child node
[2026-04-11 18:02:41.221] [Application] [info] Loaded Path Mapping with 0 mapped directories. Set CarMaker home dir to 'C:/IPG/carmaker/win64-15.0'
[2026-04-11 18:02:41.957] [Application] [info] Loading Test Run from path C:/Users/harsh/Desktop/a_baja_simulation/Data/TestRun/.tmp_Harsh_harsh.1
[2026-04-11 18:02:42.062] [Application] [warning] Could not find file ..node. Search paths: C:/Users/harsh/Desktop/a_baja_simulation/MovieNX/data/,C:/IPG/movienx/win64-15.0/data
[2026-04-11 18:02:42.062] [Application] [warning] EgoVehicle: missing 'body_B' node!
[2026-04-11 18:02:42.062] [Application] [warning] EgoVehicle: missing 'body_A2B' node!
[2026-04-11 18:02:42.070] [Application] [info] node wheel_carrier.fl missing in EgoVehicle, using dummy instead
[2026-04-11 18:02:42.070] [Application] [warning] EgoVehicle: wheel carrier  has no child node
[2026-04-11 18:02:42.070] [Application] [info] node wheel_carrier.fr missing in EgoVehicle, using clone instead
[2026-04-11 18:02:42.070] [Application] [warning] EgoVehicle: wheel carrier wheel_carrier.fr has no child node
[2026-04-11 18:02:42.070] [Application] [info] node wheel_carrier.rl missing in EgoVehicle, using clone instead
[2026-04-11 18:02:42.070] [Application] [warning] EgoVehicle: wheel carrier wheel_carrier.rl has no child node
[2026-04-11 18:02:42.070] [Application] [info] node wheel_carrier.rr missing in EgoVehicle, using clone instead
[2026-04-11 18:02:42.070] [Application] [warning] EgoVehicle: wheel carrier wheel_carrier.rr has no child node
[2026-04-11 18:11:23.424] [Application] [info] Loaded Path Mapping with 0 mapped directories. Set CarMaker home dir to 'C:/IPG/carmaker/win64-15.0'
[2026-04-11 18:11:24.118] [Application] [info] Loading Test Run from path C:/Users/harsh/Desktop/a_baja_simulation/Data/TestRun/.tmp_Harsh_harsh.0
[2026-04-11 18:11:24.214] [Application] [warning] Could not find file ..node. Search paths: C:/Users/harsh/Desktop/a_baja_simulation/MovieNX/data/,C:/IPG/movienx/win64-15.0/data
[2026-04-11 18:11:24.214] [Application] [warning] EgoVehicle: missing 'body_B' node!
[2026-04-11 18:11:24.214] [Application] [warning] EgoVehicle: missing 'body_A2B' node!
[2026-04-11 18:11:24.221] [Application] [info] node wheel_carrier.fl missing in EgoVehicle, using dummy instead
[2026-04-11 18:11:24.221] [Application] [warning] EgoVehicle: wheel carrier  has no child node
[2026-04-11 18:11:24.222] [Application] [info] node wheel_carrier.fr missing in EgoVehicle, using clone instead
[2026-04-11 18:11:24.222] [Application] [warning] EgoVehicle: wheel carrier wheel_carrier.fr has no child node
[2026-04-11 18:11:24.222] [Application] [info] node wheel_carrier.rl missing in EgoVehicle, using clone instead
[2026-04-11 18:11:24.222] [Application] [warning] EgoVehicle: wheel carrier wheel_carrier.rl has no child node
[2026-04-11 18:11:24.222] [Application] [info] node wheel_carrier.rr missing in EgoVehicle, using clone instead
[2026-04-11 18:11:24.222] [Application] [warning] EgoVehicle: wheel carrier wheel_carrier.rr has no child node
[2026-04-11 18:11:48.184] [Application] [info] Loaded Path Mapping with 0 mapped directories. Set CarMaker home dir to 'C:/IPG/carmaker/win64-15.0'
[2026-04-11 18:11:48.856] [Application] [info] Loading Test Run from path C:/Users/harsh/Desktop/a_baja_simulation/Data/TestRun/.tmp_Harsh_harsh.1
[2026-04-11 18:11:48.980] [Application] [warning] Could not find file ..node. Search paths: C:/Users/harsh/Desktop/a_baja_simulation/MovieNX/data/,C:/IPG/movienx/win64-15.0/data
[2026-04-11 18:11:48.980] [Application] [warning] EgoVehicle: missing 'body_B' node!
[2026-04-11 18:11:48.980] [Application] [warning] EgoVehicle: missing 'body_A2B' node!
[2026-04-11 18:11:48.987] [Application] [info] node wheel_carrier.fl missing in EgoVehicle, using dummy instead
[2026-04-11 18:11:48.987] [Application] [warning] EgoVehicle: wheel carrier  has no child node
[2026-04-11 18:11:48.987] [Application] [info] node wheel_carrier.fr missing in EgoVehicle, using clone instead
[2026-04-11 18:11:48.987] [Application] [warning] EgoVehicle: wheel carrier wheel_carrier.fr has no child node
[2026-04-11 18:11:48.987] [Application] [info] node wheel_carrier.rl missing in EgoVehicle, using clone instead
[2026-04-11 18:11:48.987] [Application] [warning] EgoVehicle: wheel carrier wheel_carrier.rl has no child node
[2026-04-11 18:11:48.987] [Application] [info] node wheel_carrier.rr missing in EgoVehicle, using clone instead
[2026-04-11 18:11:48.987] [Application] [warning] EgoVehicle: wheel carrier wheel_carrier.rr has no child node
[2026-04-11 18:12:43.644] [Application] [info] Loaded Path Mapping with 0 mapped directories. Set CarMaker home dir to 'C:/IPG/carmaker/win64-15.0'
[2026-04-11 18:12:44.310] [Application] [info] Loading Test Run from path C:/Users/harsh/Desktop/a_baja_simulation/Data/TestRun/.tmp_Harsh_harsh.0
[2026-04-11 18:12:44.424] [Application] [warning] Could not find file ..node. Search paths: C:/Users/harsh/Desktop/a_baja_simulation/MovieNX/data/,C:/IPG/movienx/win64-15.0/data
[2026-04-11 18:12:44.424] [Application] [warning] EgoVehicle: missing 'body_B' node!
[2026-04-11 18:12:44.424] [Application] [warning] EgoVehicle: missing 'body_A2B' node!
[2026-04-11 18:12:44.432] [Application] [info] node wheel_carrier.fl missing in EgoVehicle, using dummy instead
[2026-04-11 18:12:44.432] [Application] [warning] EgoVehicle: wheel carrier  has no child node
[2026-04-11 18:12:44.432] [Application] [info] node wheel_carrier.fr missing in EgoVehicle, using clone instead
[2026-04-11 18:12:44.432] [Application] [warning] EgoVehicle: wheel carrier wheel_carrier.fr has no child node
[2026-04-11 18:12:44.432] [Application] [info] node wheel_carrier.rl missing in EgoVehicle, using clone instead
[2026-04-11 18:12:44.433] [Application] [warning] EgoVehicle: wheel carrier wheel_carrier.rl has no child node
[2026-04-11 18:12:44.433] [Application] [info] node wheel_carrier.rr missing in EgoVehicle, using clone instead
[2026-04-11 18:12:44.433] [Application] [warning] EgoVehicle: wheel carrier wheel_carrier.rr has no child node
[2026-04-11 18:13:55.631] [Application] [info] Loaded Path Mapping with 0 mapped directories. Set CarMaker home dir to 'C:/IPG/carmaker/win64-15.0'
[2026-04-11 18:13:56.293] [Application] [info] Loading Test Run from path C:/Users/harsh/Desktop/a_baja_simulation/Data/TestRun/.tmp_Harsh_harsh.1
[2026-04-11 18:13:56.401] [Application] [warning] Could not find file ..node. Search paths: C:/Users/harsh/Desktop/a_baja_simulation/MovieNX/data/,C:/IPG/movienx/win64-15.0/data
[2026-04-11 18:13:56.401] [Application] [warning] EgoVehicle: missing 'body_B' node!
[2026-04-11 18:13:56.401] [Application] [warning] EgoVehicle: missing 'body_A2B' node!
[2026-04-11 18:13:56.408] [Application] [info] node wheel_carrier.fl missing in EgoVehicle, using dummy instead
[2026-04-11 18:13:56.408] [Application] [warning] EgoVehicle: wheel carrier  has no child node
[2026-04-11 18:13:56.408] [Application] [info] node wheel_carrier.fr missing in EgoVehicle, using clone instead
[2026-04-11 18:13:56.408] [Application] [warning] EgoVehicle: wheel carrier wheel_carrier.fr has no child node
[2026-04-11 18:13:56.408] [Application] [info] node wheel_carrier.rl missing in EgoVehicle, using clone instead
[2026-04-11 18:13:56.408] [Application] [warning] EgoVehicle: wheel carrier wheel_carrier.rl has no child node
[2026-04-11 18:13:56.408] [Application] [info] node wheel_carrier.rr missing in EgoVehicle, using clone instead
[2026-04-11 18:13:56.408] [Application] [warning] EgoVehicle: wheel carrier wheel_carrier.rr has no child node
[2026-04-11 18:14:31.504] [Application] [info] Loaded Path Mapping with 0 mapped directories. Set CarMaker home dir to 'C:/IPG/carmaker/win64-15.0'
[2026-04-11 18:14:32.162] [Application] [info] Loading Test Run from path C:/Users/harsh/Desktop/a_baja_simulation/Data/TestRun/.tmp_Harsh_harsh.0
[2026-04-11 18:14:32.258] [Application] [warning] Could not find file ..node. Search paths: C:/Users/harsh/Desktop/a_baja_simulation/MovieNX/data/,C:/IPG/movienx/win64-15.0/data
[2026-04-11 18:14:32.258] [Application] [warning] EgoVehicle: missing 'body_B' node!
[2026-04-11 18:14:32.258] [Application] [warning] EgoVehicle: missing 'body_A2B' node!
[2026-04-11 18:14:32.264] [Application] [info] node wheel_carrier.fl missing in EgoVehicle, using dummy instead
[2026-04-11 18:14:32.264] [Application] [warning] EgoVehicle: wheel carrier  has no child node
[2026-04-11 18:14:32.264] [Application] [info] node wheel_carrier.fr missing in EgoVehicle, using clone instead
[2026-04-11 18:14:32.264] [Application] [warning] EgoVehicle: wheel carrier wheel_carrier.fr has no child node
[2026-04-11 18:14:32.264] [Application] [info] node wheel_carrier.rl missing in EgoVehicle, using clone instead
[2026-04-11 18:14:32.264] [Application] [warning] EgoVehicle: wheel carrier wheel_carrier.rl has no child node
[2026-04-11 18:14:32.265] [Application] [info] node wheel_carrier.rr missing in EgoVehicle, using clone instead
[2026-04-11 18:14:32.265] [Application] [warning] EgoVehicle: wheel carrier wheel_carrier.rr has no child node
[2026-04-11 18:15:54.620] [Application] [info] Loaded Path Mapping with 0 mapped directories. Set CarMaker home dir to 'C:/IPG/carmaker/win64-15.0'
[2026-04-11 18:15:55.278] [Application] [info] Loading Test Run from path C:/Users/harsh/Desktop/a_baja_simulation/Data/TestRun/.tmp_Harsh_harsh.1
[2026-04-11 18:15:55.383] [Application] [warning] Could not find file ..node. Search paths: C:/Users/harsh/Desktop/a_baja_simulation/MovieNX/data/,C:/IPG/movienx/win64-15.0/data
[2026-04-11 18:15:55.383] [Application] [warning] EgoVehicle: missing 'body_B' node!
[2026-04-11 18:15:55.383] [Application] [warning] EgoVehicle: missing 'body_A2B' node!
[2026-04-11 18:15:55.390] [Application] [info] node wheel_carrier.fl missing in EgoVehicle, using dummy instead
[2026-04-11 18:15:55.390] [Application] [warning] EgoVehicle: wheel carrier  has no child node
[2026-04-11 18:15:55.390] [Application] [info] node wheel_carrier.fr missing in EgoVehicle, using clone instead
[2026-04-11 18:15:55.390] [Application] [warning] EgoVehicle: wheel carrier wheel_carrier.fr has no child node
[2026-04-11 18:15:55.390] [Application] [info] node wheel_carrier.rl missing in EgoVehicle, using clone instead
[2026-04-11 18:15:55.390] [Application] [warning] EgoVehicle: wheel carrier wheel_carrier.rl has no child node
[2026-04-11 18:15:55.391] [Application] [info] node wheel_carrier.rr missing in EgoVehicle, using clone instead
[2026-04-11 18:15:55.391] [Application] [warning] EgoVehicle: wheel carrier wheel_carrier.rr has no child node
[2026-04-11 18:16:49.857] [Application] [info] Loaded Path Mapping with 0 mapped directories. Set CarMaker home dir to 'C:/IPG/carmaker/win64-15.0'
[2026-04-11 18:16:50.525] [Application] [info] Loading Test Run from path C:/Users/harsh/Desktop/a_baja_simulation/Data/TestRun/.tmp_Harsh_harsh.0
[2026-04-11 18:16:50.647] [Application] [warning] Could not find file ..node. Search paths: C:/Users/harsh/Desktop/a_baja_simulation/MovieNX/data/,C:/IPG/movienx/win64-15.0/data
[2026-04-11 18:16:50.647] [Application] [warning] EgoVehicle: missing 'body_B' node!
[2026-04-11 18:16:50.647] [Application] [warning] EgoVehicle: missing 'body_A2B' node!
[2026-04-11 18:16:50.656] [Application] [info] node wheel_carrier.fl missing in EgoVehicle, using dummy instead
[2026-04-11 18:16:50.656] [Application] [warning] EgoVehicle: wheel carrier  has no child node
[2026-04-11 18:16:50.656] [Application] [info] node wheel_carrier.fr missing in EgoVehicle, using clone instead
[2026-04-11 18:16:50.656] [Application] [warning] EgoVehicle: wheel carrier wheel_carrier.fr has no child node
[2026-04-11 18:16:50.656] [Application] [info] node wheel_carrier.rl missing in EgoVehicle, using clone instead
[2026-04-11 18:16:50.656] [Application] [warning] EgoVehicle: wheel carrier wheel_carrier.rl has no child node
[2026-04-11 18:16:50.656] [Application] [info] node wheel_carrier.rr missing in EgoVehicle, using clone instead
[2026-04-11 18:16:50.657] [Application] [warning] EgoVehicle: wheel carrier wheel_carrier.rr has no child node
[2026-04-11 18:18:31.466] [Application] [info] Loaded Path Mapping with 0 mapped directories. Set CarMaker home dir to 'C:/IPG/carmaker/win64-15.0'
[2026-04-11 18:18:32.159] [Application] [info] Loading Test Run from path C:/Users/harsh/Desktop/a_baja_simulation/Data/TestRun/.tmp_Harsh_harsh.1
[2026-04-11 18:18:32.247] [Application] [warning] Could not find file ..node. Search paths: C:/Users/harsh/Desktop/a_baja_simulation/MovieNX/data/,C:/IPG/movienx/win64-15.0/data
[2026-04-11 18:18:32.247] [Application] [warning] EgoVehicle: missing 'body_B' node!
[2026-04-11 18:18:32.247] [Application] [warning] EgoVehicle: missing 'body_A2B' node!
[2026-04-11 18:18:32.253] [Application] [info] node wheel_carrier.fl missing in EgoVehicle, using dummy instead
[2026-04-11 18:18:32.253] [Application] [warning] EgoVehicle: wheel carrier  has no child node
[2026-04-11 18:18:32.254] [Application] [info] node wheel_carrier.fr missing in EgoVehicle, using clone instead
[2026-04-11 18:18:32.254] [Application] [warning] EgoVehicle: wheel carrier wheel_carrier.fr has no child node
[2026-04-11 18:18:32.254] [Application] [info] node wheel_carrier.rl missing in EgoVehicle, using clone instead
[2026-04-11 18:18:32.254] [Application] [warning] EgoVehicle: wheel carrier wheel_carrier.rl has no child node
[2026-04-11 18:18:32.254] [Application] [info] node wheel_carrier.rr missing in EgoVehicle, using clone instead
[2026-04-11 18:18:32.254] [Application] [warning] EgoVehicle: wheel carrier wheel_carrier.rr has no child node
[2026-04-11 18:20:30.287] [Application] [info] Loaded Path Mapping with 0 mapped directories. Set CarMaker home dir to 'C:/IPG/carmaker/win64-15.0'
[2026-04-11 18:20:31.041] [Application] [info] Loading Test Run from path C:/Users/harsh/Desktop/a_baja_simulation/Data/TestRun/.tmp_Harsh_harsh.0
[2026-04-11 18:20:31.166] [Application] [warning] Could not find file ..node. Search paths: C:/Users/harsh/Desktop/a_baja_simulation/MovieNX/data/,C:/IPG/movienx/win64-15.0/data
[2026-04-11 18:20:31.166] [Application] [warning] EgoVehicle: missing 'body_B' node!
[2026-04-11 18:20:31.166] [Application] [warning] EgoVehicle: missing 'body_A2B' node!
[2026-04-11 18:20:31.175] [Application] [info] node wheel_carrier.fl missing in EgoVehicle, using dummy instead
[2026-04-11 18:20:31.175] [Application] [warning] EgoVehicle: wheel carrier  has no child node
[2026-04-11 18:20:31.175] [Application] [info] node wheel_carrier.fr missing in EgoVehicle, using clone instead
[2026-04-11 18:20:31.175] [Application] [warning] EgoVehicle: wheel carrier wheel_carrier.fr has no child node
[2026-04-11 18:20:31.175] [Application] [info] node wheel_carrier.rl missing in EgoVehicle, using clone instead
[2026-04-11 18:20:31.175] [Application] [warning] EgoVehicle: wheel carrier wheel_carrier.rl has no child node
[2026-04-11 18:20:31.175] [Application] [info] node wheel_carrier.rr missing in EgoVehicle, using clone instead
[2026-04-11 18:20:31.175] [Application] [warning] EgoVehicle: wheel carrier wheel_carrier.rr has no child node
[2026-04-11 18:25:17.150] [Application] [info] Loaded Path Mapping with 0 mapped directories. Set CarMaker home dir to 'C:/IPG/carmaker/win64-15.0'
[2026-04-11 18:25:17.820] [Application] [info] Loading Test Run from path C:/Users/harsh/Desktop/a_baja_simulation/Data/TestRun/.tmp_Harsh_harsh.1
[2026-04-11 18:25:17.935] [Application] [warning] Could not find file ..node. Search paths: C:/Users/harsh/Desktop/a_baja_simulation/MovieNX/data/,C:/IPG/movienx/win64-15.0/data
[2026-04-11 18:25:17.936] [Application] [warning] EgoVehicle: missing 'body_B' node!
[2026-04-11 18:25:17.936] [Application] [warning] EgoVehicle: missing 'body_A2B' node!
[2026-04-11 18:25:17.943] [Application] [info] node wheel_carrier.fl missing in EgoVehicle, using dummy instead
[2026-04-11 18:25:17.943] [Application] [warning] EgoVehicle: wheel carrier  has no child node
[2026-04-11 18:25:17.944] [Application] [info] node wheel_carrier.fr missing in EgoVehicle, using clone instead
[2026-04-11 18:25:17.944] [Application] [warning] EgoVehicle: wheel carrier wheel_carrier.fr has no child node
[2026-04-11 18:25:17.944] [Application] [info] node wheel_carrier.rl missing in EgoVehicle, using clone instead
[2026-04-11 18:25:17.944] [Application] [warning] EgoVehicle: wheel carrier wheel_carrier.rl has no child node
[2026-04-11 18:25:17.944] [Application] [info] node wheel_carrier.rr missing in EgoVehicle, using clone instead
[2026-04-11 18:25:17.944] [Application] [warning] EgoVehicle: wheel carrier wheel_carrier.rr has no child node
[2026-04-11 18:27:04.727] [Application] [info] Loaded Path Mapping with 0 mapped directories. Set CarMaker home dir to 'C:/IPG/carmaker/win64-15.0'
[2026-04-11 18:27:05.415] [Application] [info] Loading Test Run from path C:/Users/harsh/Desktop/a_baja_simulation/Data/TestRun/.tmp_Harsh_harsh.0
[2026-04-11 18:27:05.531] [Application] [warning] Could not find file ..node. Search paths: C:/Users/harsh/Desktop/a_baja_simulation/MovieNX/data/,C:/IPG/movienx/win64-15.0/data
[2026-04-11 18:27:05.531] [Application] [warning] EgoVehicle: missing 'body_B' node!
[2026-04-11 18:27:05.531] [Application] [warning] EgoVehicle: missing 'body_A2B' node!
[2026-04-11 18:27:05.538] [Application] [info] node wheel_carrier.fl missing in EgoVehicle, using dummy instead
[2026-04-11 18:27:05.538] [Application] [warning] EgoVehicle: wheel carrier  has no child node
[2026-04-11 18:27:05.538] [Application] [info] node wheel_carrier.fr missing in EgoVehicle, using clone instead
[2026-04-11 18:27:05.538] [Application] [warning] EgoVehicle: wheel carrier wheel_carrier.fr has no child node
[2026-04-11 18:27:05.538] [Application] [info] node wheel_carrier.rl missing in EgoVehicle, using clone instead
[2026-04-11 18:27:05.539] [Application] [warning] EgoVehicle: wheel carrier wheel_carrier.rl has no child node
[2026-04-11 18:27:05.539] [Application] [info] node wheel_carrier.rr missing in EgoVehicle, using clone instead
[2026-04-11 18:27:05.539] [Application] [warning] EgoVehicle: wheel carrier wheel_carrier.rr has no child node
[2026-04-11 18:29:31.863] [Application] [info] Loaded Path Mapping with 0 mapped directories. Set CarMaker home dir to 'C:/IPG/carmaker/win64-15.0'
[2026-04-11 18:29:32.538] [Application] [info] Loading Test Run from path C:/Users/harsh/Desktop/a_baja_simulation/Data/TestRun/.tmp_Harsh_harsh.1
[2026-04-11 18:29:32.639] [Application] [warning] Could not find file ..node. Search paths: C:/Users/harsh/Desktop/a_baja_simulation/MovieNX/data/,C:/IPG/movienx/win64-15.0/data
[2026-04-11 18:29:32.639] [Application] [warning] EgoVehicle: missing 'body_B' node!
[2026-04-11 18:29:32.639] [Application] [warning] EgoVehicle: missing 'body_A2B' node!
[2026-04-11 18:29:32.649] [Application] [info] node wheel_carrier.fl missing in EgoVehicle, using dummy instead
[2026-04-11 18:29:32.649] [Application] [warning] EgoVehicle: wheel carrier  has no child node
[2026-04-11 18:29:32.649] [Application] [info] node wheel_carrier.fr missing in EgoVehicle, using clone instead
[2026-04-11 18:29:32.649] [Application] [warning] EgoVehicle: wheel carrier wheel_carrier.fr has no child node
[2026-04-11 18:29:32.649] [Application] [info] node wheel_carrier.rl missing in EgoVehicle, using clone instead
[2026-04-11 18:29:32.649] [Application] [warning] EgoVehicle: wheel carrier wheel_carrier.rl has no child node
[2026-04-11 18:29:32.650] [Application] [info] node wheel_carrier.rr missing in EgoVehicle, using clone instead
[2026-04-11 18:29:32.650] [Application] [warning] EgoVehicle: wheel carrier wheel_carrier.rr has no child node
[2026-04-11 18:30:21.686] [Application] [info] Loaded Path Mapping with 0 mapped directories. Set CarMaker home dir to 'C:/IPG/carmaker/win64-15.0'
[2026-04-11 18:30:22.374] [Application] [info] Loading Test Run from path C:/Users/harsh/Desktop/a_baja_simulation/Data/TestRun/.tmp_Harsh_harsh.0
[2026-04-11 18:30:22.494] [Application] [warning] Could not find file ..node. Search paths: C:/Users/harsh/Desktop/a_baja_simulation/MovieNX/data/,C:/IPG/movienx/win64-15.0/data
[2026-04-11 18:30:22.494] [Application] [warning] EgoVehicle: missing 'body_B' node!
[2026-04-11 18:30:22.494] [Application] [warning] EgoVehicle: missing 'body_A2B' node!
[2026-04-11 18:30:22.503] [Application] [info] node wheel_carrier.fl missing in EgoVehicle, using dummy instead
[2026-04-11 18:30:22.504] [Application] [warning] EgoVehicle: wheel carrier  has no child node
[2026-04-11 18:30:22.504] [Application] [info] node wheel_carrier.fr missing in EgoVehicle, using clone instead
[2026-04-11 18:30:22.504] [Application] [warning] EgoVehicle: wheel carrier wheel_carrier.fr has no child node
[2026-04-11 18:30:22.504] [Application] [info] node wheel_carrier.rl missing in EgoVehicle, using clone instead
[2026-04-11 18:30:22.504] [Application] [warning] EgoVehicle: wheel carrier wheel_carrier.rl has no child node
[2026-04-11 18:30:22.504] [Application] [info] node wheel_carrier.rr missing in EgoVehicle, using clone instead
[2026-04-11 18:30:22.504] [Application] [warning] EgoVehicle: wheel carrier wheel_carrier.rr has no child node
[2026-04-11 18:30:48.995] [Application] [info] Loaded Path Mapping with 0 mapped directories. Set CarMaker home dir to 'C:/IPG/carmaker/win64-15.0'
[2026-04-11 18:30:49.665] [Application] [info] Loading Test Run from path C:/Users/harsh/Desktop/a_baja_simulation/Data/TestRun/.tmp_Harsh_harsh.1
[2026-04-11 18:30:49.766] [Application] [warning] Could not find file ..node. Search paths: C:/Users/harsh/Desktop/a_baja_simulation/MovieNX/data/,C:/IPG/movienx/win64-15.0/data
[2026-04-11 18:30:49.766] [Application] [warning] EgoVehicle: missing 'body_B' node!
[2026-04-11 18:30:49.766] [Application] [warning] EgoVehicle: missing 'body_A2B' node!
[2026-04-11 18:30:49.773] [Application] [info] node wheel_carrier.fl missing in EgoVehicle, using dummy instead
[2026-04-11 18:30:49.773] [Application] [warning] EgoVehicle: wheel carrier  has no child node
[2026-04-11 18:30:49.773] [Application] [info] node wheel_carrier.fr missing in EgoVehicle, using clone instead
[2026-04-11 18:30:49.773] [Application] [warning] EgoVehicle: wheel carrier wheel_carrier.fr has no child node
[2026-04-11 18:30:49.773] [Application] [info] node wheel_carrier.rl missing in EgoVehicle, using clone instead
[2026-04-11 18:30:49.773] [Application] [warning] EgoVehicle: wheel carrier wheel_carrier.rl has no child node
[2026-04-11 18:30:49.773] [Application] [info] node wheel_carrier.rr missing in EgoVehicle, using clone instead
[2026-04-11 18:30:49.773] [Application] [warning] EgoVehicle: wheel carrier wheel_carrier.rr has no child node
[2026-04-11 18:45:41.156] [Application] [info] Loaded Path Mapping with 0 mapped directories. Set CarMaker home dir to 'C:/IPG/carmaker/win64-15.0'
[2026-04-11 18:45:41.836] [Application] [info] Loading Test Run from path C:/Users/harsh/Desktop/a_baja_simulation/Data/TestRun/.tmp_Harsh_harsh.0
[2026-04-11 18:45:41.954] [Application] [warning] Could not find file ..node. Search paths: C:/Users/harsh/Desktop/a_baja_simulation/MovieNX/data/,C:/IPG/movienx/win64-15.0/data
[2026-04-11 18:45:41.954] [Application] [warning] EgoVehicle: missing 'body_B' node!
[2026-04-11 18:45:41.954] [Application] [warning] EgoVehicle: missing 'body_A2B' node!
[2026-04-11 18:45:41.961] [Application] [info] node wheel_carrier.fl missing in EgoVehicle, using dummy instead
[2026-04-11 18:45:41.961] [Application] [warning] EgoVehicle: wheel carrier  has no child node
[2026-04-11 18:45:41.961] [Application] [info] node wheel_carrier.fr missing in EgoVehicle, using clone instead
[2026-04-11 18:45:41.961] [Application] [warning] EgoVehicle: wheel carrier wheel_carrier.fr has no child node
[2026-04-11 18:45:41.961] [Application] [info] node wheel_carrier.rl missing in EgoVehicle, using clone instead
[2026-04-11 18:45:41.961] [Application] [warning] EgoVehicle: wheel carrier wheel_carrier.rl has no child node
[2026-04-11 18:45:41.961] [Application] [info] node wheel_carrier.rr missing in EgoVehicle, using clone instead
[2026-04-11 18:45:41.961] [Application] [warning] EgoVehicle: wheel carrier wheel_carrier.rr has no child node
[2026-04-11 18:47:23.467] [Application] [info] Loaded Path Mapping with 0 mapped directories. Set CarMaker home dir to 'C:/IPG/carmaker/win64-15.0'
[2026-04-11 18:47:24.208] [Application] [info] Loading Test Run from path C:/Users/harsh/Desktop/a_baja_simulation/Data/TestRun/.tmp_Harsh_harsh.1
[2026-04-11 18:47:24.305] [Application] [warning] Could not find file ..node. Search paths: C:/Users/harsh/Desktop/a_baja_simulation/MovieNX/data/,C:/IPG/movienx/win64-15.0/data
[2026-04-11 18:47:24.305] [Application] [warning] EgoVehicle: missing 'body_B' node!
[2026-04-11 18:47:24.305] [Application] [warning] EgoVehicle: missing 'body_A2B' node!
[2026-04-11 18:47:24.312] [Application] [info] node wheel_carrier.fl missing in EgoVehicle, using dummy instead
[2026-04-11 18:47:24.312] [Application] [warning] EgoVehicle: wheel carrier  has no child node
[2026-04-11 18:47:24.312] [Application] [info] node wheel_carrier.fr missing in EgoVehicle, using clone instead
[2026-04-11 18:47:24.312] [Application] [warning] EgoVehicle: wheel carrier wheel_carrier.fr has no child node
[2026-04-11 18:47:24.312] [Application] [info] node wheel_carrier.rl missing in EgoVehicle, using clone instead
[2026-04-11 18:47:24.312] [Application] [warning] EgoVehicle: wheel carrier wheel_carrier.rl has no child node
[2026-04-11 18:47:24.312] [Application] [info] node wheel_carrier.rr missing in EgoVehicle, using clone instead
[2026-04-11 18:47:24.312] [Application] [warning] EgoVehicle: wheel carrier wheel_carrier.rr has no child node
[2026-04-11 18:48:59.305] [Application] [info] Loaded Path Mapping with 0 mapped directories. Set CarMaker home dir to 'C:/IPG/carmaker/win64-15.0'
[2026-04-11 18:48:59.969] [Application] [info] Loading Test Run from path C:/Users/harsh/Desktop/a_baja_simulation/Data/TestRun/.tmp_Harsh_harsh.0
[2026-04-11 18:49:00.096] [Application] [warning] Could not find file ..node. Search paths: C:/Users/harsh/Desktop/a_baja_simulation/MovieNX/data/,C:/IPG/movienx/win64-15.0/data
[2026-04-11 18:49:00.096] [Application] [warning] EgoVehicle: missing 'body_B' node!
[2026-04-11 18:49:00.096] [Application] [warning] EgoVehicle: missing 'body_A2B' node!
[2026-04-11 18:49:00.105] [Application] [info] node wheel_carrier.fl missing in EgoVehicle, using dummy instead
[2026-04-11 18:49:00.105] [Application] [warning] EgoVehicle: wheel carrier  has no child node
[2026-04-11 18:49:00.105] [Application] [info] node wheel_carrier.fr missing in EgoVehicle, using clone instead
[2026-04-11 18:49:00.105] [Application] [warning] EgoVehicle: wheel carrier wheel_carrier.fr has no child node
[2026-04-11 18:49:00.105] [Application] [info] node wheel_carrier.rl missing in EgoVehicle, using clone instead
[2026-04-11 18:49:00.105] [Application] [warning] EgoVehicle: wheel carrier wheel_carrier.rl has no child node
[2026-04-11 18:49:00.105] [Application] [info] node wheel_carrier.rr missing in EgoVehicle, using clone instead
[2026-04-11 18:49:00.105] [Application] [warning] EgoVehicle: wheel carrier wheel_carrier.rr has no child node
[2026-04-11 18:50:46.797] [Application] [info] Loaded Path Mapping with 0 mapped directories. Set CarMaker home dir to 'C:/IPG/carmaker/win64-15.0'
[2026-04-11 18:50:47.457] [Application] [info] Loading Test Run from path C:/Users/harsh/Desktop/a_baja_simulation/Data/TestRun/.tmp_Harsh_harsh.1
[2026-04-11 18:50:47.549] [Application] [warning] Could not find file ..node. Search paths: C:/Users/harsh/Desktop/a_baja_simulation/MovieNX/data/,C:/IPG/movienx/win64-15.0/data
[2026-04-11 18:50:47.549] [Application] [warning] EgoVehicle: missing 'body_B' node!
[2026-04-11 18:50:47.549] [Application] [warning] EgoVehicle: missing 'body_A2B' node!
[2026-04-11 18:50:47.556] [Application] [info] node wheel_carrier.fl missing in EgoVehicle, using dummy instead
[2026-04-11 18:50:47.556] [Application] [warning] EgoVehicle: wheel carrier  has no child node
[2026-04-11 18:50:47.556] [Application] [info] node wheel_carrier.fr missing in EgoVehicle, using clone instead
[2026-04-11 18:50:47.556] [Application] [warning] EgoVehicle: wheel carrier wheel_carrier.fr has no child node
[2026-04-11 18:50:47.556] [Application] [info] node wheel_carrier.rl missing in EgoVehicle, using clone instead
[2026-04-11 18:50:47.556] [Application] [warning] EgoVehicle: wheel carrier wheel_carrier.rl has no child node
[2026-04-11 18:50:47.556] [Application] [info] node wheel_carrier.rr missing in EgoVehicle, using clone instead
[2026-04-11 18:50:47.556] [Application] [warning] EgoVehicle: wheel carrier wheel_carrier.rr has no child node
[2026-04-11 18:51:23.334] [Application] [info] Loaded Path Mapping with 0 mapped directories. Set CarMaker home dir to 'C:/IPG/carmaker/win64-15.0'
[2026-04-11 18:51:24.002] [Application] [info] Loading Test Run from path C:/Users/harsh/Desktop/a_baja_simulation/Data/TestRun/.tmp_Harsh_harsh.0
[2026-04-11 18:51:24.116] [Application] [warning] Could not find file ..node. Search paths: C:/Users/harsh/Desktop/a_baja_simulation/MovieNX/data/,C:/IPG/movienx/win64-15.0/data
[2026-04-11 18:51:24.116] [Application] [warning] EgoVehicle: missing 'body_B' node!
[2026-04-11 18:51:24.116] [Application] [warning] EgoVehicle: missing 'body_A2B' node!
[2026-04-11 18:51:24.123] [Application] [info] node wheel_carrier.fl missing in EgoVehicle, using dummy instead
[2026-04-11 18:51:24.123] [Application] [warning] EgoVehicle: wheel carrier  has no child node
[2026-04-11 18:51:24.123] [Application] [info] node wheel_carrier.fr missing in EgoVehicle, using clone instead
[2026-04-11 18:51:24.123] [Application] [warning] EgoVehicle: wheel carrier wheel_carrier.fr has no child node
[2026-04-11 18:51:24.123] [Application] [info] node wheel_carrier.rl missing in EgoVehicle, using clone instead
[2026-04-11 18:51:24.124] [Application] [warning] EgoVehicle: wheel carrier wheel_carrier.rl has no child node
[2026-04-11 18:51:24.124] [Application] [info] node wheel_carrier.rr missing in EgoVehicle, using clone instead
[2026-04-11 18:51:24.124] [Application] [warning] EgoVehicle: wheel carrier wheel_carrier.rr has no child node
[2026-04-11 18:58:59.846] [Application] [info] Loaded Path Mapping with 0 mapped directories. Set CarMaker home dir to 'C:/IPG/carmaker/win64-15.0'
[2026-04-11 18:59:00.585] [Application] [info] Loading Test Run from path C:/Users/harsh/Desktop/a_baja_simulation/Data/TestRun/.tmp_Harsh_harsh.1
[2026-04-11 18:59:00.676] [Application] [warning] Could not find file ..node. Search paths: C:/Users/harsh/Desktop/a_baja_simulation/MovieNX/data/,C:/IPG/movienx/win64-15.0/data
[2026-04-11 18:59:00.677] [Application] [warning] EgoVehicle: missing 'body_B' node!
[2026-04-11 18:59:00.677] [Application] [warning] EgoVehicle: missing 'body_A2B' node!
[2026-04-11 18:59:00.683] [Application] [info] node wheel_carrier.fl missing in EgoVehicle, using dummy instead
[2026-04-11 18:59:00.683] [Application] [warning] EgoVehicle: wheel carrier  has no child node
[2026-04-11 18:59:00.684] [Application] [info] node wheel_carrier.fr missing in EgoVehicle, using clone instead
[2026-04-11 18:59:00.684] [Application] [warning] EgoVehicle: wheel carrier wheel_carrier.fr has no child node
[2026-04-11 18:59:00.684] [Application] [info] node wheel_carrier.rl missing in EgoVehicle, using clone instead
[2026-04-11 18:59:00.684] [Application] [warning] EgoVehicle: wheel carrier wheel_carrier.rl has no child node
[2026-04-11 18:59:00.684] [Application] [info] node wheel_carrier.rr missing in EgoVehicle, using clone instead
[2026-04-11 18:59:00.684] [Application] [warning] EgoVehicle: wheel carrier wheel_carrier.rr has no child node
[2026-04-11 19:03:09.488] [Application] [info] Loaded Path Mapping with 0 mapped directories. Set CarMaker home dir to 'C:/IPG/carmaker/win64-15.0'
[2026-04-11 19:03:10.186] [Application] [info] Loading Test Run from path C:/Users/harsh/Desktop/a_baja_simulation/Data/TestRun/.tmp_Harsh_harsh.0
[2026-04-11 19:03:10.298] [Application] [warning] Could not find file ..node. Search paths: C:/Users/harsh/Desktop/a_baja_simulation/MovieNX/data/,C:/IPG/movienx/win64-15.0/data
[2026-04-11 19:03:10.298] [Application] [warning] EgoVehicle: missing 'body_B' node!
[2026-04-11 19:03:10.298] [Application] [warning] EgoVehicle: missing 'body_A2B' node!
[2026-04-11 19:03:10.311] [Application] [info] node wheel_carrier.fl missing in EgoVehicle, using dummy instead
[2026-04-11 19:03:10.311] [Application] [warning] EgoVehicle: wheel carrier  has no child node
[2026-04-11 19:03:10.311] [Application] [info] node wheel_carrier.fr missing in EgoVehicle, using clone instead
[2026-04-11 19:03:10.311] [Application] [warning] EgoVehicle: wheel carrier wheel_carrier.fr has no child node
[2026-04-11 19:03:10.311] [Application] [info] node wheel_carrier.rl missing in EgoVehicle, using clone instead
[2026-04-11 19:03:10.311] [Application] [warning] EgoVehicle: wheel carrier wheel_carrier.rl has no child node
[2026-04-11 19:03:10.311] [Application] [info] node wheel_carrier.rr missing in EgoVehicle, using clone instead
[2026-04-11 19:03:10.311] [Application] [warning] EgoVehicle: wheel carrier wheel_carrier.rr has no child node
[2026-04-11 19:07:35.671] [Application] [info] Loaded Path Mapping with 0 mapped directories. Set CarMaker home dir to 'C:/IPG/carmaker/win64-15.0'
[2026-04-11 19:07:36.342] [Application] [info] Loading Test Run from path C:/Users/harsh/Desktop/a_baja_simulation/Data/TestRun/.tmp_Harsh_harsh.1
[2026-04-11 19:07:36.445] [Application] [warning] Could not find file ..node. Search paths: C:/Users/harsh/Desktop/a_baja_simulation/MovieNX/data/,C:/IPG/movienx/win64-15.0/data
[2026-04-11 19:07:36.445] [Application] [warning] EgoVehicle: missing 'body_B' node!
[2026-04-11 19:07:36.445] [Application] [warning] EgoVehicle: missing 'body_A2B' node!
[2026-04-11 19:07:36.452] [Application] [info] node wheel_carrier.fl missing in EgoVehicle, using dummy instead
[2026-04-11 19:07:36.453] [Application] [warning] EgoVehicle: wheel carrier  has no child node
[2026-04-11 19:07:36.453] [Application] [info] node wheel_carrier.fr missing in EgoVehicle, using clone instead
[2026-04-11 19:07:36.453] [Application] [warning] EgoVehicle: wheel carrier wheel_carrier.fr has no child node
[2026-04-11 19:07:36.453] [Application] [info] node wheel_carrier.rl missing in EgoVehicle, using clone instead
[2026-04-11 19:07:36.453] [Application] [warning] EgoVehicle: wheel carrier wheel_carrier.rl has no child node
[2026-04-11 19:07:36.453] [Application] [info] node wheel_carrier.rr missing in EgoVehicle, using clone instead
[2026-04-11 19:07:36.453] [Application] [warning] EgoVehicle: wheel carrier wheel_carrier.rr has no child node
[2026-04-11 19:08:15.029] [Application] [info] Loaded Path Mapping with 0 mapped directories. Set CarMaker home dir to 'C:/IPG/carmaker/win64-15.0'
[2026-04-11 19:08:15.724] [Application] [info] Loading Test Run from path C:/Users/harsh/Desktop/a_baja_simulation/Data/TestRun/.tmp_Harsh_harsh.0
[2026-04-11 19:08:15.829] [Application] [warning] Could not find file ..node. Search paths: C:/Users/harsh/Desktop/a_baja_simulation/MovieNX/data/,C:/IPG/movienx/win64-15.0/data
[2026-04-11 19:08:15.829] [Application] [warning] EgoVehicle: missing 'body_B' node!
[2026-04-11 19:08:15.829] [Application] [warning] EgoVehicle: missing 'body_A2B' node!
[2026-04-11 19:08:15.836] [Application] [info] node wheel_carrier.fl missing in EgoVehicle, using dummy instead
[2026-04-11 19:08:15.836] [Application] [warning] EgoVehicle: wheel carrier  has no child node
[2026-04-11 19:08:15.836] [Application] [info] node wheel_carrier.fr missing in EgoVehicle, using clone instead
[2026-04-11 19:08:15.836] [Application] [warning] EgoVehicle: wheel carrier wheel_carrier.fr has no child node
[2026-04-11 19:08:15.837] [Application] [info] node wheel_carrier.rl missing in EgoVehicle, using clone instead
[2026-04-11 19:08:15.837] [Application] [warning] EgoVehicle: wheel carrier wheel_carrier.rl has no child node
[2026-04-11 19:08:15.837] [Application] [info] node wheel_carrier.rr missing in EgoVehicle, using clone instead
[2026-04-11 19:08:15.837] [Application] [warning] EgoVehicle: wheel carrier wheel_carrier.rr has no child node
[2026-04-11 19:09:07.639] [Application] [info] Loaded Path Mapping with 0 mapped directories. Set CarMaker home dir to 'C:/IPG/carmaker/win64-15.0'
[2026-04-11 19:09:08.370] [Application] [info] Loading Test Run from path C:/Users/harsh/Desktop/a_baja_simulation/Data/TestRun/.tmp_Harsh_harsh.1
[2026-04-11 19:09:08.490] [Application] [warning] Could not find file ..node. Search paths: C:/Users/harsh/Desktop/a_baja_simulation/MovieNX/data/,C:/IPG/movienx/win64-15.0/data
[2026-04-11 19:09:08.490] [Application] [warning] EgoVehicle: missing 'body_B' node!
[2026-04-11 19:09:08.490] [Application] [warning] EgoVehicle: missing 'body_A2B' node!
[2026-04-11 19:09:08.498] [Application] [info] node wheel_carrier.fl missing in EgoVehicle, using dummy instead
[2026-04-11 19:09:08.498] [Application] [warning] EgoVehicle: wheel carrier  has no child node
[2026-04-11 19:09:08.498] [Application] [info] node wheel_carrier.fr missing in EgoVehicle, using clone instead
[2026-04-11 19:09:08.498] [Application] [warning] EgoVehicle: wheel carrier wheel_carrier.fr has no child node
[2026-04-11 19:09:08.499] [Application] [info] node wheel_carrier.rl missing in EgoVehicle, using clone instead
[2026-04-11 19:09:08.499] [Application] [warning] EgoVehicle: wheel carrier wheel_carrier.rl has no child node
[2026-04-11 19:09:08.499] [Application] [info] node wheel_carrier.rr missing in EgoVehicle, using clone instead
[2026-04-11 19:09:08.499] [Application] [warning] EgoVehicle: wheel carrier wheel_carrier.rr has no child node
[2026-04-11 19:09:41.359] [Application] [info] Loaded Path Mapping with 0 mapped directories. Set CarMaker home dir to 'C:/IPG/carmaker/win64-15.0'
[2026-04-11 19:09:42.103] [Application] [info] Loading Test Run from path C:/Users/harsh/Desktop/a_baja_simulation/Data/TestRun/.tmp_Harsh_harsh.0
[2026-04-11 19:09:42.200] [Application] [warning] Could not find file ..node. Search paths: C:/Users/harsh/Desktop/a_baja_simulation/MovieNX/data/,C:/IPG/movienx/win64-15.0/data
[2026-04-11 19:09:42.200] [Application] [warning] EgoVehicle: missing 'body_B' node!
[2026-04-11 19:09:42.200] [Application] [warning] EgoVehicle: missing 'body_A2B' node!
[2026-04-11 19:09:42.208] [Application] [info] node wheel_carrier.fl missing in EgoVehicle, using dummy instead
[2026-04-11 19:09:42.208] [Application] [warning] EgoVehicle: wheel carrier  has no child node
[2026-04-11 19:09:42.208] [Application] [info] node wheel_carrier.fr missing in EgoVehicle, using clone instead
[2026-04-11 19:09:42.208] [Application] [warning] EgoVehicle: wheel carrier wheel_carrier.fr has no child node
[2026-04-11 19:09:42.208] [Application] [info] node wheel_carrier.rl missing in EgoVehicle, using clone instead
[2026-04-11 19:09:42.208] [Application] [warning] EgoVehicle: wheel carrier wheel_carrier.rl has no child node
[2026-04-11 19:09:42.208] [Application] [info] node wheel_carrier.rr missing in EgoVehicle, using clone instead
[2026-04-11 19:09:42.208] [Application] [warning] EgoVehicle: wheel carrier wheel_carrier.rr has no child node
[2026-04-11 19:10:58.600] [Application] [info] Loaded Path Mapping with 0 mapped directories. Set CarMaker home dir to 'C:/IPG/carmaker/win64-15.0'
[2026-04-11 19:10:59.270] [Application] [info] Loading Test Run from path C:/Users/harsh/Desktop/a_baja_simulation/Data/TestRun/.tmp_Harsh_harsh.1
[2026-04-11 19:10:59.361] [Application] [warning] Could not find file ..node. Search paths: C:/Users/harsh/Desktop/a_baja_simulation/MovieNX/data/,C:/IPG/movienx/win64-15.0/data
[2026-04-11 19:10:59.361] [Application] [warning] EgoVehicle: missing 'body_B' node!
[2026-04-11 19:10:59.361] [Application] [warning] EgoVehicle: missing 'body_A2B' node!
[2026-04-11 19:10:59.369] [Application] [info] node wheel_carrier.fl missing in EgoVehicle, using dummy instead
[2026-04-11 19:10:59.369] [Application] [warning] EgoVehicle: wheel carrier  has no child node
[2026-04-11 19:10:59.369] [Application] [info] node wheel_carrier.fr missing in EgoVehicle, using clone instead
[2026-04-11 19:10:59.369] [Application] [warning] EgoVehicle: wheel carrier wheel_carrier.fr has no child node
[2026-04-11 19:10:59.369] [Application] [info] node wheel_carrier.rl missing in EgoVehicle, using clone instead
[2026-04-11 19:10:59.369] [Application] [warning] EgoVehicle: wheel carrier wheel_carrier.rl has no child node
[2026-04-11 19:10:59.369] [Application] [info] node wheel_carrier.rr missing in EgoVehicle, using clone instead
[2026-04-11 19:10:59.369] [Application] [warning] EgoVehicle: wheel carrier wheel_carrier.rr has no child node
[2026-04-11 19:14:54.341] [Application] [info] Loaded Path Mapping with 0 mapped directories. Set CarMaker home dir to 'C:/IPG/carmaker/win64-15.0'
[2026-04-11 19:14:55.081] [Application] [info] Loading Test Run from path C:/Users/harsh/Desktop/a_baja_simulation/Data/TestRun/.tmp_Harsh_harsh.0
[2026-04-11 19:14:55.177] [Application] [warning] Could not find file ..node. Search paths: C:/Users/harsh/Desktop/a_baja_simulation/MovieNX/data/,C:/IPG/movienx/win64-15.0/data
[2026-04-11 19:14:55.178] [Application] [warning] EgoVehicle: missing 'body_B' node!
[2026-04-11 19:14:55.178] [Application] [warning] EgoVehicle: missing 'body_A2B' node!
[2026-04-11 19:14:55.185] [Application] [info] node wheel_carrier.fl missing in EgoVehicle, using dummy instead
[2026-04-11 19:14:55.185] [Application] [warning] EgoVehicle: wheel carrier  has no child node
[2026-04-11 19:14:55.186] [Application] [info] node wheel_carrier.fr missing in EgoVehicle, using clone instead
[2026-04-11 19:14:55.186] [Application] [warning] EgoVehicle: wheel carrier wheel_carrier.fr has no child node
[2026-04-11 19:14:55.186] [Application] [info] node wheel_carrier.rl missing in EgoVehicle, using clone instead
[2026-04-11 19:14:55.186] [Application] [warning] EgoVehicle: wheel carrier wheel_carrier.rl has no child node
[2026-04-11 19:14:55.186] [Application] [info] node wheel_carrier.rr missing in EgoVehicle, using clone instead
[2026-04-11 19:14:55.186] [Application] [warning] EgoVehicle: wheel carrier wheel_carrier.rr has no child node
[2026-04-11 19:20:51.492] [Application] [info] Loaded Path Mapping with 0 mapped directories. Set CarMaker home dir to 'C:/IPG/carmaker/win64-15.0'
[2026-04-11 19:20:52.236] [Application] [info] Loading Test Run from path C:/Users/harsh/Desktop/a_baja_simulation/Data/TestRun/.tmp_Harsh_harsh.1
[2026-04-11 19:20:52.325] [Application] [warning] Could not find file ..node. Search paths: C:/Users/harsh/Desktop/a_baja_simulation/MovieNX/data/,C:/IPG/movienx/win64-15.0/data
[2026-04-11 19:20:52.325] [Application] [warning] EgoVehicle: missing 'body_B' node!
[2026-04-11 19:20:52.325] [Application] [warning] EgoVehicle: missing 'body_A2B' node!
[2026-04-11 19:20:52.334] [Application] [info] node wheel_carrier.fl missing in EgoVehicle, using dummy instead
[2026-04-11 19:20:52.335] [Application] [warning] EgoVehicle: wheel carrier  has no child node
[2026-04-11 19:20:52.335] [Application] [info] node wheel_carrier.fr missing in EgoVehicle, using clone instead
[2026-04-11 19:20:52.335] [Application] [warning] EgoVehicle: wheel carrier wheel_carrier.fr has no child node
[2026-04-11 19:20:52.335] [Application] [info] node wheel_carrier.rl missing in EgoVehicle, using clone instead
[2026-04-11 19:20:52.335] [Application] [warning] EgoVehicle: wheel carrier wheel_carrier.rl has no child node
[2026-04-11 19:20:52.335] [Application] [info] node wheel_carrier.rr missing in EgoVehicle, using clone instead
[2026-04-11 19:20:52.335] [Application] [warning] EgoVehicle: wheel carrier wheel_carrier.rr has no child node
[2026-04-11 19:23:26.961] [Application] [info] Loaded Path Mapping with 0 mapped directories. Set CarMaker home dir to 'C:/IPG/carmaker/win64-15.0'
[2026-04-11 19:23:27.703] [Application] [info] Loading Test Run from path C:/Users/harsh/Desktop/a_baja_simulation/Data/TestRun/.tmp_Harsh_harsh.0
[2026-04-11 19:23:27.815] [Application] [warning] Could not find file ..node. Search paths: C:/Users/harsh/Desktop/a_baja_simulation/MovieNX/data/,C:/IPG/movienx/win64-15.0/data
[2026-04-11 19:23:27.815] [Application] [warning] EgoVehicle: missing 'body_B' node!
[2026-04-11 19:23:27.815] [Application] [warning] EgoVehicle: missing 'body_A2B' node!
[2026-04-11 19:23:27.824] [Application] [info] node wheel_carrier.fl missing in EgoVehicle, using dummy instead
[2026-04-11 19:23:27.824] [Application] [warning] EgoVehicle: wheel carrier  has no child node
[2026-04-11 19:23:27.824] [Application] [info] node wheel_carrier.fr missing in EgoVehicle, using clone instead
[2026-04-11 19:23:27.824] [Application] [warning] EgoVehicle: wheel carrier wheel_carrier.fr has no child node
[2026-04-11 19:23:27.824] [Application] [info] node wheel_carrier.rl missing in EgoVehicle, using clone instead
[2026-04-11 19:23:27.824] [Application] [warning] EgoVehicle: wheel carrier wheel_carrier.rl has no child node
[2026-04-11 19:23:27.824] [Application] [info] node wheel_carrier.rr missing in EgoVehicle, using clone instead
[2026-04-11 19:23:27.824] [Application] [warning] EgoVehicle: wheel carrier wheel_carrier.rr has no child node
[2026-04-11 19:24:34.685] [Application] [warning] Socket Error in RSDA Server: The remote host closed the connection.
[2026-04-11 19:26:53.822] [Application] [info] Loaded Path Mapping with 0 mapped directories. Set CarMaker home dir to 'C:/IPG/carmaker/win64-15.0'
[2026-04-11 19:26:54.484] [Application] [info] Loading Test Run from path C:/Users/harsh/Desktop/a_baja_simulation/Data/TestRun/.tmp_Harsh_harsh.1
[2026-04-11 19:26:54.608] [Application] [warning] Could not find file ..node. Search paths: C:/Users/harsh/Desktop/a_baja_simulation/MovieNX/data/,C:/IPG/movienx/win64-15.0/data
[2026-04-11 19:26:54.608] [Application] [warning] EgoVehicle: missing 'body_B' node!
[2026-04-11 19:26:54.608] [Application] [warning] EgoVehicle: missing 'body_A2B' node!
[2026-04-11 19:26:54.616] [Application] [info] node wheel_carrier.fl missing in EgoVehicle, using dummy instead
[2026-04-11 19:26:54.616] [Application] [warning] EgoVehicle: wheel carrier  has no child node
[2026-04-11 19:26:54.616] [Application] [info] node wheel_carrier.fr missing in EgoVehicle, using clone instead
[2026-04-11 19:26:54.616] [Application] [warning] EgoVehicle: wheel carrier wheel_carrier.fr has no child node
[2026-04-11 19:26:54.616] [Application] [info] node wheel_carrier.rl missing in EgoVehicle, using clone instead
[2026-04-11 19:26:54.616] [Application] [warning] EgoVehicle: wheel carrier wheel_carrier.rl has no child node
[2026-04-11 19:26:54.616] [Application] [info] node wheel_carrier.rr missing in EgoVehicle, using clone instead
[2026-04-11 19:26:54.616] [Application] [warning] EgoVehicle: wheel carrier wheel_carrier.rr has no child node
[2026-04-11 19:29:33.460] [Application] [info] Loaded Path Mapping with 0 mapped directories. Set CarMaker home dir to 'C:/IPG/carmaker/win64-15.0'
[2026-04-11 19:29:34.203] [Application] [info] Loading Test Run from path C:/Users/harsh/Desktop/a_baja_simulation/Data/TestRun/.tmp_Harsh_harsh.0
[2026-04-11 19:29:34.316] [Application] [warning] Could not find file ..node. Search paths: C:/Users/harsh/Desktop/a_baja_simulation/MovieNX/data/,C:/IPG/movienx/win64-15.0/data
[2026-04-11 19:29:34.316] [Application] [warning] EgoVehicle: missing 'body_B' node!
[2026-04-11 19:29:34.316] [Application] [warning] EgoVehicle: missing 'body_A2B' node!
[2026-04-11 19:29:34.324] [Application] [info] node wheel_carrier.fl missing in EgoVehicle, using dummy instead
[2026-04-11 19:29:34.324] [Application] [warning] EgoVehicle: wheel carrier  has no child node
[2026-04-11 19:29:34.324] [Application] [info] node wheel_carrier.fr missing in EgoVehicle, using clone instead
[2026-04-11 19:29:34.324] [Application] [warning] EgoVehicle: wheel carrier wheel_carrier.fr has no child node
[2026-04-11 19:29:34.324] [Application] [info] node wheel_carrier.rl missing in EgoVehicle, using clone instead
[2026-04-11 19:29:34.324] [Application] [warning] EgoVehicle: wheel carrier wheel_carrier.rl has no child node
[2026-04-11 19:29:34.324] [Application] [info] node wheel_carrier.rr missing in EgoVehicle, using clone instead
[2026-04-11 19:29:34.324] [Application] [warning] EgoVehicle: wheel carrier wheel_carrier.rr has no child node
[2026-04-11 19:31:09.647] [Application] [info] Loaded Path Mapping with 0 mapped directories. Set CarMaker home dir to 'C:/IPG/carmaker/win64-15.0'
[2026-04-11 19:31:10.342] [Application] [info] Loading Test Run from path C:/Users/harsh/Desktop/a_baja_simulation/Data/TestRun/.tmp_Harsh_harsh.1
[2026-04-11 19:31:10.448] [Application] [warning] Could not find file ..node. Search paths: C:/Users/harsh/Desktop/a_baja_simulation/MovieNX/data/,C:/IPG/movienx/win64-15.0/data
[2026-04-11 19:31:10.448] [Application] [warning] EgoVehicle: missing 'body_B' node!
[2026-04-11 19:31:10.448] [Application] [warning] EgoVehicle: missing 'body_A2B' node!
[2026-04-11 19:31:10.456] [Application] [info] node wheel_carrier.fl missing in EgoVehicle, using dummy instead
[2026-04-11 19:31:10.456] [Application] [warning] EgoVehicle: wheel carrier  has no child node
[2026-04-11 19:31:10.456] [Application] [info] node wheel_carrier.fr missing in EgoVehicle, using clone instead
[2026-04-11 19:31:10.456] [Application] [warning] EgoVehicle: wheel carrier wheel_carrier.fr has no child node
[2026-04-11 19:31:10.457] [Application] [info] node wheel_carrier.rl missing in EgoVehicle, using clone instead
[2026-04-11 19:31:10.457] [Application] [warning] EgoVehicle: wheel carrier wheel_carrier.rl has no child node
[2026-04-11 19:31:10.457] [Application] [info] node wheel_carrier.rr missing in EgoVehicle, using clone instead
[2026-04-11 19:31:10.457] [Application] [warning] EgoVehicle: wheel carrier wheel_carrier.rr has no child node
[2026-04-11 19:32:50.829] [Application] [info] Loaded Path Mapping with 0 mapped directories. Set CarMaker home dir to 'C:/IPG/carmaker/win64-15.0'
[2026-04-11 19:32:51.569] [Application] [info] Loading Test Run from path C:/Users/harsh/Desktop/a_baja_simulation/Data/TestRun/.tmp_Harsh_harsh.0
[2026-04-11 19:32:51.679] [Application] [warning] Could not find file ..node. Search paths: C:/Users/harsh/Desktop/a_baja_simulation/MovieNX/data/,C:/IPG/movienx/win64-15.0/data
[2026-04-11 19:32:51.679] [Application] [warning] EgoVehicle: missing 'body_B' node!
[2026-04-11 19:32:51.679] [Application] [warning] EgoVehicle: missing 'body_A2B' node!
[2026-04-11 19:32:51.687] [Application] [info] node wheel_carrier.fl missing in EgoVehicle, using dummy instead
[2026-04-11 19:32:51.687] [Application] [warning] EgoVehicle: wheel carrier  has no child node
[2026-04-11 19:32:51.687] [Application] [info] node wheel_carrier.fr missing in EgoVehicle, using clone instead
[2026-04-11 19:32:51.688] [Application] [warning] EgoVehicle: wheel carrier wheel_carrier.fr has no child node
[2026-04-11 19:32:51.688] [Application] [info] node wheel_carrier.rl missing in EgoVehicle, using clone instead
[2026-04-11 19:32:51.688] [Application] [warning] EgoVehicle: wheel carrier wheel_carrier.rl has no child node
[2026-04-11 19:32:51.688] [Application] [info] node wheel_carrier.rr missing in EgoVehicle, using clone instead
[2026-04-11 19:32:51.688] [Application] [warning] EgoVehicle: wheel carrier wheel_carrier.rr has no child node
[2026-04-11 19:33:58.497] [Application] [info] Loaded Path Mapping with 0 mapped directories. Set CarMaker home dir to 'C:/IPG/carmaker/win64-15.0'
[2026-04-11 19:33:59.175] [Application] [info] Loading Test Run from path C:/Users/harsh/Desktop/a_baja_simulation/Data/TestRun/.tmp_Harsh_harsh.1
[2026-04-11 19:33:59.263] [Application] [warning] Could not find file ..node. Search paths: C:/Users/harsh/Desktop/a_baja_simulation/MovieNX/data/,C:/IPG/movienx/win64-15.0/data
[2026-04-11 19:33:59.263] [Application] [warning] EgoVehicle: missing 'body_B' node!
[2026-04-11 19:33:59.263] [Application] [warning] EgoVehicle: missing 'body_A2B' node!
[2026-04-11 19:33:59.270] [Application] [info] node wheel_carrier.fl missing in EgoVehicle, using dummy instead
[2026-04-11 19:33:59.270] [Application] [warning] EgoVehicle: wheel carrier  has no child node
[2026-04-11 19:33:59.270] [Application] [info] node wheel_carrier.fr missing in EgoVehicle, using clone instead
[2026-04-11 19:33:59.270] [Application] [warning] EgoVehicle: wheel carrier wheel_carrier.fr has no child node
[2026-04-11 19:33:59.270] [Application] [info] node wheel_carrier.rl missing in EgoVehicle, using clone instead
[2026-04-11 19:33:59.270] [Application] [warning] EgoVehicle: wheel carrier wheel_carrier.rl has no child node
[2026-04-11 19:33:59.270] [Application] [info] node wheel_carrier.rr missing in EgoVehicle, using clone instead
[2026-04-11 19:33:59.270] [Application] [warning] EgoVehicle: wheel carrier wheel_carrier.rr has no child node
[2026-04-11 19:34:37.920] [Application] [info] Loaded Path Mapping with 0 mapped directories. Set CarMaker home dir to 'C:/IPG/carmaker/win64-15.0'
[2026-04-11 19:34:38.576] [Application] [info] Loading Test Run from path C:/Users/harsh/Desktop/a_baja_simulation/Data/TestRun/.tmp_Harsh_harsh.0
[2026-04-11 19:34:38.683] [Application] [warning] Could not find file ..node. Search paths: C:/Users/harsh/Desktop/a_baja_simulation/MovieNX/data/,C:/IPG/movienx/win64-15.0/data
[2026-04-11 19:34:38.683] [Application] [warning] EgoVehicle: missing 'body_B' node!
[2026-04-11 19:34:38.683] [Application] [warning] EgoVehicle: missing 'body_A2B' node!
[2026-04-11 19:34:38.690] [Application] [info] node wheel_carrier.fl missing in EgoVehicle, using dummy instead
[2026-04-11 19:34:38.690] [Application] [warning] EgoVehicle: wheel carrier  has no child node
[2026-04-11 19:34:38.690] [Application] [info] node wheel_carrier.fr missing in EgoVehicle, using clone instead
[2026-04-11 19:34:38.690] [Application] [warning] EgoVehicle: wheel carrier wheel_carrier.fr has no child node
[2026-04-11 19:34:38.690] [Application] [info] node wheel_carrier.rl missing in EgoVehicle, using clone instead
[2026-04-11 19:34:38.690] [Application] [warning] EgoVehicle: wheel carrier wheel_carrier.rl has no child node
[2026-04-11 19:34:38.690] [Application] [info] node wheel_carrier.rr missing in EgoVehicle, using clone instead
[2026-04-11 19:34:38.691] [Application] [warning] EgoVehicle: wheel carrier wheel_carrier.rr has no child node
[2026-04-11 19:41:47.904] [Application] [info] Loaded Path Mapping with 0 mapped directories. Set CarMaker home dir to 'C:/IPG/carmaker/win64-15.0'
[2026-04-11 19:41:48.580] [Application] [info] Loading Test Run from path C:/Users/harsh/Desktop/a_baja_simulation/Data/TestRun/.tmp_Harsh_harsh.1
[2026-04-11 19:41:48.677] [Application] [warning] Could not find file ..node. Search paths: C:/Users/harsh/Desktop/a_baja_simulation/MovieNX/data/,C:/IPG/movienx/win64-15.0/data
[2026-04-11 19:41:48.677] [Application] [warning] EgoVehicle: missing 'body_B' node!
[2026-04-11 19:41:48.677] [Application] [warning] EgoVehicle: missing 'body_A2B' node!
[2026-04-11 19:41:48.685] [Application] [info] node wheel_carrier.fl missing in EgoVehicle, using dummy instead
[2026-04-11 19:41:48.685] [Application] [warning] EgoVehicle: wheel carrier  has no child node
[2026-04-11 19:41:48.685] [Application] [info] node wheel_carrier.fr missing in EgoVehicle, using clone instead
[2026-04-11 19:41:48.685] [Application] [warning] EgoVehicle: wheel carrier wheel_carrier.fr has no child node
[2026-04-11 19:41:48.685] [Application] [info] node wheel_carrier.rl missing in EgoVehicle, using clone instead
[2026-04-11 19:41:48.685] [Application] [warning] EgoVehicle: wheel carrier wheel_carrier.rl has no child node
[2026-04-11 19:41:48.685] [Application] [info] node wheel_carrier.rr missing in EgoVehicle, using clone instead
[2026-04-11 19:41:48.685] [Application] [warning] EgoVehicle: wheel carrier wheel_carrier.rr has no child node
[2026-04-11 19:42:29.823] [Application] [info] Loaded Path Mapping with 0 mapped directories. Set CarMaker home dir to 'C:/IPG/carmaker/win64-15.0'
[2026-04-11 19:42:30.581] [Application] [info] Loading Test Run from path C:/Users/harsh/Desktop/a_baja_simulation/Data/TestRun/.tmp_Harsh_harsh.0
[2026-04-11 19:42:30.684] [Application] [warning] Could not find file ..node. Search paths: C:/Users/harsh/Desktop/a_baja_simulation/MovieNX/data/,C:/IPG/movienx/win64-15.0/data
[2026-04-11 19:42:30.684] [Application] [warning] EgoVehicle: missing 'body_B' node!
[2026-04-11 19:42:30.684] [Application] [warning] EgoVehicle: missing 'body_A2B' node!
[2026-04-11 19:42:30.691] [Application] [info] node wheel_carrier.fl missing in EgoVehicle, using dummy instead
[2026-04-11 19:42:30.691] [Application] [warning] EgoVehicle: wheel carrier  has no child node
[2026-04-11 19:42:30.691] [Application] [info] node wheel_carrier.fr missing in EgoVehicle, using clone instead
[2026-04-11 19:42:30.691] [Application] [warning] EgoVehicle: wheel carrier wheel_carrier.fr has no child node
[2026-04-11 19:42:30.691] [Application] [info] node wheel_carrier.rl missing in EgoVehicle, using clone instead
[2026-04-11 19:42:30.691] [Application] [warning] EgoVehicle: wheel carrier wheel_carrier.rl has no child node
[2026-04-11 19:42:30.691] [Application] [info] node wheel_carrier.rr missing in EgoVehicle, using clone instead
[2026-04-11 19:42:30.691] [Application] [warning] EgoVehicle: wheel carrier wheel_carrier.rr has no child node
[2026-04-11 19:43:20.118] [Application] [info] Loaded Path Mapping with 0 mapped directories. Set CarMaker home dir to 'C:/IPG/carmaker/win64-15.0'
[2026-04-11 19:43:20.783] [Application] [info] Loading Test Run from path C:/Users/harsh/Desktop/a_baja_simulation/Data/TestRun/.tmp_Harsh_harsh.1
[2026-04-11 19:43:20.868] [Application] [warning] Could not find file ..node. Search paths: C:/Users/harsh/Desktop/a_baja_simulation/MovieNX/data/,C:/IPG/movienx/win64-15.0/data
[2026-04-11 19:43:20.868] [Application] [warning] EgoVehicle: missing 'body_B' node!
[2026-04-11 19:43:20.868] [Application] [warning] EgoVehicle: missing 'body_A2B' node!
[2026-04-11 19:43:20.875] [Application] [info] node wheel_carrier.fl missing in EgoVehicle, using dummy instead
[2026-04-11 19:43:20.875] [Application] [warning] EgoVehicle: wheel carrier  has no child node
[2026-04-11 19:43:20.875] [Application] [info] node wheel_carrier.fr missing in EgoVehicle, using clone instead
[2026-04-11 19:43:20.875] [Application] [warning] EgoVehicle: wheel carrier wheel_carrier.fr has no child node
[2026-04-11 19:43:20.875] [Application] [info] node wheel_carrier.rl missing in EgoVehicle, using clone instead
[2026-04-11 19:43:20.875] [Application] [warning] EgoVehicle: wheel carrier wheel_carrier.rl has no child node
[2026-04-11 19:43:20.875] [Application] [info] node wheel_carrier.rr missing in EgoVehicle, using clone instead
[2026-04-11 19:43:20.875] [Application] [warning] EgoVehicle: wheel carrier wheel_carrier.rr has no child node
[2026-04-11 19:44:04.966] [Application] [info] Loaded Path Mapping with 0 mapped directories. Set CarMaker home dir to 'C:/IPG/carmaker/win64-15.0'
[2026-04-11 19:44:05.711] [Application] [info] Loading Test Run from path C:/Users/harsh/Desktop/a_baja_simulation/Data/TestRun/.tmp_Harsh_harsh.0
[2026-04-11 19:44:05.800] [Application] [warning] Could not find file ..node. Search paths: C:/Users/harsh/Desktop/a_baja_simulation/MovieNX/data/,C:/IPG/movienx/win64-15.0/data
[2026-04-11 19:44:05.800] [Application] [warning] EgoVehicle: missing 'body_B' node!
[2026-04-11 19:44:05.800] [Application] [warning] EgoVehicle: missing 'body_A2B' node!
[2026-04-11 19:44:05.808] [Application] [info] node wheel_carrier.fl missing in EgoVehicle, using dummy instead
[2026-04-11 19:44:05.808] [Application] [warning] EgoVehicle: wheel carrier  has no child node
[2026-04-11 19:44:05.808] [Application] [info] node wheel_carrier.fr missing in EgoVehicle, using clone instead
[2026-04-11 19:44:05.808] [Application] [warning] EgoVehicle: wheel carrier wheel_carrier.fr has no child node
[2026-04-11 19:44:05.808] [Application] [info] node wheel_carrier.rl missing in EgoVehicle, using clone instead
[2026-04-11 19:44:05.808] [Application] [warning] EgoVehicle: wheel carrier wheel_carrier.rl has no child node
[2026-04-11 19:44:05.808] [Application] [info] node wheel_carrier.rr missing in EgoVehicle, using clone instead
[2026-04-11 19:44:05.808] [Application] [warning] EgoVehicle: wheel carrier wheel_carrier.rr has no child node
[2026-04-11 19:44:38.598] [Application] [info] Loaded Path Mapping with 0 mapped directories. Set CarMaker home dir to 'C:/IPG/carmaker/win64-15.0'
[2026-04-11 19:44:39.272] [Application] [info] Loading Test Run from path C:/Users/harsh/Desktop/a_baja_simulation/Data/TestRun/.tmp_Harsh_harsh.1
[2026-04-11 19:44:39.377] [Application] [warning] Could not find file ..node. Search paths: C:/Users/harsh/Desktop/a_baja_simulation/MovieNX/data/,C:/IPG/movienx/win64-15.0/data
[2026-04-11 19:44:39.377] [Application] [warning] EgoVehicle: missing 'body_B' node!
[2026-04-11 19:44:39.377] [Application] [warning] EgoVehicle: missing 'body_A2B' node!
[2026-04-11 19:44:39.385] [Application] [info] node wheel_carrier.fl missing in EgoVehicle, using dummy instead
[2026-04-11 19:44:39.385] [Application] [warning] EgoVehicle: wheel carrier  has no child node
[2026-04-11 19:44:39.385] [Application] [info] node wheel_carrier.fr missing in EgoVehicle, using clone instead
[2026-04-11 19:44:39.385] [Application] [warning] EgoVehicle: wheel carrier wheel_carrier.fr has no child node
[2026-04-11 19:44:39.385] [Application] [info] node wheel_carrier.rl missing in EgoVehicle, using clone instead
[2026-04-11 19:44:39.385] [Application] [warning] EgoVehicle: wheel carrier wheel_carrier.rl has no child node
[2026-04-11 19:44:39.385] [Application] [info] node wheel_carrier.rr missing in EgoVehicle, using clone instead
[2026-04-11 19:44:39.385] [Application] [warning] EgoVehicle: wheel carrier wheel_carrier.rr has no child node
[2026-04-11 19:59:49.411] [Application] [info] Loaded Path Mapping with 0 mapped directories. Set CarMaker home dir to 'C:/IPG/carmaker/win64-15.0'
[2026-04-11 19:59:50.106] [Application] [info] Loading Test Run from path C:/Users/harsh/Desktop/a_baja_simulation/Data/TestRun/.tmp_Harsh_harsh.0
[2026-04-11 19:59:50.209] [Application] [warning] Could not find file ..node. Search paths: C:/Users/harsh/Desktop/a_baja_simulation/MovieNX/data/,C:/IPG/movienx/win64-15.0/data
[2026-04-11 19:59:50.209] [Application] [warning] EgoVehicle: missing 'body_B' node!
[2026-04-11 19:59:50.209] [Application] [warning] EgoVehicle: missing 'body_A2B' node!
[2026-04-11 19:59:50.217] [Application] [info] node wheel_carrier.fl missing in EgoVehicle, using dummy instead
[2026-04-11 19:59:50.217] [Application] [warning] EgoVehicle: wheel carrier  has no child node
[2026-04-11 19:59:50.217] [Application] [info] node wheel_carrier.fr missing in EgoVehicle, using clone instead
[2026-04-11 19:59:50.217] [Application] [warning] EgoVehicle: wheel carrier wheel_carrier.fr has no child node
[2026-04-11 19:59:50.217] [Application] [info] node wheel_carrier.rl missing in EgoVehicle, using clone instead
[2026-04-11 19:59:50.217] [Application] [warning] EgoVehicle: wheel carrier wheel_carrier.rl has no child node
[2026-04-11 19:59:50.217] [Application] [info] node wheel_carrier.rr missing in EgoVehicle, using clone instead
[2026-04-11 19:59:50.217] [Application] [warning] EgoVehicle: wheel carrier wheel_carrier.rr has no child node
[2026-04-11 19:59:56.715] [Application] [info] APO Client: Disconnecting...
