[2026-04-12 02:21:27.215] [Application] [info] GPUSensor Server running: host=harsh port=11500
[2026-04-12 02:21:43.467] [Application] [info] Using RenderSettingsProfile: RenderSettings_high.cfg -> template_high.render
[2026-04-12 02:21:43.596] [Application] [info] Loading Installed scripts...
[2026-04-12 02:21:43.596] [Application] [info] Loading User scripts...
[2026-04-12 02:21:43.597] [Application] [info] Loading project scripts...
[2026-04-12 02:21:57.503] [Application] [warning] Socket Error in GPUSensor Server: The remote host closed the connection.
[2026-04-12 02:21:57.644] [Application] [info] APO: Successfully connected to: CarMaker 15.0 - Car_Generic @ Harsh(10.21.80.54):30184
[2026-04-12 02:21:57.730] [Application] [info] Loaded Path Mapping with 0 mapped directories. Set CarMaker home dir to 'C:/IPG/carmaker/win64-15.0'
[2026-04-12 02:21:58.012] [Application] [info] Using Ray Tracing Sensors Library version: 15.0.28 Nov 12 2025 - 16:19:39
[2026-04-12 02:21:58.020] [Application] [info] RSDA Server running: host=harsh port=2212
[2026-04-12 02:21:58.504] [Application] [info] Loading Test Run from path C:/Users/harsh/Desktop/a_baja_simulation/Data/TestRun/.tmp_Harsh_harsh.0
[2026-04-12 02:21:58.623] [Application] [warning] Could not find file ..node. Search paths: C:/Users/harsh/Desktop/a_baja_simulation/MovieNX/data/,C:/IPG/movienx/win64-15.0/data
[2026-04-12 02:21:58.623] [Application] [warning] EgoVehicle: missing 'body_B' node!
[2026-04-12 02:21:58.623] [Application] [warning] EgoVehicle: missing 'body_A2B' node!
[2026-04-12 02:21:58.679] [Application] [info] node wheel_carrier.fl missing in EgoVehicle, using dummy instead
[2026-04-12 02:21:58.679] [Application] [warning] EgoVehicle: wheel carrier  has no child node
[2026-04-12 02:21:58.681] [Application] [info] node wheel_carrier.fr missing in EgoVehicle, using clone instead
[2026-04-12 02:21:58.681] [Application] [warning] EgoVehicle: wheel carrier wheel_carrier.fr has no child node
[2026-04-12 02:21:58.681] [Application] [info] node wheel_carrier.rl missing in EgoVehicle, using clone instead
[2026-04-12 02:21:58.681] [Application] [warning] EgoVehicle: wheel carrier wheel_carrier.rl has no child node
[2026-04-12 02:21:58.681] [Application] [info] node wheel_carrier.rr missing in EgoVehicle, using clone instead
[2026-04-12 02:21:58.681] [Application] [warning] EgoVehicle: wheel carrier wheel_carrier.rr has no child node
[2026-04-12 02:23:49.904] [Application] [info] Loaded Path Mapping with 0 mapped directories. Set CarMaker home dir to 'C:/IPG/carmaker/win64-15.0'
[2026-04-12 02:23:50.584] [Application] [info] Loading Test Run from path C:/Users/harsh/Desktop/a_baja_simulation/Data/TestRun/.tmp_Harsh_harsh.1
[2026-04-12 02:23:50.667] [Application] [warning] Could not find file ..node. Search paths: C:/Users/harsh/Desktop/a_baja_simulation/MovieNX/data/,C:/IPG/movienx/win64-15.0/data
[2026-04-12 02:23:50.667] [Application] [warning] EgoVehicle: missing 'body_B' node!
[2026-04-12 02:23:50.667] [Application] [warning] EgoVehicle: missing 'body_A2B' node!
[2026-04-12 02:23:50.675] [Application] [info] node wheel_carrier.fl missing in EgoVehicle, using dummy instead
[2026-04-12 02:23:50.675] [Application] [warning] EgoVehicle: wheel carrier  has no child node
[2026-04-12 02:23:50.676] [Application] [info] node wheel_carrier.fr missing in EgoVehicle, using clone instead
[2026-04-12 02:23:50.676] [Application] [warning] EgoVehicle: wheel carrier wheel_carrier.fr has no child node
[2026-04-12 02:23:50.676] [Application] [info] node wheel_carrier.rl missing in EgoVehicle, using clone instead
[2026-04-12 02:23:50.676] [Application] [warning] EgoVehicle: wheel carrier wheel_carrier.rl has no child node
[2026-04-12 02:23:50.676] [Application] [info] node wheel_carrier.rr missing in EgoVehicle, using clone instead
[2026-04-12 02:23:50.676] [Application] [warning] EgoVehicle: wheel carrier wheel_carrier.rr has no child node
[2026-04-12 02:32:24.915] [Application] [info] APO Client: Disconnecting...
