[2026-04-12 19:37:30.595] [Application] [info] GPUSensor Server running: host=harsh port=11500
[2026-04-12 19:37:47.031] [Application] [info] Using RenderSettingsProfile: RenderSettings_high.cfg -> template_high.render
[2026-04-12 19:37:47.162] [Application] [info] Loading Installed scripts...
[2026-04-12 19:37:47.163] [Application] [info] Loading User scripts...
[2026-04-12 19:37:47.164] [Application] [info] Loading project scripts...
[2026-04-12 19:38:08.401] [Application] [warning] Socket Error in GPUSensor Server: The remote host closed the connection.
[2026-04-12 19:38:08.540] [Application] [info] APO: Successfully connected to: CarMaker 15.0 - Car_Generic @ Harsh(10.21.80.97):12168
[2026-04-12 19:38:08.659] [Application] [info] Loaded Path Mapping with 0 mapped directories. Set CarMaker home dir to 'C:/IPG/carmaker/win64-15.0'
[2026-04-12 19:38:08.768] [Application] [info] Using Ray Tracing Sensors Library version: 15.0.28 Nov 12 2025 - 16:19:39
[2026-04-12 19:38:08.775] [Application] [info] RSDA Server running: host=harsh port=2210
[2026-04-12 19:38:09.341] [Application] [info] Loading Test Run from path C:/Users/harsh/Desktop/a_baja_simulation/Data/TestRun/AEB_IPG
[2026-04-12 19:38:09.480] [Application] [warning] Could not find file TeamID_TeamName_Movie/TeamID_TeamName.objinfo. Search paths: C:/Users/harsh/Desktop/a_baja_simulation/MovieNX/data/,C:/IPG/movienx/win64-15.0/data
[2026-04-12 19:38:09.481] [Application] [warning] Could not find file TeamID_TeamName_Movie/TeamID_TeamName.node. Search paths: C:/Users/harsh/Desktop/a_baja_simulation/MovieNX/data/,C:/IPG/movienx/win64-15.0/data
[2026-04-12 19:38:09.481] [Application] [warning] EgoVehicle: missing 'body_B' node!
[2026-04-12 19:38:09.481] [Application] [warning] EgoVehicle: missing 'body_A2B' node!
[2026-04-12 19:38:09.517] [Application] [info] node wheel_carrier.fl missing in EgoVehicle, using dummy instead
[2026-04-12 19:38:09.517] [Application] [warning] EgoVehicle: wheel carrier  has no child node
[2026-04-12 19:38:09.518] [Application] [info] node wheel_carrier.fr missing in EgoVehicle, using clone instead
[2026-04-12 19:38:09.518] [Application] [warning] EgoVehicle: wheel carrier wheel_carrier.fr has no child node
[2026-04-12 19:38:09.518] [Application] [info] node wheel_carrier.rl missing in EgoVehicle, using clone instead
[2026-04-12 19:38:09.518] [Application] [warning] EgoVehicle: wheel carrier wheel_carrier.rl has no child node
[2026-04-12 19:38:09.518] [Application] [info] node wheel_carrier.rr missing in EgoVehicle, using clone instead
[2026-04-12 19:38:09.518] [Application] [warning] EgoVehicle: wheel carrier wheel_carrier.rr has no child node
[2026-04-12 20:24:33.913] [Application] [info] APO Client: Disconnecting...
[2026-04-12 20:24:57.088] [Application] [warning] Socket Error in RSDA Server: The remote host closed the connection.
[2026-04-12 20:25:05.712] [Application] [info] APO Client: Disconnecting...
