[2026-04-09 22:06:28.228] [Application] [info] GPUSensor Server running: host=harsh port=11500
[2026-04-09 22:06:47.183] [Application] [info] Using RenderSettingsProfile: RenderSettings_high.cfg -> template_high.render
[2026-04-09 22:06:47.342] [Application] [info] Loading Installed scripts...
[2026-04-09 22:06:47.343] [Application] [info] Loading User scripts...
[2026-04-09 22:06:47.344] [Application] [info] Loading project scripts...
[2026-04-09 22:06:48.799] [Application] [warning] Socket Error in GPUSensor Server: The remote host closed the connection.
[2026-04-09 22:06:48.938] [Application] [info] APO: Successfully connected to: CarMaker 15.0 - Car_Generic @ Harsh(10.21.81.60):28812
[2026-04-09 22:06:49.026] [Application] [info] Loaded Path Mapping with 0 mapped directories. Set CarMaker home dir to 'C:/IPG/carmaker/win64-15.0'
[2026-04-09 22:06:49.328] [Application] [info] Using Ray Tracing Sensors Library version: 15.0.28 Nov 12 2025 - 16:19:39
[2026-04-09 22:06:49.837] [Application] [info] Loading Test Run from path C:/Users/harsh/Desktop/a_baja_simulation/Data/TestRun/.tmp_Harsh_harsh.0
[2026-04-09 22:07:26.599] [Application] [info] Loaded Path Mapping with 0 mapped directories. Set CarMaker home dir to 'C:/IPG/carmaker/win64-15.0'
[2026-04-09 22:07:27.259] [Application] [info] Loading Test Run from path C:/Users/harsh/Desktop/a_baja_simulation/Data/TestRun/.tmp_Harsh_harsh.1
[2026-04-09 22:08:19.851] [Application] [info] Loaded Path Mapping with 0 mapped directories. Set CarMaker home dir to 'C:/IPG/carmaker/win64-15.0'
[2026-04-09 22:08:20.506] [Application] [info] Loading Test Run from path C:/Users/harsh/Desktop/a_baja_simulation/Data/TestRun/.tmp_Harsh_harsh.0
[2026-04-09 22:09:51.720] [Application] [info] Loaded Path Mapping with 0 mapped directories. Set CarMaker home dir to 'C:/IPG/carmaker/win64-15.0'
[2026-04-09 22:09:52.456] [Application] [info] Loading Test Run from path C:/Users/harsh/Desktop/a_baja_simulation/Data/TestRun/.tmp_Harsh_harsh.1
[2026-04-09 22:12:41.602] [Application] [info] Loaded Path Mapping with 0 mapped directories. Set CarMaker home dir to 'C:/IPG/carmaker/win64-15.0'
[2026-04-09 22:12:42.269] [Application] [info] Loading Test Run from path C:/Users/harsh/Desktop/a_baja_simulation/Data/TestRun/.tmp_Harsh_harsh.0
[2026-04-09 22:18:37.466] [Application] [info] Loaded Path Mapping with 0 mapped directories. Set CarMaker home dir to 'C:/IPG/carmaker/win64-15.0'
[2026-04-09 22:18:38.120] [Application] [info] Loading Test Run from path C:/Users/harsh/Desktop/a_baja_simulation/Data/TestRun/.tmp_Harsh_harsh.1
[2026-04-09 22:19:06.341] [Application] [info] Loaded Path Mapping with 0 mapped directories. Set CarMaker home dir to 'C:/IPG/carmaker/win64-15.0'
[2026-04-09 22:19:07.013] [Application] [info] Loading Test Run from path C:/Users/harsh/Desktop/a_baja_simulation/Data/TestRun/.tmp_Harsh_harsh.0
[2026-04-09 22:31:14.318] [Application] [info] Loaded Path Mapping with 0 mapped directories. Set CarMaker home dir to 'C:/IPG/carmaker/win64-15.0'
[2026-04-09 22:31:14.969] [Application] [info] Loading Test Run from path C:/Users/harsh/Desktop/a_baja_simulation/Data/TestRun/.tmp_Harsh_harsh.1
[2026-04-09 22:45:38.555] [Application] [info] APO Client: Disconnecting...
