

SYSTEM_START	-	Harsh	Harsh	2026-04-09 19:14:21


SYSTEM_INFO	CarMaker 15.0 - Car_Generic #3	jetbrains@02480bbb4087 2025-11-17 12:41:57	(15.0 jetbrains@02480bbb4087 2025-11-17 12:35:34)
SIM	1775742261	Harsh			0	0	0
SIM	1775742263	Harsh	harsh	unknown	0	20.763	256.705


SYSTEM_START	-	Harsh	Harsh	2026-04-09 19:29:44


SYSTEM_INFO	CarMaker 15.0 - Car_Generic #5	jetbrains@02480bbb4087 2025-11-17 12:42:15	(15.0 jetbrains@02480bbb4087 2025-11-17 12:35:34)
SIM	1775743187	Harsh	harsh	Examples/BasicFunctions/Traffic/Man_Autonomous	0	0	0


SYSTEM_START	-	Harsh	Harsh	2026-04-09 19:30:39


SYSTEM_INFO	CarMaker 15.0 - Car_Generic #5	jetbrains@02480bbb4087 2025-11-17 12:42:15	(15.0 jetbrains@02480bbb4087 2025-11-17 12:35:34)
SIM	1775743240	Harsh	harsh	Examples/BasicFunctions/Traffic/Man_Autonomous	5	0	0


SYSTEM_START	-	Harsh	Harsh	2026-04-09 19:33:08


SYSTEM_INFO	CarMaker 15.0 - Car_Generic #5	jetbrains@02480bbb4087 2025-11-17 12:42:15	(15.0 jetbrains@02480bbb4087 2025-11-17 12:35:34)
SIM	1775743389	Harsh	harsh	Examples/BasicFunctions/Traffic/Man_Autonomous	0	0	0


SYSTEM_START	-	Harsh	Harsh	2026-04-09 19:42:39


SYSTEM_INFO	CarMaker 15.0 - Car_Generic #5	jetbrains@02480bbb4087 2025-11-17 12:42:15	(15.0 jetbrains@02480bbb4087 2025-11-17 12:35:34)
SIM	1775743959	Harsh	harsh	Examples/BasicFunctions/Traffic/Man_Autonomous	0	32.775	554.896


SYSTEM_START	-	Harsh	Harsh	2026-04-09 19:43:20


SYSTEM_INFO	CarMaker 15.0 - Car_Generic #5	jetbrains@02480bbb4087 2025-11-17 12:42:15	(15.0 jetbrains@02480bbb4087 2025-11-17 12:35:34)
SIM	1775744001	Harsh	harsh	Examples/BasicFunctions/Traffic/Man_Autonomous	0	6.303	151.276


SYSTEM_START	-	Harsh	Harsh	2026-04-09 19:49:54


SYSTEM_INFO	CarMaker 15.0 - Car_Generic #5	jetbrains@02480bbb4087 2025-11-17 12:42:15	(15.0 jetbrains@02480bbb4087 2025-11-17 12:35:34)
SIM	1775744394	Harsh	harsh	Examples/BasicFunctions/Traffic/Man_Autonomous	0	29.443	480.912


SYSTEM_START	-	Harsh	Harsh	2026-04-09 19:51:38


SYSTEM_INFO	CarMaker 15.0 - Car_Generic #5	jetbrains@02480bbb4087 2025-11-17 12:42:15	(15.0 jetbrains@02480bbb4087 2025-11-17 12:35:34)
SIM	1775744498	Harsh	harsh	Examples/BasicFunctions/Traffic/Man_Autonomous	1	1.134	25.5868


SYSTEM_START	-	Harsh	Harsh	2026-04-09 19:51:59


SYSTEM_INFO	CarMaker 15.0 - Car_Generic #5	jetbrains@02480bbb4087 2025-11-17 12:42:15	(15.0 jetbrains@02480bbb4087 2025-11-17 12:35:34)
SIM	1775744520	Harsh	harsh	Examples/BasicFunctions/Traffic/Man_Autonomous	1	1.134	25.5868


SYSTEM_START	-	Harsh	Harsh	2026-04-09 19:52:45


SYSTEM_INFO	CarMaker 15.0 - Car_Generic #5	jetbrains@02480bbb4087 2025-11-17 12:42:15	(15.0 jetbrains@02480bbb4087 2025-11-17 12:35:34)
SIM	1775744565	Harsh	harsh	Examples/BasicFunctions/Traffic/Man_Autonomous	1	1.52	35.0938


SYSTEM_START	-	Harsh	Harsh	2026-04-09 20:09:10


SYSTEM_INFO	CarMaker 15.0 - Car_Generic #5	jetbrains@02480bbb4087 2025-11-17 12:42:15	(15.0 jetbrains@02480bbb4087 2025-11-17 12:35:34)
SIM	1775745551	Harsh	harsh	Examples/BasicFunctions/Traffic/Man_Autonomous	0	109.714	913.085


SYSTEM_START	-	Harsh	Harsh	2026-04-09 20:12:51


SYSTEM_INFO	CarMaker 15.0 - Car_Generic #5	jetbrains@02480bbb4087 2025-11-17 12:42:15	(15.0 jetbrains@02480bbb4087 2025-11-17 12:35:34)
SIM	1775745772	Harsh	harsh	Examples/BasicFunctions/Traffic/Man_Autonomous	0	84.804	705.514


SYSTEM_START	-	Harsh	Harsh	2026-04-09 20:15:41


SYSTEM_INFO	CarMaker 15.0 - Car_Generic #5	jetbrains@02480bbb4087 2025-11-17 12:42:15	(15.0 jetbrains@02480bbb4087 2025-11-17 12:35:34)
SIM	1775745942	Harsh	harsh	Examples/BasicFunctions/Traffic/Man_Autonomous	0	19.671	326.997


SYSTEM_START	-	Harsh	Harsh	2026-04-09 20:25:40


SYSTEM_INFO	CarMaker 15.0 - Car_Generic #5	jetbrains@02480bbb4087 2025-11-17 12:42:15	(15.0 jetbrains@02480bbb4087 2025-11-17 12:35:34)
SIM	1775746541	Harsh	harsh	Examples/BasicFunctions/Traffic/Man_Autonomous	0	50.384	466.688


SYSTEM_START	-	Harsh	Harsh	2026-04-09 20:29:59


SYSTEM_INFO	CarMaker 15.0 - Car_Generic #5	jetbrains@02480bbb4087 2025-11-17 12:42:15	(15.0 jetbrains@02480bbb4087 2025-11-17 12:35:34)
SIM	1775746800	Harsh	harsh	Examples/BasicFunctions/Traffic/Man_Autonomous	0	54.957	479.185


SYSTEM_START	-	Harsh	Harsh	2026-04-09 20:31:10


SYSTEM_INFO	CarMaker 15.0 - Car_Generic #5	jetbrains@02480bbb4087 2025-11-17 12:42:15	(15.0 jetbrains@02480bbb4087 2025-11-17 12:35:34)
SIM	1775746870	Harsh	harsh	Examples/BasicFunctions/Traffic/Man_Autonomous	0	14.247	258.096


SYSTEM_START	-	Harsh	Harsh	2026-04-09 20:31:48


SYSTEM_INFO	CarMaker 15.0 - Car_Generic #5	jetbrains@02480bbb4087 2025-11-17 12:42:15	(15.0 jetbrains@02480bbb4087 2025-11-17 12:35:34)
SIM	1775746908	Harsh	harsh	Examples/BasicFunctions/Traffic/Man_Autonomous	0	77.63	648.679


SYSTEM_START	-	Harsh	Harsh	2026-04-09 20:33:12


SYSTEM_INFO	CarMaker 15.0 - Car_Generic #5	jetbrains@02480bbb4087 2025-11-17 12:42:15	(15.0 jetbrains@02480bbb4087 2025-11-17 12:35:34)
SIM	1775746992	Harsh	harsh	Examples/BasicFunctions/Traffic/Man_Autonomous	0	215.499	1794.4


SYSTEM_START	-	Harsh	Harsh	2026-04-09 20:38:32


SYSTEM_INFO	CarMaker 15.0 - Car_Generic #5	jetbrains@02480bbb4087 2025-11-17 12:42:15	(15.0 jetbrains@02480bbb4087 2025-11-17 12:35:34)
SIM	1775747312	Harsh	harsh	Examples/BasicFunctions/Traffic/Man_Autonomous	0	12.901	241.454


SYSTEM_START	-	Harsh	Harsh	2026-04-09 20:38:50


SYSTEM_INFO	CarMaker 15.0 - Car_Generic #5	jetbrains@02480bbb4087 2025-11-17 12:42:15	(15.0 jetbrains@02480bbb4087 2025-11-17 12:35:34)
SIM	1775747331	Harsh	harsh	Examples/BasicFunctions/Traffic/Man_Autonomous	0	2.655	56.9215


SYSTEM_START	-	Harsh	Harsh	2026-04-09 20:39:07


SYSTEM_INFO	CarMaker 15.0 - Car_Generic #5	jetbrains@02480bbb4087 2025-11-17 12:42:15	(15.0 jetbrains@02480bbb4087 2025-11-17 12:35:34)
SIM	1775747347	Harsh	harsh	Examples/BasicFunctions/Traffic/Man_Autonomous	0	45.585	505.33


SYSTEM_START	-	Harsh	Harsh	2026-04-09 20:40:00


SYSTEM_INFO	CarMaker 15.0 - Car_Generic #5	jetbrains@02480bbb4087 2025-11-17 12:42:15	(15.0 jetbrains@02480bbb4087 2025-11-17 12:35:34)
SIM	1775747400	Harsh	harsh	Examples/BasicFunctions/Traffic/Man_Autonomous	0	19.049	327.523


SYSTEM_START	-	Harsh	Harsh	2026-04-09 20:40:38


SYSTEM_INFO	CarMaker 15.0 - Car_Generic #5	jetbrains@02480bbb4087 2025-11-17 12:42:15	(15.0 jetbrains@02480bbb4087 2025-11-17 12:35:34)
SIM	1775747439	Harsh	harsh	Examples/BasicFunctions/Traffic/Man_Autonomous	0	53.032	616.108


SYSTEM_START	-	Harsh	Harsh	2026-04-09 20:42:15


SYSTEM_INFO	CarMaker 15.0 - Car_Generic #5	jetbrains@02480bbb4087 2025-11-17 12:42:15	(15.0 jetbrains@02480bbb4087 2025-11-17 12:35:34)
SIM	1775747535	Harsh	harsh	Examples/BasicFunctions/Traffic/Man_Autonomous	0	32.529	271.69


SYSTEM_START	-	Harsh	Harsh	2026-04-09 20:43:31


SYSTEM_INFO	CarMaker 15.0 - Car_Generic #5	jetbrains@02480bbb4087 2025-11-17 12:42:15	(15.0 jetbrains@02480bbb4087 2025-11-17 12:35:34)
SIM	1775747612	Harsh	harsh	Examples/BasicFunctions/Traffic/Man_Autonomous	0	48.01	399.249


SYSTEM_START	-	Harsh	Harsh	2026-04-09 20:44:32


SYSTEM_INFO	CarMaker 15.0 - Car_Generic #5	jetbrains@02480bbb4087 2025-11-17 12:42:15	(15.0 jetbrains@02480bbb4087 2025-11-17 12:35:34)
SIM	1775747673	Harsh	harsh	Examples/BasicFunctions/Traffic/Man_Autonomous	0	10.155	57.6365


SYSTEM_START	-	Harsh	Harsh	2026-04-09 20:44:49


SYSTEM_INFO	CarMaker 15.0 - Car_Generic #5	jetbrains@02480bbb4087 2025-11-17 12:42:15	(15.0 jetbrains@02480bbb4087 2025-11-17 12:35:34)
SIM	1775747689	Harsh	harsh	Examples/BasicFunctions/Traffic/Man_Autonomous	0	10.886	57.6375


SYSTEM_START	-	Harsh	Harsh	2026-04-09 20:47:17


SYSTEM_INFO	CarMaker 15.0 - Car_Generic #5	jetbrains@02480bbb4087 2025-11-17 12:42:15	(15.0 jetbrains@02480bbb4087 2025-11-17 12:35:34)
SIM	1775747837	Harsh	harsh	Examples/BasicFunctions/Traffic/Man_Autonomous	0	21.95	57.7905


SYSTEM_START	-	Harsh	Harsh	2026-04-09 20:47:45


SYSTEM_INFO	CarMaker 15.0 - Car_Generic #5	jetbrains@02480bbb4087 2025-11-17 12:42:15	(15.0 jetbrains@02480bbb4087 2025-11-17 12:35:34)
SIM	1775747865	Harsh	harsh	Examples/BasicFunctions/Traffic/Man_Autonomous	2	0	0


SYSTEM_START	-	Harsh	Harsh	2026-04-09 20:48:10


SYSTEM_INFO	CarMaker 15.0 - Car_Generic #5	jetbrains@02480bbb4087 2025-11-17 12:42:15	(15.0 jetbrains@02480bbb4087 2025-11-17 12:35:34)
SIM	1775747891	Harsh	harsh	Examples/BasicFunctions/Traffic/Man_Autonomous	0	11.965	57.7838


SYSTEM_START	-	Harsh	Harsh	2026-04-09 20:51:40


SYSTEM_INFO	CarMaker 15.0 - Car_Generic #5	jetbrains@02480bbb4087 2025-11-17 12:42:15	(15.0 jetbrains@02480bbb4087 2025-11-17 12:35:34)
SIM	1775748100	Harsh	harsh	Examples/BasicFunctions/Traffic/Man_Autonomous	0	19.097	57.8295


SYSTEM_START	-	Harsh	Harsh	2026-04-09 20:52:13


SYSTEM_INFO	CarMaker 15.0 - Car_Generic #5	jetbrains@02480bbb4087 2025-11-17 12:42:15	(15.0 jetbrains@02480bbb4087 2025-11-17 12:35:34)
SIM	1775748133	Harsh	harsh	Examples/BasicFunctions/Traffic/Man_Autonomous	0	5.22	57.7848


SYSTEM_START	-	Harsh	Harsh	2026-04-09 20:54:26


SYSTEM_INFO	CarMaker 15.0 - Car_Generic #5	jetbrains@02480bbb4087 2025-11-17 12:42:15	(15.0 jetbrains@02480bbb4087 2025-11-17 12:35:34)
SIM	1775748267	Harsh	harsh	Examples/BasicFunctions/Traffic/Man_Autonomous	0	29.721	528.44


SYSTEM_START	-	Harsh	Harsh	2026-04-09 20:55:03


SYSTEM_INFO	CarMaker 15.0 - Car_Generic #5	jetbrains@02480bbb4087 2025-11-17 12:42:15	(15.0 jetbrains@02480bbb4087 2025-11-17 12:35:34)
SIM	1775748304	Harsh	harsh	Examples/BasicFunctions/Traffic/Man_Autonomous	0	7.771	164.931


SYSTEM_START	-	Harsh	Harsh	2026-04-09 20:55:38


SYSTEM_INFO	CarMaker 15.0 - Car_Generic #5	jetbrains@02480bbb4087 2025-11-17 12:42:15	(15.0 jetbrains@02480bbb4087 2025-11-17 12:35:34)
SIM	1775748338	Harsh	harsh	Examples/BasicFunctions/Traffic/Man_Autonomous	0	0.003	0.0222222


SYSTEM_START	-	Harsh	Harsh	2026-04-09 20:55:50


SYSTEM_INFO	CarMaker 15.0 - Car_Generic #5	jetbrains@02480bbb4087 2025-11-17 12:42:15	(15.0 jetbrains@02480bbb4087 2025-11-17 12:35:34)
SIM	1775748351	Harsh	harsh	Examples/BasicFunctions/Traffic/Man_Autonomous	0	0.003	0.0222222


SYSTEM_START	-	Harsh	Harsh	2026-04-09 21:00:17


SYSTEM_INFO	CarMaker 15.0 - Car_Generic #5	jetbrains@02480bbb4087 2025-11-17 12:42:15	(15.0 jetbrains@02480bbb4087 2025-11-17 12:35:34)
SIM	1775748618	Harsh	harsh	Examples/BasicFunctions/Traffic/Man_Autonomous	0	0.003	0.0222222


SYSTEM_START	-	Harsh	Harsh	2026-04-09 21:00:40


SYSTEM_INFO	CarMaker 15.0 - Car_Generic #5	jetbrains@02480bbb4087 2025-11-17 12:42:15	(15.0 jetbrains@02480bbb4087 2025-11-17 12:35:34)
SIM	1775748640	Harsh	harsh	Examples/BasicFunctions/Traffic/Man_Autonomous	0	47.995	749.895


SYSTEM_START	-	Harsh	Harsh	2026-04-09 21:02:20


SYSTEM_INFO	CarMaker 15.0 - Car_Generic #5	jetbrains@02480bbb4087 2025-11-17 12:42:15	(15.0 jetbrains@02480bbb4087 2025-11-17 12:35:34)
SIM	1775748741	Harsh	harsh	Examples/BasicFunctions/Traffic/Man_Autonomous	0	9.135	26.5047


SYSTEM_START	-	Harsh	Harsh	2026-04-09 21:02:36


SYSTEM_INFO	CarMaker 15.0 - Car_Generic #5	jetbrains@02480bbb4087 2025-11-17 12:42:15	(15.0 jetbrains@02480bbb4087 2025-11-17 12:35:34)
SIM	1775748757	Harsh	harsh	Examples/BasicFunctions/Traffic/Man_Autonomous	0	20.95	26.5075


SYSTEM_START	-	Harsh	Harsh	2026-04-09 21:04:12


SYSTEM_INFO	CarMaker 15.0 - Car_Generic #5	jetbrains@02480bbb4087 2025-11-17 12:42:15	(15.0 jetbrains@02480bbb4087 2025-11-17 12:35:34)
SIM	1775748853	Harsh	harsh	Examples/BasicFunctions/Traffic/Man_Autonomous	0	92.713	28.0167


SYSTEM_START	-	Harsh	Harsh	2026-04-09 21:05:52


SYSTEM_INFO	CarMaker 15.0 - Car_Generic #5	jetbrains@02480bbb4087 2025-11-17 12:42:15	(15.0 jetbrains@02480bbb4087 2025-11-17 12:35:34)
SIM	1775748953	Harsh	harsh	Examples/BasicFunctions/Traffic/Man_Autonomous	0	34.095	28.0148


SYSTEM_START	-	Harsh	Harsh	2026-04-09 21:06:34


SYSTEM_INFO	CarMaker 15.0 - Car_Generic #5	jetbrains@02480bbb4087 2025-11-17 12:42:15	(15.0 jetbrains@02480bbb4087 2025-11-17 12:35:34)
SIM	1775748994	Harsh	harsh	Examples/BasicFunctions/Traffic/Man_Autonomous	0	10.365	28.0094


SYSTEM_START	-	Harsh	Harsh	2026-04-09 21:07:22


SYSTEM_INFO	CarMaker 15.0 - Car_Generic #5	jetbrains@02480bbb4087 2025-11-17 12:42:15	(15.0 jetbrains@02480bbb4087 2025-11-17 12:35:34)
SIM	1775749043	Harsh	harsh	Examples/BasicFunctions/Traffic/Man_Autonomous	0	164.712	27.7972


SYSTEM_START	-	Harsh	Harsh	2026-04-09 21:10:14


SYSTEM_INFO	CarMaker 15.0 - Car_Generic #5	jetbrains@02480bbb4087 2025-11-17 12:42:15	(15.0 jetbrains@02480bbb4087 2025-11-17 12:35:34)
SIM	1775749214	Harsh	harsh	Examples/BasicFunctions/Traffic/Man_Autonomous	0	5.15	0.000252659


SYSTEM_START	-	Harsh	Harsh	2026-04-09 21:12:33


SYSTEM_INFO	CarMaker 15.0 - Car_Generic #5	jetbrains@02480bbb4087 2025-11-17 12:42:15	(15.0 jetbrains@02480bbb4087 2025-11-17 12:35:34)
SIM	1775749354	Harsh	harsh	Examples/BasicFunctions/Traffic/Man_Autonomous	0	24.846	0.00167886


SYSTEM_START	-	Harsh	Harsh	2026-04-09 21:13:15


SYSTEM_INFO	CarMaker 15.0 - Car_Generic #5	jetbrains@02480bbb4087 2025-11-17 12:42:15	(15.0 jetbrains@02480bbb4087 2025-11-17 12:35:34)
SIM	1775749395	Harsh	harsh	Examples/BasicFunctions/Traffic/Man_Autonomous	0	27.693	0.00245394


SYSTEM_START	-	Harsh	Harsh	2026-04-09 21:14:25


SYSTEM_INFO	CarMaker 15.0 - Car_Generic #5	jetbrains@02480bbb4087 2025-11-17 12:42:15	(15.0 jetbrains@02480bbb4087 2025-11-17 12:35:34)
SIM	1775749466	Harsh	harsh	Examples/BasicFunctions/Traffic/Man_Autonomous	0	45.968	0.0029969


SYSTEM_START	-	Harsh	Harsh	2026-04-09 21:15:27


SYSTEM_INFO	CarMaker 15.0 - Car_Generic #5	jetbrains@02480bbb4087 2025-11-17 12:42:15	(15.0 jetbrains@02480bbb4087 2025-11-17 12:35:34)
SIM	1775749528	Harsh	harsh	Examples/BasicFunctions/Traffic/Man_Autonomous	0	43.551	0.0029278


SYSTEM_START	-	Harsh	Harsh	2026-04-09 21:16:17


SYSTEM_INFO	CarMaker 15.0 - Car_Generic #5	jetbrains@02480bbb4087 2025-11-17 12:42:15	(15.0 jetbrains@02480bbb4087 2025-11-17 12:35:34)
SIM	1775749578	Harsh	harsh	Examples/BasicFunctions/Traffic/Man_Autonomous	0	21.955	177.602


SYSTEM_START	-	Harsh	Harsh	2026-04-09 21:17:00


SYSTEM_INFO	CarMaker 15.0 - Car_Generic #5	jetbrains@02480bbb4087 2025-11-17 12:42:15	(15.0 jetbrains@02480bbb4087 2025-11-17 12:35:34)
SIM	1775749620	Harsh	harsh	Examples/BasicFunctions/Traffic/Man_Autonomous	0	94.62	787.544


SYSTEM_START	-	Harsh	Harsh	2026-04-09 21:18:48


SYSTEM_INFO	CarMaker 15.0 - Car_Generic #5	jetbrains@02480bbb4087 2025-11-17 12:42:15	(15.0 jetbrains@02480bbb4087 2025-11-17 12:35:34)
SIM	1775749728	Harsh	harsh	Examples/BasicFunctions/Traffic/Man_Autonomous	0	21.116	181.487


SYSTEM_START	-	Harsh	Harsh	2026-04-09 21:19:22


SYSTEM_INFO	CarMaker 15.0 - Car_Generic #5	jetbrains@02480bbb4087 2025-11-17 12:42:15	(15.0 jetbrains@02480bbb4087 2025-11-17 12:35:34)
SIM	1775749762	Harsh	harsh	Examples/BasicFunctions/Traffic/Man_Autonomous	0	32.955	236.134


SYSTEM_START	-	Harsh	Harsh	2026-04-09 21:20:04


SYSTEM_INFO	CarMaker 15.0 - Car_Generic #5	jetbrains@02480bbb4087 2025-11-17 12:42:15	(15.0 jetbrains@02480bbb4087 2025-11-17 12:35:34)
SIM	1775749804	Harsh	harsh	Examples/BasicFunctions/Traffic/Man_Autonomous	0	103.396	801.953


SYSTEM_START	-	Harsh	Harsh	2026-04-09 21:20:35


SYSTEM_INFO	CarMaker 15.0 - Car_Generic #5	jetbrains@02480bbb4087 2025-11-17 12:42:15	(15.0 jetbrains@02480bbb4087 2025-11-17 12:35:34)
SIM	1775749836	Harsh	harsh	Examples/BasicFunctions/Traffic/Man_Autonomous	0	134.532	1116.03


SYSTEM_START	-	Harsh	Harsh	2026-04-09 21:21:15


SYSTEM_INFO	CarMaker 15.0 - Car_Generic #5	jetbrains@02480bbb4087 2025-11-17 12:42:15	(15.0 jetbrains@02480bbb4087 2025-11-17 12:35:34)
SIM	1775749875	Harsh	harsh	Examples/BasicFunctions/Traffic/Man_Autonomous	0	95.915	785.264


SYSTEM_START	-	Harsh	Harsh	2026-04-09 21:35:41


SYSTEM_INFO	CarMaker 15.0 - Car_Generic #5	jetbrains@02480bbb4087 2025-11-17 12:42:15	(15.0 jetbrains@02480bbb4087 2025-11-17 12:35:34)
SIM	1775750741	Harsh	harsh	Examples/BasicFunctions/Traffic/Man_Autonomous	0	118.779	976.327


SYSTEM_START	-	Harsh	Harsh	2026-04-09 21:39:00


SYSTEM_INFO	CarMaker 15.0 - Car_Generic #5	jetbrains@02480bbb4087 2025-11-17 12:42:15	(15.0 jetbrains@02480bbb4087 2025-11-17 12:35:34)
SIM	1775750940	Harsh	harsh	Examples/BasicFunctions/Traffic/Man_Autonomous	0	35.749	279.307


SYSTEM_START	-	Harsh	Harsh	2026-04-09 21:39:44


SYSTEM_INFO	CarMaker 15.0 - Car_Generic #5	jetbrains@02480bbb4087 2025-11-17 12:42:15	(15.0 jetbrains@02480bbb4087 2025-11-17 12:35:34)
SIM	1775750985	Harsh	harsh	Examples/BasicFunctions/Traffic/Man_Autonomous	0	163.435	1348.86


SYSTEM_START	-	Harsh	Harsh	2026-04-09 21:43:13


SYSTEM_INFO	CarMaker 15.0 - Car_Generic #5	jetbrains@02480bbb4087 2025-11-17 12:42:15	(15.0 jetbrains@02480bbb4087 2025-11-17 12:35:34)
SIM	1775751193	Harsh	harsh	Examples/BasicFunctions/Traffic/Man_Autonomous	0	993.406	11182.5


SYSTEM_START	-	Harsh	Harsh	2026-04-09 21:47:20


SYSTEM_INFO	CarMaker 15.0 - Car_Generic #5	jetbrains@02480bbb4087 2025-11-17 12:42:15	(15.0 jetbrains@02480bbb4087 2025-11-17 12:35:34)
SIM	1775751441	Harsh	harsh	Examples/BasicFunctions/Traffic/Man_Autonomous	0	442.002	5293.11


SYSTEM_START	-	Harsh	Harsh	2026-04-09 21:50:55


SYSTEM_INFO	CarMaker 15.0 - Car_Generic #5	jetbrains@02480bbb4087 2025-11-17 12:42:15	(15.0 jetbrains@02480bbb4087 2025-11-17 12:35:34)
SIM	1775751656	Harsh	harsh	Examples/BasicFunctions/Traffic/Man_Autonomous	2	0	0


SYSTEM_START	-	Harsh	Harsh	2026-04-09 21:51:29


SYSTEM_INFO	CarMaker 15.0 - Car_Generic #5	jetbrains@02480bbb4087 2025-11-17 12:42:15	(15.0 jetbrains@02480bbb4087 2025-11-17 12:35:34)
SIM	1775751690	Harsh	harsh	Examples/BasicFunctions/Traffic/Man_Autonomous	2	0	0


SYSTEM_START	-	Harsh	Harsh	2026-04-09 21:52:22


SYSTEM_INFO	CarMaker 15.0 - Car_Generic #5	jetbrains@02480bbb4087 2025-11-17 12:42:15	(15.0 jetbrains@02480bbb4087 2025-11-17 12:35:34)
SIM	1775751743	Harsh	harsh	Examples/BasicFunctions/Traffic/Man_Autonomous	0	93.129	851.224


SYSTEM_START	-	Harsh	Harsh	2026-04-09 22:06:48


SYSTEM_INFO	CarMaker 15.0 - Car_Generic #5	jetbrains@02480bbb4087 2025-11-17 12:42:15	(15.0 jetbrains@02480bbb4087 2025-11-17 12:35:34)
SIM	1775752608	Harsh	harsh	Examples/BasicFunctions/Traffic/Man_Autonomous	0	0	0


SYSTEM_START	-	Harsh	Harsh	2026-04-09 22:07:25


SYSTEM_INFO	CarMaker 15.0 - Car_Generic #5	jetbrains@02480bbb4087 2025-11-17 12:42:15	(15.0 jetbrains@02480bbb4087 2025-11-17 12:35:34)
SIM	1775752646	Harsh	harsh	Examples/BasicFunctions/Traffic/Man_Autonomous	0	0	0


SYSTEM_START	-	Harsh	Harsh	2026-04-09 22:08:19


SYSTEM_INFO	CarMaker 15.0 - Car_Generic #5	jetbrains@02480bbb4087 2025-11-17 12:42:15	(15.0 jetbrains@02480bbb4087 2025-11-17 12:35:34)
SIM	1775752699	Harsh	harsh	Examples/BasicFunctions/Traffic/Man_Autonomous	0	0	0


SYSTEM_START	-	Harsh	Harsh	2026-04-09 22:09:51


SYSTEM_INFO	CarMaker 15.0 - Car_Generic #5	jetbrains@02480bbb4087 2025-11-17 12:42:15	(15.0 jetbrains@02480bbb4087 2025-11-17 12:35:34)
SIM	1775752791	Harsh	harsh	Examples/BasicFunctions/Traffic/Man_Autonomous	0	140.766	1159.79


SYSTEM_START	-	Harsh	Harsh	2026-04-09 22:12:41


SYSTEM_INFO	CarMaker 15.0 - Car_Generic #5	jetbrains@02480bbb4087 2025-11-17 12:42:15	(15.0 jetbrains@02480bbb4087 2025-11-17 12:35:34)
SIM	1775752961	Harsh	harsh	Examples/BasicFunctions/Traffic/Man_Autonomous	0	0	0


SYSTEM_START	-	Harsh	Harsh	2026-04-09 22:18:36


SYSTEM_INFO	CarMaker 15.0 - Car_Generic #5	jetbrains@02480bbb4087 2025-11-17 12:42:15	(15.0 jetbrains@02480bbb4087 2025-11-17 12:35:34)
SIM	1775753317	Harsh	harsh	Examples/BasicFunctions/Traffic/Man_Autonomous	0	0	0


SYSTEM_START	-	Harsh	Harsh	2026-04-09 22:19:05


SYSTEM_INFO	CarMaker 15.0 - Car_Generic #5	jetbrains@02480bbb4087 2025-11-17 12:42:15	(15.0 jetbrains@02480bbb4087 2025-11-17 12:35:34)
SIM	1775753346	Harsh	harsh	Examples/BasicFunctions/Traffic/Man_Autonomous	0	321.89	2669.58


SYSTEM_START	-	Harsh	Harsh	2026-04-09 22:31:13


SYSTEM_INFO	CarMaker 15.0 - Car_Generic #5	jetbrains@02480bbb4087 2025-11-17 12:42:15	(15.0 jetbrains@02480bbb4087 2025-11-17 12:35:34)
SIM	1775754074	Harsh	harsh	Examples/BasicFunctions/Traffic/Man_Autonomous	0	0	0


SYSTEM_START	-	Harsh	Harsh	2026-04-09 22:58:22


SYSTEM_INFO	CarMaker 15.0 - Car_Generic #5	jetbrains@02480bbb4087 2025-11-17 12:42:15	(15.0 jetbrains@02480bbb4087 2025-11-17 12:35:34)
SIM	1775755704	Harsh	harsh	Examples/BasicFunctions/Traffic/Man_Autonomous	0	45.663	363.168


SYSTEM_START	-	Harsh	Harsh	2026-04-09 22:59:12


SYSTEM_INFO	CarMaker 15.0 - Car_Generic #5	jetbrains@02480bbb4087 2025-11-17 12:42:15	(15.0 jetbrains@02480bbb4087 2025-11-17 12:35:34)
SIM	1775755753	Harsh	harsh	Examples/BasicFunctions/Traffic/Man_Autonomous	0	33.54	260.408


SYSTEM_START	-	Harsh	Harsh	2026-04-09 22:59:40


SYSTEM_INFO	CarMaker 15.0 - Car_Generic #5	jetbrains@02480bbb4087 2025-11-17 12:42:15	(15.0 jetbrains@02480bbb4087 2025-11-17 12:35:34)
SIM	1775755781	Harsh	harsh	Examples/BasicFunctions/Traffic/Man_Autonomous	0	131.78	1084.82


SYSTEM_START	-	Harsh	Harsh	2026-04-09 23:58:54


SYSTEM_INFO	CarMaker 15.0 - Car_Generic #5	jetbrains@02480bbb4087 2025-11-17 12:42:15	(15.0 jetbrains@02480bbb4087 2025-11-17 12:35:34)
SIM	1775759336	Harsh	harsh	Examples/BasicFunctions/Traffic/Man_Autonomous	0	190.084	1571.02


SYSTEM_START	-	Harsh	Harsh	2026-04-10 00:07:01


SYSTEM_INFO	CarMaker 15.0 - Car_Generic #5	jetbrains@02480bbb4087 2025-11-17 12:42:15	(15.0 jetbrains@02480bbb4087 2025-11-17 12:35:34)
SIM	1775759822	Harsh	harsh	Examples/BasicFunctions/Traffic/Man_Autonomous	0	19.732	142.464


SYSTEM_START	-	Harsh	Harsh	2026-04-10 00:07:37


SYSTEM_INFO	CarMaker 15.0 - Car_Generic #5	jetbrains@02480bbb4087 2025-11-17 12:42:15	(15.0 jetbrains@02480bbb4087 2025-11-17 12:35:34)
SIM	1775759858	Harsh	harsh	Examples/BasicFunctions/Traffic/Man_Autonomous	0	408.425	3390.73


SYSTEM_START	-	Harsh	Harsh	2026-04-10 00:13:56


SYSTEM_INFO	CarMaker 15.0 - Car_Generic #5	jetbrains@02480bbb4087 2025-11-17 12:42:15	(15.0 jetbrains@02480bbb4087 2025-11-17 12:35:34)
SIM	1775760267	Harsh	harsh	Examples/BasicFunctions/Traffic/Man_Autonomous	3	0	0


SYSTEM_START	-	Harsh	Harsh	2026-04-10 00:15:29


SYSTEM_INFO	CarMaker 15.0 - Car_Generic #5	jetbrains@02480bbb4087 2025-11-17 12:42:15	(15.0 jetbrains@02480bbb4087 2025-11-17 12:35:34)
SIM	1775760330	Harsh	harsh	Examples/BasicFunctions/Traffic/Man_Autonomous	0	47.798	381.212


SYSTEM_START	-	Harsh	Harsh	2026-04-10 00:33:36


SYSTEM_INFO	CarMaker 15.0 - Car_Generic #5	jetbrains@02480bbb4087 2025-11-17 12:42:15	(15.0 jetbrains@02480bbb4087 2025-11-17 12:35:34)
SIM	1775761417	Harsh	harsh	Examples/BasicFunctions/Traffic/Man_Autonomous	1	2053.98	17104.6


SYSTEM_START	-	Harsh	Harsh	2026-04-10 14:04:44


SYSTEM_INFO	CarMaker 15.0 - Car_Generic #3	jetbrains@02480bbb4087 2025-11-17 12:41:57	(15.0 jetbrains@02480bbb4087 2025-11-17 12:35:34)
SIM	1775810084	Harsh			0	0	0
SIM	1775810087	Harsh	harsh	unknown	0	104.222	1577.16


SYSTEM_START	-	Harsh	Harsh	2026-04-10 14:15:37


SYSTEM_INFO	CarMaker 15.0 - Car_Generic #5	jetbrains@02480bbb4087 2025-11-17 12:42:15	(15.0 jetbrains@02480bbb4087 2025-11-17 12:35:34)
SIM	1775810740	Harsh	harsh	unknown	0	31.821	249.993


SYSTEM_START	-	Harsh	Harsh	2026-04-10 14:16:09


SYSTEM_INFO	CarMaker 15.0 - Car_Generic #5	jetbrains@02480bbb4087 2025-11-17 12:42:15	(15.0 jetbrains@02480bbb4087 2025-11-17 12:35:34)
SIM	1775810769	Harsh	harsh	unknown	0	31.821	249.993


SYSTEM_START	-	Harsh	Harsh	2026-04-10 18:40:46


SYSTEM_INFO	CarMaker 15.0 - Car_Generic #5	jetbrains@02480bbb4087 2025-11-17 12:42:15	(15.0 jetbrains@02480bbb4087 2025-11-17 12:35:34)
SIM	1775826651	Harsh	harsh	Man_Autonomous_10/04	1	272.413	2257.21


SYSTEM_START	-	Harsh	Harsh	2026-04-10 19:05:52


SYSTEM_INFO	CarMaker 15.0 - Car_Generic #5	jetbrains@02480bbb4087 2025-11-17 12:42:15	(15.0 jetbrains@02480bbb4087 2025-11-17 12:35:34)
SIM	1775828153	Harsh	harsh	Man_Autonomous_10/04	0	225.48	1866.08


SYSTEM_START	-	Harsh	Harsh	2026-04-10 19:12:13


SYSTEM_INFO	CarMaker 15.0 - Car_Generic #5	jetbrains@02480bbb4087 2025-11-17 12:42:15	(15.0 jetbrains@02480bbb4087 2025-11-17 12:35:34)
SIM	1775828533	Harsh	harsh	Man_Autonomous_10/04	0	18.661	133.263


SYSTEM_START	-	Harsh	Harsh	2026-04-10 19:12:43


SYSTEM_INFO	CarMaker 15.0 - Car_Generic #5	jetbrains@02480bbb4087 2025-11-17 12:42:15	(15.0 jetbrains@02480bbb4087 2025-11-17 12:35:34)
SIM	1775828563	Harsh	harsh	Man_Autonomous_10/04	0	15.262	104.003


SYSTEM_START	-	Harsh	Harsh	2026-04-10 19:13:26


SYSTEM_INFO	CarMaker 15.0 - Car_Generic #5	jetbrains@02480bbb4087 2025-11-17 12:42:15	(15.0 jetbrains@02480bbb4087 2025-11-17 12:35:34)
SIM	1775828606	Harsh	harsh	Man_Autonomous_10/04	0	116.341	955.954


SYSTEM_START	-	Harsh	Harsh	2026-04-10 19:16:47


SYSTEM_INFO	CarMaker 15.0 - Car_Generic #5	jetbrains@02480bbb4087 2025-11-17 12:42:15	(15.0 jetbrains@02480bbb4087 2025-11-17 12:35:34)
SIM	1775828807	Harsh	harsh	Man_Autonomous_10/04	0	14.216	94.9799


SYSTEM_START	-	Harsh	Harsh	2026-04-10 19:20:57


SYSTEM_INFO	CarMaker 15.0 - Car_Generic #5	jetbrains@02480bbb4087 2025-11-17 12:42:15	(15.0 jetbrains@02480bbb4087 2025-11-17 12:35:34)
SIM	1775829058	Harsh	harsh	Man_Autonomous_10/04	0	82.421	0.00396254


SYSTEM_START	-	Harsh	Harsh	2026-04-10 19:22:58


SYSTEM_INFO	CarMaker 15.0 - Car_Generic #5	jetbrains@02480bbb4087 2025-11-17 12:42:15	(15.0 jetbrains@02480bbb4087 2025-11-17 12:35:34)
SIM	1775829179	Harsh	harsh	Man_Autonomous_10/04	0	198.009	0.00611558


SYSTEM_START	-	Harsh	Harsh	2026-04-10 19:28:40


SYSTEM_INFO	CarMaker 15.0 - Car_Generic #5	jetbrains@02480bbb4087 2025-11-17 12:42:15	(15.0 jetbrains@02480bbb4087 2025-11-17 12:35:34)
SIM	1775829521	Harsh	harsh	Man_Autonomous_10/04	0	118.697	975.63


SYSTEM_START	-	Harsh	Harsh	2026-04-10 19:30:50


SYSTEM_INFO	CarMaker 15.0 - Car_Generic #5	jetbrains@02480bbb4087 2025-11-17 12:42:15	(15.0 jetbrains@02480bbb4087 2025-11-17 12:35:34)
SIM	1775829650	Harsh	harsh	Man_Autonomous_10/04	0	1617.29	13465.3


SYSTEM_START	-	Harsh	Harsh	2026-04-10 19:57:59


SYSTEM_INFO	CarMaker 15.0 - Car_Generic #5	jetbrains@02480bbb4087 2025-11-17 12:42:15	(15.0 jetbrains@02480bbb4087 2025-11-17 12:35:34)
SIM	1775831279	Harsh	harsh	Man_Autonomous_10/04	0	8.538	45.8149


SYSTEM_START	-	Harsh	Harsh	2026-04-10 19:59:13


SYSTEM_INFO	CarMaker 15.0 - Car_Generic #5	jetbrains@02480bbb4087 2025-11-17 12:42:15	(15.0 jetbrains@02480bbb4087 2025-11-17 12:35:34)
SIM	1775831354	Harsh	harsh	Man_Autonomous_10/04	0	793.006	6595.79


SYSTEM_START	-	Harsh	Harsh	2026-04-10 20:15:40


SYSTEM_INFO	CarMaker 15.0 - Car_Generic #5	jetbrains@02480bbb4087 2025-11-17 12:42:15	(15.0 jetbrains@02480bbb4087 2025-11-17 12:35:34)
SIM	1775832340	Harsh	harsh	Man_Autonomous_10/04	0	162.029	1337.13


SYSTEM_START	-	Harsh	Harsh	2026-04-10 20:23:16


SYSTEM_INFO	CarMaker 15.0 - Car_Generic #5	jetbrains@02480bbb4087 2025-11-17 12:42:15	(15.0 jetbrains@02480bbb4087 2025-11-17 12:35:34)
SIM	1775832796	Harsh	harsh	Man_Autonomous_10/04	0	9.415	53.4411


SYSTEM_START	-	Harsh	Harsh	2026-04-10 20:23:36


SYSTEM_INFO	CarMaker 15.0 - Car_Generic #5	jetbrains@02480bbb4087 2025-11-17 12:42:15	(15.0 jetbrains@02480bbb4087 2025-11-17 12:35:34)
SIM	1775832816	Harsh	harsh	Man_Autonomous_10/04	0	546.066	4537.8


SYSTEM_START	-	Harsh	Harsh	2026-04-10 20:32:53


SYSTEM_INFO	CarMaker 15.0 - Car_Generic #5	jetbrains@02480bbb4087 2025-11-17 12:42:15	(15.0 jetbrains@02480bbb4087 2025-11-17 12:35:34)
SIM	1775833373	Harsh	harsh	Man_Autonomous_10/04	0	103.08	845.144


SYSTEM_START	-	Harsh	Harsh	2026-04-10 21:37:13


SYSTEM_INFO	CarMaker 15.0 - Car_Generic #5	jetbrains@02480bbb4087 2025-11-17 12:42:15	(15.0 jetbrains@02480bbb4087 2025-11-17 12:35:34)
SIM	1775837238	Harsh	harsh	Man_Autonomous_10/04	0	226.619	1875.58


SYSTEM_START	-	Harsh	Harsh	2026-04-10 22:03:04


SYSTEM_INFO	CarMaker 15.0 - Car_Generic #5	jetbrains@02480bbb4087 2025-11-17 12:42:15	(15.0 jetbrains@02480bbb4087 2025-11-17 12:35:34)
SIM	1775838785	Harsh	harsh	Man_Autonomous_10/04	0	0	0


SYSTEM_START	-	Harsh	Harsh	2026-04-10 22:03:26


SYSTEM_INFO	CarMaker 15.0 - Car_Generic #5	jetbrains@02480bbb4087 2025-11-17 12:42:15	(15.0 jetbrains@02480bbb4087 2025-11-17 12:35:34)
SIM	1775838817	Harsh	harsh	Man_Autonomous_10/04	3	0	0


SYSTEM_START	-	Harsh	Harsh	2026-04-10 22:03:47


SYSTEM_INFO	CarMaker 15.0 - Car_Generic #5	jetbrains@02480bbb4087 2025-11-17 12:42:15	(15.0 jetbrains@02480bbb4087 2025-11-17 12:35:34)
SIM	1775838838	Harsh	harsh	Man_Autonomous_10/04	3	0	0


SYSTEM_START	-	Harsh	Harsh	2026-04-10 22:04:15


SYSTEM_INFO	CarMaker 15.0 - Car_Generic #5	jetbrains@02480bbb4087 2025-11-17 12:42:15	(15.0 jetbrains@02480bbb4087 2025-11-17 12:35:34)
SIM	1775838866	Harsh	harsh	Man_Autonomous_10/04	3	0	0


SYSTEM_START	-	Harsh	Harsh	2026-04-10 22:07:29


SYSTEM_INFO	CarMaker 15.0 - Car_Generic #5	jetbrains@02480bbb4087 2025-11-17 12:42:15	(15.0 jetbrains@02480bbb4087 2025-11-17 12:35:34)
SIM	1775839060	Harsh	harsh	Man_Autonomous_10/04	3	0	0


SYSTEM_START	-	Harsh	Harsh	2026-04-10 22:13:01


SYSTEM_INFO	CarMaker 15.0 - Car_Generic #5	jetbrains@02480bbb4087 2025-11-17 12:42:15	(15.0 jetbrains@02480bbb4087 2025-11-17 12:35:34)
SIM	1775839385	Harsh	harsh	Man_Autonomous_10/04	0	4.983	15.0992


SYSTEM_START	-	Harsh	Harsh	2026-04-10 22:13:32


SYSTEM_INFO	CarMaker 15.0 - Car_Generic #5	jetbrains@02480bbb4087 2025-11-17 12:42:15	(15.0 jetbrains@02480bbb4087 2025-11-17 12:35:34)
SIM	1775839413	Harsh	harsh	Man_Autonomous_10/04	0	131.727	1084.38


SYSTEM_START	-	Harsh	Harsh	2026-04-10 22:17:29


SYSTEM_INFO	CarMaker 15.0 - Car_Generic #5	jetbrains@02480bbb4087 2025-11-17 12:42:15	(15.0 jetbrains@02480bbb4087 2025-11-17 12:35:34)
SIM	1775839650	Harsh	harsh	Man_Autonomous_10/04	0	22.787	168.666


SYSTEM_START	-	Harsh	Harsh	2026-04-10 22:27:26


SYSTEM_INFO	CarMaker 15.0 - Car_Generic #5	jetbrains@02480bbb4087 2025-11-17 12:42:15	(15.0 jetbrains@02480bbb4087 2025-11-17 12:35:34)
SIM	1775840247	Harsh	harsh	Man_Autonomous_10/04	0	0.914	0.000646517


SYSTEM_START	-	Harsh	Harsh	2026-04-10 22:51:26


SYSTEM_INFO	CarMaker 15.0 - Car_Generic #5	jetbrains@02480bbb4087 2025-11-17 12:42:15	(15.0 jetbrains@02480bbb4087 2025-11-17 12:35:34)
SIM	1775841687	Harsh	harsh	Man_Autonomous_10/04	0	10.401	61.9909


SYSTEM_START	-	Harsh	Harsh	2026-04-10 22:51:45


SYSTEM_INFO	CarMaker 15.0 - Car_Generic #5	jetbrains@02480bbb4087 2025-11-17 12:42:15	(15.0 jetbrains@02480bbb4087 2025-11-17 12:35:34)
SIM	1775841706	Harsh	harsh	Man_Autonomous_10/04	0	144.994	1195.04


SYSTEM_START	-	Harsh	Harsh	2026-04-10 23:00:52


SYSTEM_INFO	CarMaker 15.0 - Car_Generic #5	jetbrains@02480bbb4087 2025-11-17 12:42:15	(15.0 jetbrains@02480bbb4087 2025-11-17 12:35:34)
SIM	1775842252	Harsh	harsh	Man_Autonomous_10/04	0	10.332	61.393


SYSTEM_START	-	Harsh	Harsh	2026-04-10 23:02:42


SYSTEM_INFO	CarMaker 15.0 - Car_Generic #5	jetbrains@02480bbb4087 2025-11-17 12:42:15	(15.0 jetbrains@02480bbb4087 2025-11-17 12:35:34)
SIM	1775842363	Harsh	harsh	Man_Autonomous_10/04	0	3.951	6.90649


SYSTEM_START	-	Harsh	Harsh	2026-04-10 23:13:40


SYSTEM_INFO	CarMaker 15.0 - Car_Generic #5	jetbrains@02480bbb4087 2025-11-17 12:42:15	(15.0 jetbrains@02480bbb4087 2025-11-17 12:35:34)
SIM	1775843022	Harsh	harsh	Man_Autonomous_10/04	0	11.645	72.7624


SYSTEM_START	-	Harsh	Harsh	2026-04-10 23:17:00


SYSTEM_INFO	CarMaker 15.0 - Car_Generic #5	jetbrains@02480bbb4087 2025-11-17 12:42:15	(15.0 jetbrains@02480bbb4087 2025-11-17 12:35:34)
SIM	1775843220	Harsh	harsh	Man_Autonomous_10/04	0	115.71	950.684


SYSTEM_START	-	Harsh	Harsh	2026-04-10 23:27:01


SYSTEM_INFO	CarMaker 15.0 - Car_Generic #5	jetbrains@02480bbb4087 2025-11-17 12:42:15	(15.0 jetbrains@02480bbb4087 2025-11-17 12:35:34)
SIM	1775843821	Harsh	harsh	Man_Autonomous_10/04	0	119.838	985.158


SYSTEM_START	-	Harsh	Harsh	2026-04-10 23:42:29


SYSTEM_INFO	CarMaker 15.0 - Car_Generic #5	jetbrains@02480bbb4087 2025-11-17 12:42:15	(15.0 jetbrains@02480bbb4087 2025-11-17 12:35:34)
SIM	1775844750	Harsh	harsh	Man_Autonomous_10/04	0	0	0


SYSTEM_START	-	Harsh	Harsh	2026-04-10 23:43:59


SYSTEM_INFO	CarMaker 15.0 - Car_Generic #5	jetbrains@02480bbb4087 2025-11-17 12:42:15	(15.0 jetbrains@02480bbb4087 2025-11-17 12:35:34)
SIM	1775844840	Harsh	harsh	Man_Autonomous_10/04	0	1.271	0.000836129


SYSTEM_START	-	Harsh	Harsh	2026-04-10 23:45:36


SYSTEM_INFO	CarMaker 15.0 - Car_Generic #5	jetbrains@02480bbb4087 2025-11-17 12:42:15	(15.0 jetbrains@02480bbb4087 2025-11-17 12:35:34)
SIM	1775844937	Harsh	harsh	Man_Autonomous_10/04	0	6.814	30.8209


SYSTEM_START	-	Harsh	Harsh	2026-04-10 23:47:03


SYSTEM_INFO	CarMaker 15.0 - Car_Generic #5	jetbrains@02480bbb4087 2025-11-17 12:42:15	(15.0 jetbrains@02480bbb4087 2025-11-17 12:35:34)
SIM	1775845023	Harsh	harsh	Man_Autonomous_10/04	0	10.118	59.5383


SYSTEM_START	-	Harsh	Harsh	2026-04-10 23:47:31


SYSTEM_INFO	CarMaker 15.0 - Car_Generic #5	jetbrains@02480bbb4087 2025-11-17 12:42:15	(15.0 jetbrains@02480bbb4087 2025-11-17 12:35:34)
SIM	1775845051	Harsh	harsh	Man_Autonomous_10/04	0	21.156	154.686


SYSTEM_START	-	Harsh	Harsh	2026-04-10 23:58:41


SYSTEM_INFO	CarMaker 15.0 - Car_Generic #5	jetbrains@02480bbb4087 2025-11-17 12:42:15	(15.0 jetbrains@02480bbb4087 2025-11-17 12:35:34)
SIM	1775845722	Harsh	harsh	Man_Autonomous_10/04	0	14.704	99.1906


SYSTEM_START	-	Harsh	Harsh	2026-04-10 23:59:43


SYSTEM_INFO	CarMaker 15.0 - Car_Generic #5	jetbrains@02480bbb4087 2025-11-17 12:42:15	(15.0 jetbrains@02480bbb4087 2025-11-17 12:35:34)
SIM	1775845784	Harsh	harsh	Man_Autonomous_10/04	0	4.732	13.0008


SYSTEM_START	-	Harsh	Harsh	2026-04-11 00:00:19


SYSTEM_INFO	CarMaker 15.0 - Car_Generic #5	jetbrains@02480bbb4087 2025-11-17 12:42:15	(15.0 jetbrains@02480bbb4087 2025-11-17 12:35:34)
SIM	1775845819	Harsh	harsh	Man_Autonomous_10/04	0	142.119	1171.07


SYSTEM_START	-	Harsh	Harsh	2026-04-11 00:02:52


SYSTEM_INFO	CarMaker 15.0 - Car_Generic #5	jetbrains@02480bbb4087 2025-11-17 12:42:15	(15.0 jetbrains@02480bbb4087 2025-11-17 12:35:34)
SIM	1775845973	Harsh	harsh	Man_Autonomous_10/04	0	418.402	3473.9


SYSTEM_START	-	Harsh	Harsh	2026-04-11 00:11:17


SYSTEM_INFO	CarMaker 15.0 - Car_Generic #5	jetbrains@02480bbb4087 2025-11-17 12:42:15	(15.0 jetbrains@02480bbb4087 2025-11-17 12:35:34)
SIM	1775846478	Harsh	harsh	Man_Autonomous_10/04	0	121.453	998.643


SYSTEM_START	-	Harsh	Harsh	2026-04-11 00:13:36


SYSTEM_INFO	CarMaker 15.0 - Car_Generic #5	jetbrains@02480bbb4087 2025-11-17 12:42:15	(15.0 jetbrains@02480bbb4087 2025-11-17 12:35:34)
SIM	1775846617	Harsh	harsh	Man_Autonomous_10/04	0	89.566	732.13


SYSTEM_START	-	Harsh	Harsh	2026-04-11 00:15:18


SYSTEM_INFO	CarMaker 15.0 - Car_Generic #5	jetbrains@02480bbb4087 2025-11-17 12:42:15	(15.0 jetbrains@02480bbb4087 2025-11-17 12:35:34)
SIM	1775846719	Harsh	harsh	Man_Autonomous_10/04	0	173.6	1433.63


SYSTEM_START	-	Harsh	Harsh	2026-04-11 03:43:43


SYSTEM_INFO	CarMaker 15.0 - Car_Generic #5	jetbrains@02480bbb4087 2025-11-17 12:42:15	(15.0 jetbrains@02480bbb4087 2025-11-17 12:35:34)
SIM	1775859224	Harsh	harsh	11/04	2	0	0


SYSTEM_START	-	Harsh	Harsh	2026-04-11 03:45:06


SYSTEM_INFO	CarMaker 15.0 - Car_Generic #5	jetbrains@02480bbb4087 2025-11-17 12:42:15	(15.0 jetbrains@02480bbb4087 2025-11-17 12:35:34)
SIM	1775859306	Harsh	harsh	11/04	0	28.983	222.244


SYSTEM_START	-	Harsh	Harsh	2026-04-11 03:46:00


SYSTEM_INFO	CarMaker 15.0 - Car_Generic #5	jetbrains@02480bbb4087 2025-11-17 12:42:15	(15.0 jetbrains@02480bbb4087 2025-11-17 12:35:34)
SIM	1775859361	Harsh	harsh	11/04	0	28.983	222.244


SYSTEM_START	-	Harsh	Harsh	2026-04-11 03:54:36


SYSTEM_INFO	CarMaker 15.0 - Car_Generic #5	jetbrains@02480bbb4087 2025-11-17 12:42:15	(15.0 jetbrains@02480bbb4087 2025-11-17 12:35:34)
SIM	1775859876	Harsh	harsh	11/04	0	28.531	222.096


SYSTEM_START	-	Harsh	Harsh	2026-04-11 04:23:51


SYSTEM_INFO	CarMaker 15.0 - Car_Generic #5	jetbrains@02480bbb4087 2025-11-17 12:42:15	(15.0 jetbrains@02480bbb4087 2025-11-17 12:35:34)
SIM	1775861632	Harsh	harsh	11/04	2	0	0


SYSTEM_START	-	Harsh	Harsh	2026-04-11 04:25:20


SYSTEM_INFO	CarMaker 15.0 - Car_Generic #5	jetbrains@02480bbb4087 2025-11-17 12:42:15	(15.0 jetbrains@02480bbb4087 2025-11-17 12:35:34)
SIM	1775861720	Harsh	harsh	11/04	0	28.447	222.1


SYSTEM_START	-	Harsh	Harsh	2026-04-11 04:26:04


SYSTEM_INFO	CarMaker 15.0 - Car_Generic #5	jetbrains@02480bbb4087 2025-11-17 12:42:15	(15.0 jetbrains@02480bbb4087 2025-11-17 12:35:34)
SIM	1775861764	Harsh	harsh	11/04	0	28.447	222.1


SYSTEM_START	-	Harsh	Harsh	2026-04-11 14:11:34


SYSTEM_INFO	CarMaker 15.0 - Car_Generic #5	jetbrains@02480bbb4087 2025-11-17 12:42:15	(15.0 jetbrains@02480bbb4087 2025-11-17 12:35:34)
SIM	1775896895	Harsh	harsh	Man_Autonomous_10/04	0	40.104	316.135


SYSTEM_START	-	Harsh	Harsh	2026-04-11 14:12:39


SYSTEM_INFO	CarMaker 15.0 - Car_Generic #5	jetbrains@02480bbb4087 2025-11-17 12:42:15	(15.0 jetbrains@02480bbb4087 2025-11-17 12:35:34)
SIM	1775896959	Harsh	harsh	Man_Autonomous_10/04	0	9.262	52.1129


SYSTEM_START	-	Harsh	Harsh	2026-04-11 14:14:10


SYSTEM_INFO	CarMaker 15.0 - Car_Generic #5	jetbrains@02480bbb4087 2025-11-17 12:42:15	(15.0 jetbrains@02480bbb4087 2025-11-17 12:35:34)
SIM	1775897051	Harsh	harsh	Man_Autonomous_10/04	0	131.624	1083.52


SYSTEM_START	-	Harsh	Harsh	2026-04-11 14:20:11


SYSTEM_INFO	CarMaker 15.0 - Car_Generic #5	jetbrains@02480bbb4087 2025-11-17 12:42:15	(15.0 jetbrains@02480bbb4087 2025-11-17 12:35:34)
SIM	1775897412	Harsh	harsh	Man_Autonomous_10/04	0	13.093	85.2825


SYSTEM_START	-	Harsh	Harsh	2026-04-11 14:21:37


SYSTEM_INFO	CarMaker 15.0 - Car_Generic #5	jetbrains@02480bbb4087 2025-11-17 12:42:15	(15.0 jetbrains@02480bbb4087 2025-11-17 12:35:34)
SIM	1775897498	Harsh	harsh	Man_Autonomous_10/04	0	230.498	1907.9


SYSTEM_START	-	Harsh	Harsh	2026-04-11 14:25:47


SYSTEM_INFO	CarMaker 15.0 - Car_Generic #5	jetbrains@02480bbb4087 2025-11-17 12:42:15	(15.0 jetbrains@02480bbb4087 2025-11-17 12:35:34)
SIM	1775897748	Harsh	harsh	Man_Autonomous_10/04	0	120.056	986.978


SYSTEM_START	-	Harsh	Harsh	2026-04-11 14:29:01


SYSTEM_INFO	CarMaker 15.0 - Car_Generic #5	jetbrains@02480bbb4087 2025-11-17 12:42:15	(15.0 jetbrains@02480bbb4087 2025-11-17 12:35:34)
SIM	1775897942	Harsh	harsh	Man_Autonomous_10/04	0	22.365	165.051


SYSTEM_START	-	Harsh	Harsh	2026-04-11 14:35:43


SYSTEM_INFO	CarMaker 15.0 - Car_Generic #5	jetbrains@02480bbb4087 2025-11-17 12:42:15	(15.0 jetbrains@02480bbb4087 2025-11-17 12:35:34)
SIM	1775898344	Harsh	harsh	Man_Autonomous_10/04	0	212.828	1760.61


SYSTEM_START	-	Harsh	Harsh	2026-04-11 14:57:52


SYSTEM_INFO	CarMaker 15.0 - Car_Generic #5	jetbrains@02480bbb4087 2025-11-17 12:42:15	(15.0 jetbrains@02480bbb4087 2025-11-17 12:35:34)
SIM	1775899673	Harsh	harsh	Man_Autonomous_10/04	0	137.616	1133.51


SYSTEM_START	-	Harsh	Harsh	2026-04-11 15:03:05


SYSTEM_INFO	CarMaker 15.0 - Car_Generic #5	jetbrains@02480bbb4087 2025-11-17 12:42:15	(15.0 jetbrains@02480bbb4087 2025-11-17 12:35:34)
SIM	1775899986	Harsh	harsh	Man_Autonomous_10/04	0	52.794	423.392


SYSTEM_START	-	Harsh	Harsh	2026-04-11 15:13:01


SYSTEM_INFO	CarMaker 15.0 - Car_Generic #5	jetbrains@02480bbb4087 2025-11-17 12:42:15	(15.0 jetbrains@02480bbb4087 2025-11-17 12:35:34)
SIM	1775900582	Harsh	harsh	Man_Autonomous_10/04	0	71.993	584.903


SYSTEM_START	-	Harsh	Harsh	2026-04-11 15:16:26


SYSTEM_INFO	CarMaker 15.0 - Car_Generic #5	jetbrains@02480bbb4087 2025-11-17 12:42:15	(15.0 jetbrains@02480bbb4087 2025-11-17 12:35:34)
SIM	1775900786	Harsh	harsh	Man_Autonomous_10/04	0	134.429	1106.92


SYSTEM_START	-	Harsh	Harsh	2026-04-11 15:34:56


SYSTEM_INFO	CarMaker 15.0 - Car_Generic #5	jetbrains@02480bbb4087 2025-11-17 12:42:15	(15.0 jetbrains@02480bbb4087 2025-11-17 12:35:34)
SIM	1775901897	Harsh	harsh	Man_Autonomous_10/04	0	23.991	0.00146796


SYSTEM_START	-	Harsh	Harsh	2026-04-11 15:36:10


SYSTEM_INFO	CarMaker 15.0 - Car_Generic #5	jetbrains@02480bbb4087 2025-11-17 12:42:15	(15.0 jetbrains@02480bbb4087 2025-11-17 12:35:34)
SIM	1775901971	Harsh	harsh	Man_Autonomous_10/04	0	83.555	0.00148915


SYSTEM_START	-	Harsh	Harsh	2026-04-11 15:38:42


SYSTEM_INFO	CarMaker 15.0 - Car_Generic #5	jetbrains@02480bbb4087 2025-11-17 12:42:15	(15.0 jetbrains@02480bbb4087 2025-11-17 12:35:34)
SIM	1775902123	Harsh	harsh	Man_Autonomous_10/04	0	47.218	0.00147632


SYSTEM_START	-	Harsh	Harsh	2026-04-11 15:40:11


SYSTEM_INFO	CarMaker 15.0 - Car_Generic #5	jetbrains@02480bbb4087 2025-11-17 12:42:15	(15.0 jetbrains@02480bbb4087 2025-11-17 12:35:34)
SIM	1775902212	Harsh	harsh	Man_Autonomous_10/04	0	118.999	978.152


SYSTEM_START	-	Harsh	Harsh	2026-04-11 15:45:31


SYSTEM_INFO	CarMaker 15.0 - Car_Generic #5	jetbrains@02480bbb4087 2025-11-17 12:42:15	(15.0 jetbrains@02480bbb4087 2025-11-17 12:35:34)
SIM	1775902532	Harsh	harsh	Man_Autonomous_10/04	0	27.269	0.00146916


SYSTEM_START	-	Harsh	Harsh	2026-04-11 15:47:20


SYSTEM_INFO	CarMaker 15.0 - Car_Generic #5	jetbrains@02480bbb4087 2025-11-17 12:42:15	(15.0 jetbrains@02480bbb4087 2025-11-17 12:35:34)
SIM	1775902641	Harsh	harsh	Man_Autonomous_10/04	0	14.602	0.00146442


SYSTEM_START	-	Harsh	Harsh	2026-04-11 16:23:01


SYSTEM_INFO	CarMaker 15.0 - Car_Generic #5	jetbrains@02480bbb4087 2025-11-17 12:42:15	(15.0 jetbrains@02480bbb4087 2025-11-17 12:35:34)
SIM	1775904782	Harsh	harsh	Man_Autonomous_10/04	0	35.015	0.00147196


SYSTEM_START	-	Harsh	Harsh	2026-04-11 16:33:26


SYSTEM_INFO	CarMaker 15.0 - Car_Generic #5	jetbrains@02480bbb4087 2025-11-17 12:42:15	(15.0 jetbrains@02480bbb4087 2025-11-17 12:35:34)
SIM	1775905407	Harsh	harsh	Man_Autonomous_10/04	0	33.072	0.00147126


SYSTEM_START	-	Harsh	Harsh	2026-04-11 16:38:24


SYSTEM_INFO	CarMaker 15.0 - Car_Generic #5	jetbrains@02480bbb4087 2025-11-17 12:42:15	(15.0 jetbrains@02480bbb4087 2025-11-17 12:35:34)
SIM	1775905705	Harsh	harsh	Man_Autonomous_10/04	0	34.709	0.00147185


SYSTEM_START	-	Harsh	Harsh	2026-04-11 16:49:32


SYSTEM_INFO	CarMaker 15.0 - Car_Generic #5	jetbrains@02480bbb4087 2025-11-17 12:42:15	(15.0 jetbrains@02480bbb4087 2025-11-17 12:35:34)
SIM	1775906374	Harsh	harsh	Man_Autonomous_10/04	0	0	0


SYSTEM_START	-	Harsh	Harsh	2026-04-11 16:49:50


SYSTEM_INFO	CarMaker 15.0 - Car_Generic #5	jetbrains@02480bbb4087 2025-11-17 12:42:15	(15.0 jetbrains@02480bbb4087 2025-11-17 12:35:34)
SIM	1775906391	Harsh	harsh	Man_Autonomous_10/04	1	0.06	1.28286e-05


SYSTEM_START	-	Harsh	Harsh	2026-04-11 16:53:26


SYSTEM_INFO	CarMaker 15.0 - Car_Generic #5	jetbrains@02480bbb4087 2025-11-17 12:42:15	(15.0 jetbrains@02480bbb4087 2025-11-17 12:35:34)
SIM	1775906607	Harsh	harsh	Man_Autonomous_10/04	1	0.183	0.000187144


SYSTEM_START	-	Harsh	Harsh	2026-04-11 16:53:51


SYSTEM_INFO	CarMaker 15.0 - Car_Generic #5	jetbrains@02480bbb4087 2025-11-17 12:42:15	(15.0 jetbrains@02480bbb4087 2025-11-17 12:35:34)
SIM	1775906632	Harsh	harsh	Man_Autonomous_10/04	1	0.06	1.28286e-05


SYSTEM_START	-	Harsh	Harsh	2026-04-11 16:59:14


SYSTEM_INFO	CarMaker 15.0 - Car_Generic #5	jetbrains@02480bbb4087 2025-11-17 12:42:15	(15.0 jetbrains@02480bbb4087 2025-11-17 12:35:34)
SIM	1775906955	Harsh	harsh	Man_Autonomous_10/04	1	0.06	3.91288e-06


SYSTEM_START	-	Harsh	Harsh	2026-04-11 17:02:58


SYSTEM_INFO	CarMaker 15.0 - Car_Generic #5	jetbrains@02480bbb4087 2025-11-17 12:42:15	(15.0 jetbrains@02480bbb4087 2025-11-17 12:35:34)
SIM	1775907179	Harsh	harsh	Man_Autonomous_10/04	1	9.245	51.9393


SYSTEM_START	-	Harsh	Harsh	2026-04-11 17:03:31


SYSTEM_INFO	CarMaker 15.0 - Car_Generic #5	jetbrains@02480bbb4087 2025-11-17 12:42:15	(15.0 jetbrains@02480bbb4087 2025-11-17 12:35:34)
SIM	1775907212	Harsh	harsh	Man_Autonomous_10/04	0	75.95	618.1


SYSTEM_START	-	Harsh	Harsh	2026-04-11 17:06:11


SYSTEM_INFO	CarMaker 15.0 - Car_Generic #5	jetbrains@02480bbb4087 2025-11-17 12:42:15	(15.0 jetbrains@02480bbb4087 2025-11-17 12:35:34)
SIM	1775907372	Harsh	harsh	Man_Autonomous_10/04	0	286.294	2372.89


SYSTEM_START	-	Harsh	Harsh	2026-04-11 17:41:43


SYSTEM_INFO	CarMaker 15.0 - Car_Generic #5	jetbrains@02480bbb4087 2025-11-17 12:42:15	(15.0 jetbrains@02480bbb4087 2025-11-17 12:35:34)
SIM	1775909504	Harsh	harsh	AEB_IPG	0	7.274	33.9929


SYSTEM_START	-	Harsh	Harsh	2026-04-11 17:42:36


SYSTEM_INFO	CarMaker 15.0 - Car_Generic #5	jetbrains@02480bbb4087 2025-11-17 12:42:15	(15.0 jetbrains@02480bbb4087 2025-11-17 12:35:34)
SIM	1775909557	Harsh	harsh	AEB_IPG	0	7.274	33.9929


SYSTEM_START	-	Harsh	Harsh	2026-04-11 17:43:11


SYSTEM_INFO	CarMaker 15.0 - Car_Generic #5	jetbrains@02480bbb4087 2025-11-17 12:42:15	(15.0 jetbrains@02480bbb4087 2025-11-17 12:35:34)
SIM	1775909592	Harsh	harsh	AEB_IPG	0	7.274	33.9929


SYSTEM_START	-	Harsh	Harsh	2026-04-11 17:43:40


SYSTEM_INFO	CarMaker 15.0 - Car_Generic #5	jetbrains@02480bbb4087 2025-11-17 12:42:15	(15.0 jetbrains@02480bbb4087 2025-11-17 12:35:34)
SIM	1775909620	Harsh	harsh	AEB_IPG	0	7.274	33.9929


SYSTEM_START	-	Harsh	Harsh	2026-04-11 17:52:04


SYSTEM_INFO	CarMaker 15.0 - Car_Generic #5	jetbrains@02480bbb4087 2025-11-17 12:42:15	(15.0 jetbrains@02480bbb4087 2025-11-17 12:35:34)
SIM	1775910125	Harsh	harsh	AEB_IPG	0	7.274	33.9929


SYSTEM_START	-	Harsh	Harsh	2026-04-11 18:01:10


SYSTEM_INFO	CarMaker 15.0 - Car_Generic #5	jetbrains@02480bbb4087 2025-11-17 12:42:15	(15.0 jetbrains@02480bbb4087 2025-11-17 12:35:34)
SIM	1775910671	Harsh	harsh	AEB_IPG	1	21.243	0.0024651


SYSTEM_START	-	Harsh	Harsh	2026-04-11 18:02:12


SYSTEM_INFO	CarMaker 15.0 - Car_Generic #5	jetbrains@02480bbb4087 2025-11-17 12:42:15	(15.0 jetbrains@02480bbb4087 2025-11-17 12:35:34)
SIM	1775910733	Harsh	harsh	AEB_IPG	0	15.825	0.00246424


SYSTEM_START	-	Harsh	Harsh	2026-04-11 18:02:40


SYSTEM_INFO	CarMaker 15.0 - Car_Generic #5	jetbrains@02480bbb4087 2025-11-17 12:42:15	(15.0 jetbrains@02480bbb4087 2025-11-17 12:35:34)
SIM	1775910761	Harsh	harsh	AEB_IPG	0	10.549	0.00246312


SYSTEM_START	-	Harsh	Harsh	2026-04-11 18:11:22


SYSTEM_INFO	CarMaker 15.0 - Car_Generic #5	jetbrains@02480bbb4087 2025-11-17 12:42:15	(15.0 jetbrains@02480bbb4087 2025-11-17 12:35:34)
SIM	1775911283	Harsh	harsh	AEB_IPG	0	7.274	33.9929


SYSTEM_START	-	Harsh	Harsh	2026-04-11 18:11:47


SYSTEM_INFO	CarMaker 15.0 - Car_Generic #5	jetbrains@02480bbb4087 2025-11-17 12:42:15	(15.0 jetbrains@02480bbb4087 2025-11-17 12:35:34)
SIM	1775911308	Harsh	harsh	AEB_IPG	0	7.274	33.9929


SYSTEM_START	-	Harsh	Harsh	2026-04-11 18:12:42


SYSTEM_INFO	CarMaker 15.0 - Car_Generic #5	jetbrains@02480bbb4087 2025-11-17 12:42:15	(15.0 jetbrains@02480bbb4087 2025-11-17 12:35:34)
SIM	1775911363	Harsh	harsh	AEB_IPG	0	7.274	33.9926


SYSTEM_START	-	Harsh	Harsh	2026-04-11 18:13:54


SYSTEM_INFO	CarMaker 15.0 - Car_Generic #5	jetbrains@02480bbb4087 2025-11-17 12:42:15	(15.0 jetbrains@02480bbb4087 2025-11-17 12:35:34)
SIM	1775911435	Harsh	harsh	AEB_IPG	0	7.274	33.9926


SYSTEM_START	-	Harsh	Harsh	2026-04-11 18:14:30


SYSTEM_INFO	CarMaker 15.0 - Car_Generic #5	jetbrains@02480bbb4087 2025-11-17 12:42:15	(15.0 jetbrains@02480bbb4087 2025-11-17 12:35:34)
SIM	1775911471	Harsh	harsh	AEB_IPG	0	7.274	33.9929


SYSTEM_START	-	Harsh	Harsh	2026-04-11 18:15:53


SYSTEM_INFO	CarMaker 15.0 - Car_Generic #5	jetbrains@02480bbb4087 2025-11-17 12:42:15	(15.0 jetbrains@02480bbb4087 2025-11-17 12:35:34)
SIM	1775911554	Harsh	harsh	AEB_IPG	0	7.274	33.9919


SYSTEM_START	-	Harsh	Harsh	2026-04-11 18:16:48


SYSTEM_INFO	CarMaker 15.0 - Car_Generic #5	jetbrains@02480bbb4087 2025-11-17 12:42:15	(15.0 jetbrains@02480bbb4087 2025-11-17 12:35:34)
SIM	1775911609	Harsh	harsh	AEB_IPG	0	7.274	33.9929


SYSTEM_START	-	Harsh	Harsh	2026-04-11 18:18:30


SYSTEM_INFO	CarMaker 15.0 - Car_Generic #5	jetbrains@02480bbb4087 2025-11-17 12:42:15	(15.0 jetbrains@02480bbb4087 2025-11-17 12:35:34)
SIM	1775911711	Harsh	harsh	AEB_IPG	0	7.274	33.9923


SYSTEM_START	-	Harsh	Harsh	2026-04-11 18:20:29


SYSTEM_INFO	CarMaker 15.0 - Car_Generic #5	jetbrains@02480bbb4087 2025-11-17 12:42:15	(15.0 jetbrains@02480bbb4087 2025-11-17 12:35:34)
SIM	1775911830	Harsh	harsh	AEB_IPG	0	19.819	0.0024649


SYSTEM_START	-	Harsh	Harsh	2026-04-11 18:25:16


SYSTEM_INFO	CarMaker 15.0 - Car_Generic #5	jetbrains@02480bbb4087 2025-11-17 12:42:15	(15.0 jetbrains@02480bbb4087 2025-11-17 12:35:34)
SIM	1775912117	Harsh	harsh	AEB_IPG	0	7.274	33.9929


SYSTEM_START	-	Harsh	Harsh	2026-04-11 18:27:03


SYSTEM_INFO	CarMaker 15.0 - Car_Generic #5	jetbrains@02480bbb4087 2025-11-17 12:42:15	(15.0 jetbrains@02480bbb4087 2025-11-17 12:35:34)
SIM	1775912224	Harsh	harsh	AEB_IPG	0	25.869	0.00246565


SYSTEM_START	-	Harsh	Harsh	2026-04-11 18:29:31


SYSTEM_INFO	CarMaker 15.0 - Car_Generic #5	jetbrains@02480bbb4087 2025-11-17 12:42:15	(15.0 jetbrains@02480bbb4087 2025-11-17 12:35:34)
SIM	1775912371	Harsh	harsh	AEB_IPG	0	26.67	0.00246573


SYSTEM_START	-	Harsh	Harsh	2026-04-11 18:30:20


SYSTEM_INFO	CarMaker 15.0 - Car_Generic #5	jetbrains@02480bbb4087 2025-11-17 12:42:15	(15.0 jetbrains@02480bbb4087 2025-11-17 12:35:34)
SIM	1775912421	Harsh	harsh	AEB_IPG	0	3.779	0.00246086


SYSTEM_START	-	Harsh	Harsh	2026-04-11 18:30:48


SYSTEM_INFO	CarMaker 15.0 - Car_Generic #5	jetbrains@02480bbb4087 2025-11-17 12:42:15	(15.0 jetbrains@02480bbb4087 2025-11-17 12:35:34)
SIM	1775912448	Harsh	harsh	AEB_IPG	0	7.274	33.9929


SYSTEM_START	-	Harsh	Harsh	2026-04-11 18:45:40


SYSTEM_INFO	CarMaker 15.0 - Car_Generic #5	jetbrains@02480bbb4087 2025-11-17 12:42:15	(15.0 jetbrains@02480bbb4087 2025-11-17 12:35:34)
SIM	1775913341	Harsh	harsh	AEB_IPG	0	7.274	33.9929


SYSTEM_START	-	Harsh	Harsh	2026-04-11 18:47:22


SYSTEM_INFO	CarMaker 15.0 - Car_Generic #5	jetbrains@02480bbb4087 2025-11-17 12:42:15	(15.0 jetbrains@02480bbb4087 2025-11-17 12:35:34)
SIM	1775913443	Harsh	harsh	AEB_IPG	0	7.274	33.9925


SYSTEM_START	-	Harsh	Harsh	2026-04-11 18:48:58


SYSTEM_INFO	CarMaker 15.0 - Car_Generic #5	jetbrains@02480bbb4087 2025-11-17 12:42:15	(15.0 jetbrains@02480bbb4087 2025-11-17 12:35:34)
SIM	1775913539	Harsh	harsh	AEB_IPG	0	4.56	0.00246133


SYSTEM_START	-	Harsh	Harsh	2026-04-11 18:50:45


SYSTEM_INFO	CarMaker 15.0 - Car_Generic #5	jetbrains@02480bbb4087 2025-11-17 12:42:15	(15.0 jetbrains@02480bbb4087 2025-11-17 12:35:34)
SIM	1775913646	Harsh	harsh	AEB_IPG	0	13.48	0.00246379


SYSTEM_START	-	Harsh	Harsh	2026-04-11 18:51:22


SYSTEM_INFO	CarMaker 15.0 - Car_Generic #5	jetbrains@02480bbb4087 2025-11-17 12:42:15	(15.0 jetbrains@02480bbb4087 2025-11-17 12:35:34)
SIM	1775913683	Harsh	harsh	AEB_IPG	0	7.274	33.9925


SYSTEM_START	-	Harsh	Harsh	2026-04-11 18:58:58


SYSTEM_INFO	CarMaker 15.0 - Car_Generic #5	jetbrains@02480bbb4087 2025-11-17 12:42:15	(15.0 jetbrains@02480bbb4087 2025-11-17 12:35:34)
SIM	1775914139	Harsh	harsh	AEB_IPG	0	7.274	33.9929


SYSTEM_START	-	Harsh	Harsh	2026-04-11 19:03:08


SYSTEM_INFO	CarMaker 15.0 - Car_Generic #5	jetbrains@02480bbb4087 2025-11-17 12:42:15	(15.0 jetbrains@02480bbb4087 2025-11-17 12:35:34)
SIM	1775914389	Harsh	harsh	AEB_IPG	0	7.274	33.9929


SYSTEM_START	-	Harsh	Harsh	2026-04-11 19:07:34


SYSTEM_INFO	CarMaker 15.0 - Car_Generic #5	jetbrains@02480bbb4087 2025-11-17 12:42:15	(15.0 jetbrains@02480bbb4087 2025-11-17 12:35:34)
SIM	1775914655	Harsh	harsh	AEB_IPG	0	7.274	33.9929


SYSTEM_START	-	Harsh	Harsh	2026-04-11 19:08:14


SYSTEM_INFO	CarMaker 15.0 - Car_Generic #5	jetbrains@02480bbb4087 2025-11-17 12:42:15	(15.0 jetbrains@02480bbb4087 2025-11-17 12:35:34)
SIM	1775914694	Harsh	harsh	AEB_IPG	0	7.274	33.9929


SYSTEM_START	-	Harsh	Harsh	2026-04-11 19:09:06


SYSTEM_INFO	CarMaker 15.0 - Car_Generic #5	jetbrains@02480bbb4087 2025-11-17 12:42:15	(15.0 jetbrains@02480bbb4087 2025-11-17 12:35:34)
SIM	1775914747	Harsh	harsh	AEB_IPG	0	7.274	33.9927


SYSTEM_START	-	Harsh	Harsh	2026-04-11 19:09:40


SYSTEM_INFO	CarMaker 15.0 - Car_Generic #5	jetbrains@02480bbb4087 2025-11-17 12:42:15	(15.0 jetbrains@02480bbb4087 2025-11-17 12:35:34)
SIM	1775914781	Harsh	harsh	AEB_IPG	0	7.274	33.9929


SYSTEM_START	-	Harsh	Harsh	2026-04-11 19:10:57


SYSTEM_INFO	CarMaker 15.0 - Car_Generic #5	jetbrains@02480bbb4087 2025-11-17 12:42:15	(15.0 jetbrains@02480bbb4087 2025-11-17 12:35:34)
SIM	1775914858	Harsh	harsh	AEB_IPG	0	7.274	33.9927


SYSTEM_START	-	Harsh	Harsh	2026-04-11 19:14:53


SYSTEM_INFO	CarMaker 15.0 - Car_Generic #5	jetbrains@02480bbb4087 2025-11-17 12:42:15	(15.0 jetbrains@02480bbb4087 2025-11-17 12:35:34)
SIM	1775915094	Harsh	harsh	AEB_IPG	0	19.006	0.00246477


SYSTEM_START	-	Harsh	Harsh	2026-04-11 19:20:50


SYSTEM_INFO	CarMaker 15.0 - Car_Generic #5	jetbrains@02480bbb4087 2025-11-17 12:42:15	(15.0 jetbrains@02480bbb4087 2025-11-17 12:35:34)
SIM	1775915451	Harsh	harsh	AEB_IPG	0	7.274	33.9929


SYSTEM_START	-	Harsh	Harsh	2026-04-11 19:23:25


SYSTEM_INFO	CarMaker 15.0 - Car_Generic #5	jetbrains@02480bbb4087 2025-11-17 12:42:15	(15.0 jetbrains@02480bbb4087 2025-11-17 12:35:34)
SIM	1775915606	Harsh	harsh	AEB_IPG	0	14.182	94.5581


SYSTEM_START	-	Harsh	Harsh	2026-04-11 19:26:52


SYSTEM_INFO	CarMaker 15.0 - Car_Generic #5	jetbrains@02480bbb4087 2025-11-17 12:42:15	(15.0 jetbrains@02480bbb4087 2025-11-17 12:35:34)
SIM	1775915813	Harsh	harsh	AEB_IPG	0	14.182	94.5586


SYSTEM_START	-	Harsh	Harsh	2026-04-11 19:29:32


SYSTEM_INFO	CarMaker 15.0 - Car_Generic #5	jetbrains@02480bbb4087 2025-11-17 12:42:15	(15.0 jetbrains@02480bbb4087 2025-11-17 12:35:34)
SIM	1775915973	Harsh	harsh	AEB_IPG	0	14.182	94.5586


SYSTEM_START	-	Harsh	Harsh	2026-04-11 19:31:08


SYSTEM_INFO	CarMaker 15.0 - Car_Generic #5	jetbrains@02480bbb4087 2025-11-17 12:42:15	(15.0 jetbrains@02480bbb4087 2025-11-17 12:35:34)
SIM	1775916069	Harsh	harsh	AEB_IPG	0	14.717	94.5715


SYSTEM_START	-	Harsh	Harsh	2026-04-11 19:32:49


SYSTEM_INFO	CarMaker 15.0 - Car_Generic #5	jetbrains@02480bbb4087 2025-11-17 12:42:15	(15.0 jetbrains@02480bbb4087 2025-11-17 12:35:34)
SIM	1775916170	Harsh	harsh	AEB_IPG	0	14.717	94.5715


SYSTEM_START	-	Harsh	Harsh	2026-04-11 19:33:57


SYSTEM_INFO	CarMaker 15.0 - Car_Generic #5	jetbrains@02480bbb4087 2025-11-17 12:42:15	(15.0 jetbrains@02480bbb4087 2025-11-17 12:35:34)
SIM	1775916238	Harsh	harsh	AEB_IPG	0	14.717	94.5715


SYSTEM_START	-	Harsh	Harsh	2026-04-11 19:34:36


SYSTEM_INFO	CarMaker 15.0 - Car_Generic #5	jetbrains@02480bbb4087 2025-11-17 12:42:15	(15.0 jetbrains@02480bbb4087 2025-11-17 12:35:34)
SIM	1775916277	Harsh	harsh	AEB_IPG	0	14.717	94.5715


SYSTEM_START	-	Harsh	Harsh	2026-04-11 19:41:47


SYSTEM_INFO	CarMaker 15.0 - Car_Generic #5	jetbrains@02480bbb4087 2025-11-17 12:42:15	(15.0 jetbrains@02480bbb4087 2025-11-17 12:35:34)
SIM	1775916707	Harsh	harsh	AEB_IPG	0	17.12	0.00157482


SYSTEM_START	-	Harsh	Harsh	2026-04-11 19:42:28


SYSTEM_INFO	CarMaker 15.0 - Car_Generic #5	jetbrains@02480bbb4087 2025-11-17 12:42:15	(15.0 jetbrains@02480bbb4087 2025-11-17 12:35:34)
SIM	1775916749	Harsh	harsh	AEB_IPG	0	15.871	0.00157394


SYSTEM_START	-	Harsh	Harsh	2026-04-11 19:43:19


SYSTEM_INFO	CarMaker 15.0 - Car_Generic #5	jetbrains@02480bbb4087 2025-11-17 12:42:15	(15.0 jetbrains@02480bbb4087 2025-11-17 12:35:34)
SIM	1775916800	Harsh	harsh	AEB_IPG	0	14.717	94.5715


SYSTEM_START	-	Harsh	Harsh	2026-04-11 19:44:03


SYSTEM_INFO	CarMaker 15.0 - Car_Generic #5	jetbrains@02480bbb4087 2025-11-17 12:42:15	(15.0 jetbrains@02480bbb4087 2025-11-17 12:35:34)
SIM	1775916844	Harsh	harsh	AEB_IPG	0	14.717	94.5715


SYSTEM_START	-	Harsh	Harsh	2026-04-11 19:44:37


SYSTEM_INFO	CarMaker 15.0 - Car_Generic #5	jetbrains@02480bbb4087 2025-11-17 12:42:15	(15.0 jetbrains@02480bbb4087 2025-11-17 12:35:34)
SIM	1775916878	Harsh	harsh	AEB_IPG	0	12.002	70.4457


SYSTEM_START	-	Harsh	Harsh	2026-04-11 19:59:48


SYSTEM_INFO	CarMaker 15.0 - Car_Generic #5	jetbrains@02480bbb4087 2025-11-17 12:42:15	(15.0 jetbrains@02480bbb4087 2025-11-17 12:35:34)
SIM	1775917789	Harsh	harsh	AEB_IPG	2	0	0


SYSTEM_START	-	Harsh	Harsh	2026-04-11 20:01:16


SYSTEM_INFO	CarMaker 15.0 - Car_Generic #5	jetbrains@02480bbb4087 2025-11-17 12:42:15	(15.0 jetbrains@02480bbb4087 2025-11-17 12:35:34)
SIM	1775917877	Harsh	harsh	AEB_IPG	0	14.718	94.567


SYSTEM_START	-	Harsh	Harsh	2026-04-11 20:14:42


SYSTEM_INFO	CarMaker 15.0 - Car_Generic #5	jetbrains@02480bbb4087 2025-11-17 12:42:15	(15.0 jetbrains@02480bbb4087 2025-11-17 12:35:34)
SIM	1775918682	Harsh	harsh	AEB_IPG	0	14.718	94.5695


SYSTEM_START	-	Harsh	Harsh	2026-04-11 20:16:00


SYSTEM_INFO	CarMaker 15.0 - Car_Generic #5	jetbrains@02480bbb4087 2025-11-17 12:42:15	(15.0 jetbrains@02480bbb4087 2025-11-17 12:35:34)
SIM	1775918761	Harsh	harsh	AEB_IPG	0	14.184	94.5599


SYSTEM_START	-	Harsh	Harsh	2026-04-11 20:17:13


SYSTEM_INFO	CarMaker 15.0 - Car_Generic #5	jetbrains@02480bbb4087 2025-11-17 12:42:15	(15.0 jetbrains@02480bbb4087 2025-11-17 12:35:34)
SIM	1775918834	Harsh	harsh	AEB_IPG	0	14.184	94.5566


SYSTEM_START	-	Harsh	Harsh	2026-04-11 20:23:43


SYSTEM_INFO	CarMaker 15.0 - Car_Generic #5	jetbrains@02480bbb4087 2025-11-17 12:42:15	(15.0 jetbrains@02480bbb4087 2025-11-17 12:35:34)
SIM	1775919224	Harsh	harsh	AEB_IPG	0	14.186	94.5632


SYSTEM_START	-	Harsh	Harsh	2026-04-11 20:25:17


SYSTEM_INFO	CarMaker 15.0 - Car_Generic #5	jetbrains@02480bbb4087 2025-11-17 12:42:15	(15.0 jetbrains@02480bbb4087 2025-11-17 12:35:34)
SIM	1775919318	Harsh	harsh	AEB_IPG	0	60.003	0.00183648


SYSTEM_START	-	Harsh	Harsh	2026-04-11 20:26:49


SYSTEM_INFO	CarMaker 15.0 - Car_Generic #5	jetbrains@02480bbb4087 2025-11-17 12:42:15	(15.0 jetbrains@02480bbb4087 2025-11-17 12:35:34)
SIM	1775919410	Harsh	harsh	AEB_IPG	0	60.003	0.00183648


SYSTEM_START	-	Harsh	Harsh	2026-04-11 20:28:25


SYSTEM_INFO	CarMaker 15.0 - Car_Generic #5	jetbrains@02480bbb4087 2025-11-17 12:42:15	(15.0 jetbrains@02480bbb4087 2025-11-17 12:35:34)
SIM	1775919506	Harsh	harsh	AEB_IPG	0	13.363	0.00025702


SYSTEM_START	-	Harsh	Harsh	2026-04-11 20:31:08


SYSTEM_INFO	CarMaker 15.0 - Car_Generic #5	jetbrains@02480bbb4087 2025-11-17 12:42:15	(15.0 jetbrains@02480bbb4087 2025-11-17 12:35:34)
SIM	1775919669	Harsh	harsh	AEB_IPG	0	60.003	0.00183648


SYSTEM_START	-	Harsh	Harsh	2026-04-11 20:32:45


SYSTEM_INFO	CarMaker 15.0 - Car_Generic #5	jetbrains@02480bbb4087 2025-11-17 12:42:15	(15.0 jetbrains@02480bbb4087 2025-11-17 12:35:34)
SIM	1775919766	Harsh	harsh	AEB_IPG	0	32.608	0.00090414


SYSTEM_START	-	Harsh	Harsh	2026-04-11 20:34:43


SYSTEM_INFO	CarMaker 15.0 - Car_Generic #5	jetbrains@02480bbb4087 2025-11-17 12:42:15	(15.0 jetbrains@02480bbb4087 2025-11-17 12:35:34)
SIM	1775919883	Harsh	harsh	AEB_IPG	0	14.184	94.5573


SYSTEM_START	-	Harsh	Harsh	2026-04-11 20:35:22


SYSTEM_INFO	CarMaker 15.0 - Car_Generic #5	jetbrains@02480bbb4087 2025-11-17 12:42:15	(15.0 jetbrains@02480bbb4087 2025-11-17 12:35:34)
SIM	1775919923	Harsh	harsh	AEB_IPG	0	14.184	94.5572


SYSTEM_START	-	Harsh	Harsh	2026-04-11 21:46:16


SYSTEM_INFO	CarMaker 15.0 - Car_Generic #5	jetbrains@02480bbb4087 2025-11-17 12:42:15	(15.0 jetbrains@02480bbb4087 2025-11-17 12:35:34)
SIM	1775924178	Harsh	harsh	AEB_IPG	0	60.003	0.00183648


SYSTEM_START	-	Harsh	Harsh	2026-04-11 21:47:57


SYSTEM_INFO	CarMaker 15.0 - Car_Generic #5	jetbrains@02480bbb4087 2025-11-17 12:42:15	(15.0 jetbrains@02480bbb4087 2025-11-17 12:35:34)
SIM	1775924278	Harsh	harsh	AEB_IPG	0	28.624	0.000766272


SYSTEM_START	-	Harsh	Harsh	2026-04-11 21:53:48


SYSTEM_INFO	CarMaker 15.0 - Car_Generic #5	jetbrains@02480bbb4087 2025-11-17 12:42:15	(15.0 jetbrains@02480bbb4087 2025-11-17 12:35:34)
SIM	1775924629	Harsh	harsh	AEB_IPG	0	36.403	0.00103049


SYSTEM_START	-	Harsh	Harsh	2026-04-11 21:55:57


SYSTEM_INFO	CarMaker 15.0 - Car_Generic #5	jetbrains@02480bbb4087 2025-11-17 12:42:15	(15.0 jetbrains@02480bbb4087 2025-11-17 12:35:34)
SIM	1775924758	Harsh	harsh	AEB_IPG	0	60.003	1.35834e-05


SYSTEM_START	-	Harsh	Harsh	2026-04-11 21:59:34


SYSTEM_INFO	CarMaker 15.0 - Car_Generic #5	jetbrains@02480bbb4087 2025-11-17 12:42:15	(15.0 jetbrains@02480bbb4087 2025-11-17 12:35:34)
SIM	1775924975	Harsh	harsh	AEB_IPG	0	60.003	0.00174316


SYSTEM_START	-	Harsh	Harsh	2026-04-11 22:27:10


SYSTEM_INFO	CarMaker 15.0 - Car_Generic #5	jetbrains@02480bbb4087 2025-11-17 12:42:15	(15.0 jetbrains@02480bbb4087 2025-11-17 12:35:34)
SIM	1775926631	Harsh	harsh	AEB_IPG	0	60.003	14.648


SYSTEM_START	-	Harsh	Harsh	2026-04-11 22:31:40


SYSTEM_INFO	CarMaker 15.0 - Car_Generic #5	jetbrains@02480bbb4087 2025-11-17 12:42:15	(15.0 jetbrains@02480bbb4087 2025-11-17 12:35:34)
SIM	1775926901	Harsh	harsh	AEB_IPG	0	33.36	86.7417


SYSTEM_START	-	Harsh	Harsh	2026-04-11 22:38:08


SYSTEM_INFO	CarMaker 15.0 - Car_Generic #5	jetbrains@02480bbb4087 2025-11-17 12:42:15	(15.0 jetbrains@02480bbb4087 2025-11-17 12:35:34)
SIM	1775927289	Harsh	harsh	AEB_IPG	0	44.94	52.5943


SYSTEM_START	-	Harsh	Harsh	2026-04-11 22:39:34


SYSTEM_INFO	CarMaker 15.0 - Car_Generic #5	jetbrains@02480bbb4087 2025-11-17 12:42:15	(15.0 jetbrains@02480bbb4087 2025-11-17 12:35:34)
SIM	1775927374	Harsh	harsh	AEB_IPG	0	14.18	94.5601


SYSTEM_START	-	Harsh	Harsh	2026-04-11 22:41:52


SYSTEM_INFO	CarMaker 15.0 - Car_Generic #5	jetbrains@02480bbb4087 2025-11-17 12:42:15	(15.0 jetbrains@02480bbb4087 2025-11-17 12:35:34)
SIM	1775927513	Harsh	harsh	AEB_IPG	0	14.216	94.5905


SYSTEM_START	-	Harsh	Harsh	2026-04-11 22:43:03


SYSTEM_INFO	CarMaker 15.0 - Car_Generic #5	jetbrains@02480bbb4087 2025-11-17 12:42:15	(15.0 jetbrains@02480bbb4087 2025-11-17 12:35:34)
SIM	1775927584	Harsh	harsh	AEB_IPG	0	60.003	41.1657


SYSTEM_START	-	Harsh	Harsh	2026-04-11 22:44:50


SYSTEM_INFO	CarMaker 15.0 - Car_Generic #5	jetbrains@02480bbb4087 2025-11-17 12:42:15	(15.0 jetbrains@02480bbb4087 2025-11-17 12:35:34)
SIM	1775927691	Harsh	harsh	AEB_IPG	0	26.58	9.75076


SYSTEM_START	-	Harsh	Harsh	2026-04-11 22:45:38


SYSTEM_INFO	CarMaker 15.0 - Car_Generic #5	jetbrains@02480bbb4087 2025-11-17 12:42:15	(15.0 jetbrains@02480bbb4087 2025-11-17 12:35:34)
SIM	1775927739	Harsh	harsh	AEB_IPG	0	20.28	18.1812


SYSTEM_START	-	Harsh	Harsh	2026-04-11 22:48:09


SYSTEM_INFO	CarMaker 15.0 - Car_Generic #5	jetbrains@02480bbb4087 2025-11-17 12:42:15	(15.0 jetbrains@02480bbb4087 2025-11-17 12:35:34)
SIM	1775927889	Harsh	harsh	AEB_IPG	0	52.946	89.5386


SYSTEM_START	-	Harsh	Harsh	2026-04-11 22:51:53


SYSTEM_INFO	CarMaker 15.0 - Car_Generic #5	jetbrains@02480bbb4087 2025-11-17 12:42:15	(15.0 jetbrains@02480bbb4087 2025-11-17 12:35:34)
SIM	1775928114	Harsh	harsh	AEB_IPG	0	35.02	89.1869


SYSTEM_START	-	Harsh	Harsh	2026-04-11 22:54:43


SYSTEM_INFO	CarMaker 15.0 - Car_Generic #5	jetbrains@02480bbb4087 2025-11-17 12:42:15	(15.0 jetbrains@02480bbb4087 2025-11-17 12:35:34)
SIM	1775928284	Harsh	harsh	AEB_IPG	0	23.78	88.485


SYSTEM_START	-	Harsh	Harsh	2026-04-11 22:58:09


SYSTEM_INFO	CarMaker 15.0 - Car_Generic #5	jetbrains@02480bbb4087 2025-11-17 12:42:15	(15.0 jetbrains@02480bbb4087 2025-11-17 12:35:34)
SIM	1775928490	Harsh	harsh	AEB_IPG	0	11.64	28.6249


SYSTEM_START	-	Harsh	Harsh	2026-04-11 22:59:49


SYSTEM_INFO	CarMaker 15.0 - Car_Generic #5	jetbrains@02480bbb4087 2025-11-17 12:42:15	(15.0 jetbrains@02480bbb4087 2025-11-17 12:35:34)
SIM	1775928590	Harsh	harsh	AEB_IPG	0	49.54	29.5189


SYSTEM_START	-	Harsh	Harsh	2026-04-11 23:00:54


SYSTEM_INFO	CarMaker 15.0 - Car_Generic #5	jetbrains@02480bbb4087 2025-11-17 12:42:15	(15.0 jetbrains@02480bbb4087 2025-11-17 12:35:34)
SIM	1775928655	Harsh	harsh	AEB_IPG	0	7.453	33.7596


SYSTEM_START	-	Harsh	Harsh	2026-04-11 23:02:22


SYSTEM_INFO	CarMaker 15.0 - Car_Generic #5	jetbrains@02480bbb4087 2025-11-17 12:42:15	(15.0 jetbrains@02480bbb4087 2025-11-17 12:35:34)
SIM	1775928742	Harsh	harsh	AEB_IPG	0	35.52	33.2291


SYSTEM_START	-	Harsh	Harsh	2026-04-11 23:03:35


SYSTEM_INFO	CarMaker 15.0 - Car_Generic #5	jetbrains@02480bbb4087 2025-11-17 12:42:15	(15.0 jetbrains@02480bbb4087 2025-11-17 12:35:34)
SIM	1775928816	Harsh	harsh	AEB_IPG	0	35.04	32.3458


SYSTEM_START	-	Harsh	Harsh	2026-04-11 23:04:21


SYSTEM_INFO	CarMaker 15.0 - Car_Generic #5	jetbrains@02480bbb4087 2025-11-17 12:42:15	(15.0 jetbrains@02480bbb4087 2025-11-17 12:35:34)
SIM	1775928862	Harsh	harsh	AEB_IPG	0	7.956	40.0104


SYSTEM_START	-	Harsh	Harsh	2026-04-11 23:06:44


SYSTEM_INFO	CarMaker 15.0 - Car_Generic #5	jetbrains@02480bbb4087 2025-11-17 12:42:15	(15.0 jetbrains@02480bbb4087 2025-11-17 12:35:34)
SIM	1775929005	Harsh	harsh	AEB_IPG	0	13.816	91.3822


SYSTEM_START	-	Harsh	Harsh	2026-04-11 23:07:44


SYSTEM_INFO	CarMaker 15.0 - Car_Generic #5	jetbrains@02480bbb4087 2025-11-17 12:42:15	(15.0 jetbrains@02480bbb4087 2025-11-17 12:35:34)
SIM	1775929065	Harsh	harsh	AEB_IPG	0	34.578	24.5535


SYSTEM_START	-	Harsh	Harsh	2026-04-11 23:09:43


SYSTEM_INFO	CarMaker 15.0 - Car_Generic #5	jetbrains@02480bbb4087 2025-11-17 12:42:15	(15.0 jetbrains@02480bbb4087 2025-11-17 12:35:34)
SIM	1775929184	Harsh	harsh	AEB_IPG	0	47.895	78.8798


SYSTEM_START	-	Harsh	Harsh	2026-04-11 23:18:01


SYSTEM_INFO	CarMaker 15.0 - Car_Generic #5	jetbrains@02480bbb4087 2025-11-17 12:42:15	(15.0 jetbrains@02480bbb4087 2025-11-17 12:35:34)
SIM	1775929682	Harsh	harsh	AEB_IPG	0	26.396	196.268


SYSTEM_START	-	Harsh	Harsh	2026-04-11 23:18:39


SYSTEM_INFO	CarMaker 15.0 - Car_Generic #5	jetbrains@02480bbb4087 2025-11-17 12:42:15	(15.0 jetbrains@02480bbb4087 2025-11-17 12:35:34)
SIM	1775929720	Harsh	harsh	AEB_IPG	0	60.003	480.457


SYSTEM_START	-	Harsh	Harsh	2026-04-11 23:20:22


SYSTEM_INFO	CarMaker 15.0 - Car_Generic #5	jetbrains@02480bbb4087 2025-11-17 12:42:15	(15.0 jetbrains@02480bbb4087 2025-11-17 12:35:34)
SIM	1775929823	Harsh	harsh	AEB_IPG	0	45.94	361.719


SYSTEM_START	-	Harsh	Harsh	2026-04-11 23:21:48


SYSTEM_INFO	CarMaker 15.0 - Car_Generic #5	jetbrains@02480bbb4087 2025-11-17 12:42:15	(15.0 jetbrains@02480bbb4087 2025-11-17 12:35:34)
SIM	1775929908	Harsh	harsh	AEB_IPG	0	6.786	29.6744


SYSTEM_START	-	Harsh	Harsh	2026-04-11 23:23:26


SYSTEM_INFO	CarMaker 15.0 - Car_Generic #5	jetbrains@02480bbb4087 2025-11-17 12:42:15	(15.0 jetbrains@02480bbb4087 2025-11-17 12:35:34)
SIM	1775930007	Harsh	harsh	AEB_IPG	0	7.525	35.9636


SYSTEM_START	-	Harsh	Harsh	2026-04-11 23:24:34


SYSTEM_INFO	CarMaker 15.0 - Car_Generic #5	jetbrains@02480bbb4087 2025-11-17 12:42:15	(15.0 jetbrains@02480bbb4087 2025-11-17 12:35:34)
SIM	1775930075	Harsh	harsh	AEB_IPG	0	7.525	35.9636


SYSTEM_START	-	Harsh	Harsh	2026-04-11 23:25:40


SYSTEM_INFO	CarMaker 15.0 - Car_Generic #5	jetbrains@02480bbb4087 2025-11-17 12:42:15	(15.0 jetbrains@02480bbb4087 2025-11-17 12:35:34)
SIM	1775930141	Harsh	harsh	AEB_IPG	0	7.525	35.9636


SYSTEM_START	-	Harsh	Harsh	2026-04-11 23:27:34


SYSTEM_INFO	CarMaker 15.0 - Car_Generic #5	jetbrains@02480bbb4087 2025-11-17 12:42:15	(15.0 jetbrains@02480bbb4087 2025-11-17 12:35:34)
SIM	1775930256	Harsh	harsh	AEB_IPG	0	7.525	35.9636


SYSTEM_START	-	Harsh	Harsh	2026-04-11 23:37:43


SYSTEM_INFO	CarMaker 15.0 - Car_Generic #5	jetbrains@02480bbb4087 2025-11-17 12:42:15	(15.0 jetbrains@02480bbb4087 2025-11-17 12:35:34)
SIM	1775930864	Harsh	harsh	AEB_IPG	0	60.003	33.8003


SYSTEM_START	-	Harsh	Harsh	2026-04-11 23:43:04


SYSTEM_INFO	CarMaker 15.0 - Car_Generic #5	jetbrains@02480bbb4087 2025-11-17 12:42:15	(15.0 jetbrains@02480bbb4087 2025-11-17 12:35:34)
SIM	1775931185	Harsh	harsh	AEB_IPG	0	7.525	35.9636


SYSTEM_START	-	Harsh	Harsh	2026-04-11 23:43:50


SYSTEM_INFO	CarMaker 15.0 - Car_Generic #5	jetbrains@02480bbb4087 2025-11-17 12:42:15	(15.0 jetbrains@02480bbb4087 2025-11-17 12:35:34)
SIM	1775931231	Harsh	harsh	AEB_IPG	0	7.525	35.9636


SYSTEM_START	-	Harsh	Harsh	2026-04-11 23:44:51


SYSTEM_INFO	CarMaker 15.0 - Car_Generic #5	jetbrains@02480bbb4087 2025-11-17 12:42:15	(15.0 jetbrains@02480bbb4087 2025-11-17 12:35:34)
SIM	1775931292	Harsh	harsh	AEB_IPG	0	19.64	27.8481


SYSTEM_START	-	Harsh	Harsh	2026-04-12 00:28:27


SYSTEM_INFO	CarMaker 15.0 - Car_Generic #5	jetbrains@02480bbb4087 2025-11-17 12:42:15	(15.0 jetbrains@02480bbb4087 2025-11-17 12:35:34)
SIM	1775933908	Harsh	harsh	AEB_IPG	0	7.525	35.9636


SYSTEM_START	-	Harsh	Harsh	2026-04-12 00:28:57


SYSTEM_INFO	CarMaker 15.0 - Car_Generic #5	jetbrains@02480bbb4087 2025-11-17 12:42:15	(15.0 jetbrains@02480bbb4087 2025-11-17 12:35:34)
SIM	1775933938	Harsh	harsh	AEB_IPG	0	13.837	28.1853


SYSTEM_START	-	Harsh	Harsh	2026-04-12 00:33:16


SYSTEM_INFO	CarMaker 15.0 - Car_Generic #5	jetbrains@02480bbb4087 2025-11-17 12:42:15	(15.0 jetbrains@02480bbb4087 2025-11-17 12:35:34)
SIM	1775934197	Harsh	harsh	AEB_IPG	0	8.26	42.2172


SYSTEM_START	-	Harsh	Harsh	2026-04-12 00:33:48


SYSTEM_INFO	CarMaker 15.0 - Car_Generic #5	jetbrains@02480bbb4087 2025-11-17 12:42:15	(15.0 jetbrains@02480bbb4087 2025-11-17 12:35:34)
SIM	1775934229	Harsh	harsh	AEB_IPG	0	8.26	42.2172


SYSTEM_START	-	Harsh	Harsh	2026-04-12 00:34:19


SYSTEM_INFO	CarMaker 15.0 - Car_Generic #5	jetbrains@02480bbb4087 2025-11-17 12:42:15	(15.0 jetbrains@02480bbb4087 2025-11-17 12:35:34)
SIM	1775934260	Harsh	harsh	AEB_IPG	0	8.26	42.2172


SYSTEM_START	-	Harsh	Harsh	2026-04-12 00:35:16


SYSTEM_INFO	CarMaker 15.0 - Car_Generic #5	jetbrains@02480bbb4087 2025-11-17 12:42:15	(15.0 jetbrains@02480bbb4087 2025-11-17 12:35:34)
SIM	1775934317	Harsh	harsh	AEB_IPG	0	7.525	35.9636


SYSTEM_START	-	Harsh	Harsh	2026-04-12 00:36:06


SYSTEM_INFO	CarMaker 15.0 - Car_Generic #5	jetbrains@02480bbb4087 2025-11-17 12:42:15	(15.0 jetbrains@02480bbb4087 2025-11-17 12:35:34)
SIM	1775934367	Harsh	harsh	AEB_IPG	0	7.525	35.9636


SYSTEM_START	-	Harsh	Harsh	2026-04-12 00:41:07


SYSTEM_INFO	CarMaker 15.0 - Car_Generic #5	jetbrains@02480bbb4087 2025-11-17 12:42:15	(15.0 jetbrains@02480bbb4087 2025-11-17 12:35:34)
SIM	1775934668	Harsh	harsh	Endurance_IPG	0	53.88	445.056


SYSTEM_START	-	Harsh	Harsh	2026-04-12 00:46:40


SYSTEM_INFO	CarMaker 15.0 - Car_Generic #5	jetbrains@02480bbb4087 2025-11-17 12:42:15	(15.0 jetbrains@02480bbb4087 2025-11-17 12:35:34)
SIM	1775935001	Harsh	harsh	Endurance_IPG	3	0	0


SYSTEM_START	-	Harsh	Harsh	2026-04-12 00:56:32


SYSTEM_INFO	CarMaker 15.0 - Car_Generic #5	jetbrains@02480bbb4087 2025-11-17 12:42:15	(15.0 jetbrains@02480bbb4087 2025-11-17 12:35:34)
SIM	1775935593	Harsh	harsh	Endurance_IPG	0	48.97	404.598


SYSTEM_START	-	Harsh	Harsh	2026-04-12 00:56:52


SYSTEM_INFO	CarMaker 15.0 - Car_Generic #5	jetbrains@02480bbb4087 2025-11-17 12:42:15	(15.0 jetbrains@02480bbb4087 2025-11-17 12:35:34)
SIM	1775935613	Harsh	harsh	Endurance_IPG	0	48.97	404.598


SYSTEM_START	-	Harsh	Harsh	2026-04-12 00:57:16


SYSTEM_INFO	CarMaker 15.0 - Car_Generic #5	jetbrains@02480bbb4087 2025-11-17 12:42:15	(15.0 jetbrains@02480bbb4087 2025-11-17 12:35:34)
SIM	1775935637	Harsh	harsh	Endurance_IPG	0	48.97	404.598


SYSTEM_START	-	Harsh	Harsh	2026-04-12 00:57:36


SYSTEM_INFO	CarMaker 15.0 - Car_Generic #5	jetbrains@02480bbb4087 2025-11-17 12:42:15	(15.0 jetbrains@02480bbb4087 2025-11-17 12:35:34)
SIM	1775935657	Harsh	harsh	Endurance_IPG	0	48.97	404.598


SYSTEM_START	-	Harsh	Harsh	2026-04-12 00:58:54


SYSTEM_INFO	CarMaker 15.0 - Car_Generic #5	jetbrains@02480bbb4087 2025-11-17 12:42:15	(15.0 jetbrains@02480bbb4087 2025-11-17 12:35:34)
SIM	1775935735	Harsh	harsh	Endurance_IPG	0	41.94	346.439


SYSTEM_START	-	Harsh	Harsh	2026-04-12 01:00:25


SYSTEM_INFO	CarMaker 15.0 - Car_Generic #5	jetbrains@02480bbb4087 2025-11-17 12:42:15	(15.0 jetbrains@02480bbb4087 2025-11-17 12:35:34)
SIM	1775935826	Harsh	harsh	Endurance_IPG	0	7.646	63.0178


SYSTEM_START	-	Harsh	Harsh	2026-04-12 01:00:42


SYSTEM_INFO	CarMaker 15.0 - Car_Generic #5	jetbrains@02480bbb4087 2025-11-17 12:42:15	(15.0 jetbrains@02480bbb4087 2025-11-17 12:35:34)
SIM	1775935843	Harsh	harsh	Endurance_IPG	0	7.646	63.0178


SYSTEM_START	-	Harsh	Harsh	2026-04-12 01:00:56


SYSTEM_INFO	CarMaker 15.0 - Car_Generic #5	jetbrains@02480bbb4087 2025-11-17 12:42:15	(15.0 jetbrains@02480bbb4087 2025-11-17 12:35:34)
SIM	1775935857	Harsh	harsh	Endurance_IPG	0	7.646	63.0178


SYSTEM_START	-	Harsh	Harsh	2026-04-12 01:01:48


SYSTEM_INFO	CarMaker 15.0 - Car_Generic #5	jetbrains@02480bbb4087 2025-11-17 12:42:15	(15.0 jetbrains@02480bbb4087 2025-11-17 12:35:34)
SIM	1775935909	Harsh	harsh	Endurance_IPG	3	0	0


SYSTEM_START	-	Harsh	Harsh	2026-04-12 01:02:33


SYSTEM_INFO	CarMaker 15.0 - Car_Generic #5	jetbrains@02480bbb4087 2025-11-17 12:42:15	(15.0 jetbrains@02480bbb4087 2025-11-17 12:35:34)
SIM	1775935954	Harsh	harsh	Endurance_IPG	0	7.646	63.0178


SYSTEM_START	-	Harsh	Harsh	2026-04-12 01:02:45


SYSTEM_INFO	CarMaker 15.0 - Car_Generic #5	jetbrains@02480bbb4087 2025-11-17 12:42:15	(15.0 jetbrains@02480bbb4087 2025-11-17 12:35:34)
SIM	1775935966	Harsh	harsh	Endurance_IPG	0	7.646	63.0178


SYSTEM_START	-	Harsh	Harsh	2026-04-12 01:02:58


SYSTEM_INFO	CarMaker 15.0 - Car_Generic #5	jetbrains@02480bbb4087 2025-11-17 12:42:15	(15.0 jetbrains@02480bbb4087 2025-11-17 12:35:34)
SIM	1775935979	Harsh	harsh	Endurance_IPG	0	7.646	63.0178


SYSTEM_START	-	Harsh	Harsh	2026-04-12 01:49:53


SYSTEM_INFO	CarMaker 15.0 - Car_Generic #5	jetbrains@02480bbb4087 2025-11-17 12:42:15	(15.0 jetbrains@02480bbb4087 2025-11-17 12:35:34)
SIM	1775938794	Harsh	harsh	Endurance_IPG	0	0	0


SYSTEM_START	-	Harsh	Harsh	2026-04-12 01:50:31


SYSTEM_INFO	CarMaker 15.0 - Car_Generic #5	jetbrains@02480bbb4087 2025-11-17 12:42:15	(15.0 jetbrains@02480bbb4087 2025-11-17 12:35:34)
SIM	1775938832	Harsh	harsh	Endurance_IPG	0	7.646	63.0178


SYSTEM_START	-	Harsh	Harsh	2026-04-12 01:51:04


SYSTEM_INFO	CarMaker 15.0 - Car_Generic #5	jetbrains@02480bbb4087 2025-11-17 12:42:15	(15.0 jetbrains@02480bbb4087 2025-11-17 12:35:34)
SIM	1775938865	Harsh	harsh	Endurance_IPG	0	19.68	58.8863


SYSTEM_START	-	Harsh	Harsh	2026-04-12 01:52:31


SYSTEM_INFO	CarMaker 15.0 - Car_Generic #5	jetbrains@02480bbb4087 2025-11-17 12:42:15	(15.0 jetbrains@02480bbb4087 2025-11-17 12:35:34)
SIM	1775938952	Harsh	harsh	Endurance_IPG	0	7.646	63.0178


SYSTEM_START	-	Harsh	Harsh	2026-04-12 01:52:59


SYSTEM_INFO	CarMaker 15.0 - Car_Generic #5	jetbrains@02480bbb4087 2025-11-17 12:42:15	(15.0 jetbrains@02480bbb4087 2025-11-17 12:35:34)
SIM	1775938980	Harsh	harsh	Endurance_IPG	0	7.646	63.0178


SYSTEM_START	-	Harsh	Harsh	2026-04-12 01:53:35


SYSTEM_INFO	CarMaker 15.0 - Car_Generic #5	jetbrains@02480bbb4087 2025-11-17 12:42:15	(15.0 jetbrains@02480bbb4087 2025-11-17 12:35:34)
SIM	1775939016	Harsh	harsh	Endurance_IPG	0	60.003	55.1463


SYSTEM_START	-	Harsh	Harsh	2026-04-12 02:21:56


SYSTEM_INFO	CarMaker 15.0 - Car_Generic #5	jetbrains@02480bbb4087 2025-11-17 12:42:15	(15.0 jetbrains@02480bbb4087 2025-11-17 12:35:34)
SIM	1775940717	Harsh	harsh	AEB_IPG	0	26.285	76.1505


SYSTEM_START	-	Harsh	Harsh	2026-04-12 02:23:49


SYSTEM_INFO	CarMaker 15.0 - Car_Generic #5	jetbrains@02480bbb4087 2025-11-17 12:42:15	(15.0 jetbrains@02480bbb4087 2025-11-17 12:35:34)
SIM	1775940829	Harsh	harsh	AEB_IPG	0	24.12	77.8496


SYSTEM_START	-	Harsh	Harsh	2026-04-12 11:16:09


SYSTEM_INFO	CarMaker 15.0 - Car_Generic #5	jetbrains@02480bbb4087 2025-11-17 12:42:15	(15.0 jetbrains@02480bbb4087 2025-11-17 12:35:34)
SIM	1775972770	Harsh	harsh	AEB_IPG	0	8.973	67.4137


SYSTEM_START	-	Harsh	Harsh	2026-04-12 11:19:51


SYSTEM_INFO	CarMaker 15.0 - Car_Generic #5	jetbrains@02480bbb4087 2025-11-17 12:42:15	(15.0 jetbrains@02480bbb4087 2025-11-17 12:35:34)
SIM	1775972992	Harsh	harsh	Endurance_IPG	0	7.824	65.1229


SYSTEM_START	-	Harsh	Harsh	2026-04-12 11:21:47


SYSTEM_INFO	CarMaker 15.0 - Car_Generic #5	jetbrains@02480bbb4087 2025-11-17 12:42:15	(15.0 jetbrains@02480bbb4087 2025-11-17 12:35:34)
SIM	1775973108	Harsh	harsh	Endurance_IPG	0	7.824	65.1229


SYSTEM_START	-	Harsh	Harsh	2026-04-12 11:26:53


SYSTEM_INFO	CarMaker 15.0 - Car_Generic #5	jetbrains@02480bbb4087 2025-11-17 12:42:15	(15.0 jetbrains@02480bbb4087 2025-11-17 12:35:34)
SIM	1775973414	Harsh	harsh	Endurance_IPG	0	7.824	65.1229


SYSTEM_START	-	Harsh	Harsh	2026-04-12 11:28:44


SYSTEM_INFO	CarMaker 15.0 - Car_Generic #5	jetbrains@02480bbb4087 2025-11-17 12:42:15	(15.0 jetbrains@02480bbb4087 2025-11-17 12:35:34)
SIM	1775973525	Harsh	harsh	Endurance_IPG	0	7.824	65.1229


SYSTEM_START	-	Harsh	Harsh	2026-04-12 11:29:40


SYSTEM_INFO	CarMaker 15.0 - Car_Generic #5	jetbrains@02480bbb4087 2025-11-17 12:42:15	(15.0 jetbrains@02480bbb4087 2025-11-17 12:35:34)
SIM	1775973580	Harsh	harsh	Endurance_IPG	0	8.699	65.1124


SYSTEM_START	-	Harsh	Harsh	2026-04-12 11:30:08


SYSTEM_INFO	CarMaker 15.0 - Car_Generic #5	jetbrains@02480bbb4087 2025-11-17 12:42:15	(15.0 jetbrains@02480bbb4087 2025-11-17 12:35:34)
SIM	1775973609	Harsh	harsh	Endurance_IPG	0	8.699	65.1124


SYSTEM_START	-	Harsh	Harsh	2026-04-12 11:30:32


SYSTEM_INFO	CarMaker 15.0 - Car_Generic #5	jetbrains@02480bbb4087 2025-11-17 12:42:15	(15.0 jetbrains@02480bbb4087 2025-11-17 12:35:34)
SIM	1775973633	Harsh	harsh	Endurance_IPG	0	21.963	65.1053


SYSTEM_START	-	Harsh	Harsh	2026-04-12 11:38:46


SYSTEM_INFO	CarMaker 15.0 - Car_Generic #5	jetbrains@02480bbb4087 2025-11-17 12:42:15	(15.0 jetbrains@02480bbb4087 2025-11-17 12:35:34)
SIM	1775974128	Harsh	harsh	Endurance_IPG	0	23.678	59.3193


SYSTEM_START	-	Harsh	Harsh	2026-04-12 11:40:33


SYSTEM_INFO	CarMaker 15.0 - Car_Generic #5	jetbrains@02480bbb4087 2025-11-17 12:42:15	(15.0 jetbrains@02480bbb4087 2025-11-17 12:35:34)
SIM	1775974234	Harsh	harsh	Endurance_IPG	0	45.58	56.6779


SYSTEM_START	-	Harsh	Harsh	2026-04-12 11:42:07


SYSTEM_INFO	CarMaker 15.0 - Car_Generic #5	jetbrains@02480bbb4087 2025-11-17 12:42:15	(15.0 jetbrains@02480bbb4087 2025-11-17 12:35:34)
SIM	1775974328	Harsh	harsh	Endurance_IPG	0	43.499	62.1353


SYSTEM_START	-	Harsh	Harsh	2026-04-12 11:43:14


SYSTEM_INFO	CarMaker 15.0 - Car_Generic #5	jetbrains@02480bbb4087 2025-11-17 12:42:15	(15.0 jetbrains@02480bbb4087 2025-11-17 12:35:34)
SIM	1775974395	Harsh	harsh	Endurance_IPG	0	16.88	64.6677


SYSTEM_START	-	Harsh	Harsh	2026-04-12 11:44:38


SYSTEM_INFO	CarMaker 15.0 - Car_Generic #5	jetbrains@02480bbb4087 2025-11-17 12:42:15	(15.0 jetbrains@02480bbb4087 2025-11-17 12:35:34)
SIM	1775974478	Harsh	harsh	Endurance_IPG	0	60.003	59.593


SYSTEM_START	-	Harsh	Harsh	2026-04-12 11:48:21


SYSTEM_INFO	CarMaker 15.0 - Car_Generic #5	jetbrains@02480bbb4087 2025-11-17 12:42:15	(15.0 jetbrains@02480bbb4087 2025-11-17 12:35:34)
SIM	1775974701	Harsh	harsh	Endurance_IPG	0	24.8	56.8795


SYSTEM_START	-	Harsh	Harsh	2026-04-12 12:24:58


SYSTEM_INFO	CarMaker 15.0 - Car_Generic #5	jetbrains@02480bbb4087 2025-11-17 12:42:15	(15.0 jetbrains@02480bbb4087 2025-11-17 12:35:34)
SIM	1775976902	Harsh	harsh	AEB_IPG	0	6.981	33.7982


SYSTEM_START	-	Harsh	Harsh	2026-04-12 12:26:00


SYSTEM_INFO	CarMaker 15.0 - Car_Generic #5	jetbrains@02480bbb4087 2025-11-17 12:42:15	(15.0 jetbrains@02480bbb4087 2025-11-17 12:35:34)
SIM	1775976961	Harsh	harsh	AEB_IPG	0	6.981	33.7982


SYSTEM_START	-	Harsh	Harsh	2026-04-12 12:26:26


SYSTEM_INFO	CarMaker 15.0 - Car_Generic #5	jetbrains@02480bbb4087 2025-11-17 12:42:15	(15.0 jetbrains@02480bbb4087 2025-11-17 12:35:34)
SIM	1775976987	Harsh	harsh	AEB_IPG	1	0.063	2.93163e-06


SYSTEM_START	-	Harsh	Harsh	2026-04-12 12:26:58


SYSTEM_INFO	CarMaker 15.0 - Car_Generic #5	jetbrains@02480bbb4087 2025-11-17 12:42:15	(15.0 jetbrains@02480bbb4087 2025-11-17 12:35:34)
SIM	1775977019	Harsh	harsh	AEB_IPG	0	6.981	33.7982


SYSTEM_START	-	Harsh	Harsh	2026-04-12 12:36:37


SYSTEM_INFO	CarMaker 15.0 - Car_Generic #5	jetbrains@02480bbb4087 2025-11-17 12:42:15	(15.0 jetbrains@02480bbb4087 2025-11-17 12:35:34)
SIM	1775977598	Harsh	harsh	AEB_IPG	0	16.86	61.4999


SYSTEM_START	-	Harsh	Harsh	2026-04-12 12:38:03


SYSTEM_INFO	CarMaker 15.0 - Car_Generic #5	jetbrains@02480bbb4087 2025-11-17 12:42:15	(15.0 jetbrains@02480bbb4087 2025-11-17 12:35:34)
SIM	1775977684	Harsh	harsh	AEB_IPG	0	18.36	37.6269


SYSTEM_START	-	Harsh	Harsh	2026-04-12 12:39:26


SYSTEM_INFO	CarMaker 15.0 - Car_Generic #5	jetbrains@02480bbb4087 2025-11-17 12:42:15	(15.0 jetbrains@02480bbb4087 2025-11-17 12:35:34)
SIM	1775977767	Harsh	harsh	AEB_IPG	0	36.8	36.0205


SYSTEM_START	-	Harsh	Harsh	2026-04-12 14:30:58


SYSTEM_INFO	CarMaker 15.0 - Car_Generic #5	jetbrains@02480bbb4087 2025-11-17 12:42:15	(15.0 jetbrains@02480bbb4087 2025-11-17 12:35:34)
SIM	1775984460	Harsh	harsh	AEB_IPG	0	12.703	0.00120697


SYSTEM_START	-	Harsh	Harsh	2026-04-12 14:31:49


SYSTEM_INFO	CarMaker 15.0 - Car_Generic #5	jetbrains@02480bbb4087 2025-11-17 12:42:15	(15.0 jetbrains@02480bbb4087 2025-11-17 12:35:34)
SIM	1775984510	Harsh	harsh	AEB_IPG	0	60.003	33.8227


SYSTEM_START	-	Harsh	Harsh	2026-04-12 15:12:40


SYSTEM_INFO	CarMaker 15.0 - Car_Generic #5	jetbrains@02480bbb4087 2025-11-17 12:42:15	(15.0 jetbrains@02480bbb4087 2025-11-17 12:35:34)
SIM	1775986962	Harsh	harsh	AEB_IPG	0	0.02	7.20089e-05


SYSTEM_START	-	Harsh	Harsh	2026-04-12 15:18:39


SYSTEM_INFO	CarMaker 15.0 - Car_Generic #5	jetbrains@02480bbb4087 2025-11-17 12:42:15	(15.0 jetbrains@02480bbb4087 2025-11-17 12:35:34)
SIM	1775987320	Harsh	harsh	AEB_IPG	0	0.214	0.0477681


SYSTEM_START	-	Harsh	Harsh	2026-04-12 15:40:47


SYSTEM_INFO	CarMaker 15.0 - Car_Generic #5	jetbrains@02480bbb4087 2025-11-17 12:42:15	(15.0 jetbrains@02480bbb4087 2025-11-17 12:35:34)
SIM	1775988648	Harsh	harsh	AEB_IPG	0	0.067	0.00275422


SYSTEM_START	-	Harsh	Harsh	2026-04-12 15:41:36


SYSTEM_INFO	CarMaker 15.0 - Car_Generic #5	jetbrains@02480bbb4087 2025-11-17 12:42:15	(15.0 jetbrains@02480bbb4087 2025-11-17 12:35:34)
SIM	1775988697	Harsh	harsh	AEB_IPG	0	0.058	0.00187293


SYSTEM_START	-	Harsh	Harsh	2026-04-12 15:45:09


SYSTEM_INFO	CarMaker 15.0 - Car_Generic #5	jetbrains@02480bbb4087 2025-11-17 12:42:15	(15.0 jetbrains@02480bbb4087 2025-11-17 12:35:34)
SIM	1775988910	Harsh	harsh	AEB_IPG	2	0	0


SYSTEM_START	-	Harsh	Harsh	2026-04-12 15:45:54


SYSTEM_INFO	CarMaker 15.0 - Car_Generic #5	jetbrains@02480bbb4087 2025-11-17 12:42:15	(15.0 jetbrains@02480bbb4087 2025-11-17 12:35:34)
SIM	1775988956	Harsh	harsh	AEB_IPG	1	0.06	0.00205247


SYSTEM_START	-	Harsh	Harsh	2026-04-12 18:15:16


SYSTEM_INFO	CarMaker 15.0 - Car_Generic #5	jetbrains@02480bbb4087 2025-11-17 12:42:15	(15.0 jetbrains@02480bbb4087 2025-11-17 12:35:34)
SIM	1775997917	Harsh	harsh	AEB_IPG	1	0.06	0.00205247


SYSTEM_START	-	Harsh	Harsh	2026-04-12 18:33:23


SYSTEM_INFO	CarMaker 15.0 - Car_Generic #5	jetbrains@02480bbb4087 2025-11-17 12:42:15	(15.0 jetbrains@02480bbb4087 2025-11-17 12:35:34)
SIM	1775999005	Harsh	harsh	AEB_IPG	1	0.06	0.00205247


SYSTEM_START	-	Harsh	Harsh	2026-04-12 18:38:02


SYSTEM_INFO	CarMaker 15.0 - Car_Generic #5	jetbrains@02480bbb4087 2025-11-17 12:42:15	(15.0 jetbrains@02480bbb4087 2025-11-17 12:35:34)
SIM	1775999283	Harsh	harsh	AEB_IPG	1	0.063	0.00205247


SYSTEM_START	-	Harsh	Harsh	2026-04-12 18:40:36


SYSTEM_INFO	CarMaker 15.0 - Car_Generic #5	jetbrains@02480bbb4087 2025-11-17 12:42:15	(15.0 jetbrains@02480bbb4087 2025-11-17 12:35:34)
SIM	1775999437	Harsh	harsh	AEB_IPG	1	0.06	0.00205247


SYSTEM_START	-	Harsh	Harsh	2026-04-12 19:15:49


SYSTEM_INFO	CarMaker 15.0 - Car_Generic #5	jetbrains@02480bbb4087 2025-11-17 12:42:15	(15.0 jetbrains@02480bbb4087 2025-11-17 12:35:34)
SIM	1776001550	Harsh	harsh	AEB_IPG	1	0.063	0.00205247


SYSTEM_START	-	Harsh	Harsh	2026-04-12 19:17:13


SYSTEM_INFO	CarMaker 15.0 - Car_Generic #5	jetbrains@02480bbb4087 2025-11-17 12:42:15	(15.0 jetbrains@02480bbb4087 2025-11-17 12:35:34)
SIM	1776001635	Harsh	harsh	AEB_IPG	0	20.018	35.6689


SYSTEM_START	-	Harsh	Harsh	2026-04-12 19:17:53


SYSTEM_INFO	CarMaker 15.0 - Car_Generic #5	jetbrains@02480bbb4087 2025-11-17 12:42:15	(15.0 jetbrains@02480bbb4087 2025-11-17 12:35:34)
SIM	1776001674	Harsh	harsh	AEB_IPG	0	35.138	23.7408


SYSTEM_START	-	Harsh	Harsh	2026-04-12 19:18:51


SYSTEM_INFO	CarMaker 15.0 - Car_Generic #5	jetbrains@02480bbb4087 2025-11-17 12:42:15	(15.0 jetbrains@02480bbb4087 2025-11-17 12:35:34)
SIM	1776001732	Harsh	harsh	AEB_IPG	0	32.466	33.8036


SYSTEM_START	-	Harsh	Harsh	2026-04-12 19:19:44


SYSTEM_INFO	CarMaker 15.0 - Car_Generic #5	jetbrains@02480bbb4087 2025-11-17 12:42:15	(15.0 jetbrains@02480bbb4087 2025-11-17 12:35:34)
SIM	1776001785	Harsh	harsh	AEB_IPG	0	11.726	33.8027


SYSTEM_START	-	Harsh	Harsh	2026-04-12 19:20:08


SYSTEM_INFO	CarMaker 15.0 - Car_Generic #5	jetbrains@02480bbb4087 2025-11-17 12:42:15	(15.0 jetbrains@02480bbb4087 2025-11-17 12:35:34)
SIM	1776001809	Harsh	harsh	AEB_IPG	0	11.28	26.6696


SYSTEM_START	-	Harsh	Harsh	2026-04-12 19:38:07


SYSTEM_INFO	CarMaker 15.0 - Car_Generic #5	jetbrains@02480bbb4087 2025-11-17 12:42:15	(15.0 jetbrains@02480bbb4087 2025-11-17 12:35:34)
SIM	1776002888	Harsh	harsh	AEB_IPG	0	60.003	29.3571
